<?xml version="1.0" encoding="utf-8"?>
<test-run id="2" testcasecount="266" result="Failed(Child)" total="266" passed="263" failed="3" inconclusive="0" skipped="0" asserts="0" engine-version="3.5.0.0" clr-version="4.0.30319.42000" start-time="2025-10-01 07:19:19Z" end-time="2025-10-01 07:19:19Z" duration="0.7107904">
  <test-suite type="TestSuite" id="1000" name="LogSmith" fullname="LogSmith" runstate="Runnable" testcasecount="266" result="Failed" site="Child" start-time="2025-10-01 07:19:19Z" end-time="2025-10-01 07:19:19Z" duration="0.710790" total="266" passed="263" failed="3" inconclusive="0" skipped="0" asserts="0">
    <properties>
      <property name="platform" value="EditMode" />
    </properties>
    <failure>
      <message><![CDATA[One or more child tests had errors]]></message>
    </failure>
    <test-suite type="Assembly" id="1282" name="IrsikSoftware.LogSmith.Tests.dll" fullname="c:/Code/LogSmith/Library/ScriptAssemblies/IrsikSoftware.LogSmith.Tests.dll" runstate="Runnable" testcasecount="266" result="Failed" site="Child" start-time="2025-10-01 07:19:19Z" end-time="2025-10-01 07:19:19Z" duration="0.700946" total="266" passed="263" failed="3" inconclusive="0" skipped="0" asserts="0">
      <properties>
        <property name="_PID" value="10916" />
        <property name="_APPDOMAIN" value="Unity Child Domain" />
        <property name="platform" value="EditMode" />
        <property name="EditorOnly" value="True" />
      </properties>
      <failure>
        <message><![CDATA[One or more child tests had errors]]></message>
      </failure>
      <test-suite type="TestSuite" id="1283" name="IrsikSoftware" fullname="IrsikSoftware" runstate="Runnable" testcasecount="266" result="Failed" site="Child" start-time="2025-10-01 07:19:19Z" end-time="2025-10-01 07:19:19Z" duration="0.697680" total="266" passed="263" failed="3" inconclusive="0" skipped="0" asserts="0">
        <properties />
        <failure>
          <message><![CDATA[One or more child tests had errors]]></message>
        </failure>
        <test-suite type="TestSuite" id="1284" name="LogSmith" fullname="IrsikSoftware.LogSmith" runstate="Runnable" testcasecount="266" result="Failed" site="Child" start-time="2025-10-01 07:19:19Z" end-time="2025-10-01 07:19:19Z" duration="0.694559" total="266" passed="263" failed="3" inconclusive="0" skipped="0" asserts="0">
          <properties />
          <failure>
            <message><![CDATA[One or more child tests had errors]]></message>
          </failure>
          <test-suite type="TestSuite" id="1285" name="Tests" fullname="IrsikSoftware.LogSmith.Tests" runstate="Runnable" testcasecount="266" result="Failed" site="Child" start-time="2025-10-01 07:19:19Z" end-time="2025-10-01 07:19:19Z" duration="0.691230" total="266" passed="263" failed="3" inconclusive="0" skipped="0" asserts="0">
            <properties />
            <failure>
              <message><![CDATA[One or more child tests had errors]]></message>
            </failure>
            <test-suite type="TestFixture" id="1001" name="CategoryRegistryTests" fullname="IrsikSoftware.LogSmith.Tests.CategoryRegistryTests" classname="IrsikSoftware.LogSmith.Tests.CategoryRegistryTests" runstate="Runnable" testcasecount="17" result="Passed" start-time="2025-10-01 07:19:19Z" end-time="2025-10-01 07:19:19Z" duration="0.120773" total="17" passed="17" failed="0" inconclusive="0" skipped="0" asserts="0">
              <properties />
              <test-case id="1015" name="GetCategories_ReturnsAllRegisteredCategories" fullname="IrsikSoftware.LogSmith.Tests.CategoryRegistryTests.GetCategories_ReturnsAllRegisteredCategories" methodname="GetCategories_ReturnsAllRegisteredCategories" classname="IrsikSoftware.LogSmith.Tests.CategoryRegistryTests" runstate="Runnable" seed="181175723" result="Passed" start-time="2025-10-01 07:19:19Z" end-time="2025-10-01 07:19:19Z" duration="0.016250" asserts="0">
                <properties>
                  <property name="retryIteration" value="0" />
                  <property name="repeatIteration" value="0" />
                </properties>
              </test-case>
              <test-case id="1012" name="GetColor_ReturnsDefaultForUnregisteredCategory" fullname="IrsikSoftware.LogSmith.Tests.CategoryRegistryTests.GetColor_ReturnsDefaultForUnregisteredCategory" methodname="GetColor_ReturnsDefaultForUnregisteredCategory" classname="IrsikSoftware.LogSmith.Tests.CategoryRegistryTests" runstate="Runnable" seed="1591395799" result="Passed" start-time="2025-10-01 07:19:19Z" end-time="2025-10-01 07:19:19Z" duration="0.001864" asserts="0">
                <properties>
                  <property name="retryIteration" value="0" />
                  <property name="repeatIteration" value="0" />
                </properties>
              </test-case>
              <test-case id="1013" name="GetMetadata_ReturnsCompleteMetadata" fullname="IrsikSoftware.LogSmith.Tests.CategoryRegistryTests.GetMetadata_ReturnsCompleteMetadata" methodname="GetMetadata_ReturnsCompleteMetadata" classname="IrsikSoftware.LogSmith.Tests.CategoryRegistryTests" runstate="Runnable" seed="1896724123" result="Passed" start-time="2025-10-01 07:19:19Z" end-time="2025-10-01 07:19:19Z" duration="0.000809" asserts="0">
                <properties>
                  <property name="retryIteration" value="0" />
                  <property name="repeatIteration" value="0" />
                </properties>
              </test-case>
              <test-case id="1014" name="GetMetadata_ReturnsDefaultForUnregisteredCategory" fullname="IrsikSoftware.LogSmith.Tests.CategoryRegistryTests.GetMetadata_ReturnsDefaultForUnregisteredCategory" methodname="GetMetadata_ReturnsDefaultForUnregisteredCategory" classname="IrsikSoftware.LogSmith.Tests.CategoryRegistryTests" runstate="Runnable" seed="1397095975" result="Passed" start-time="2025-10-01 07:19:19Z" end-time="2025-10-01 07:19:19Z" duration="0.000329" asserts="0">
                <properties>
                  <property name="retryIteration" value="0" />
                  <property name="repeatIteration" value="0" />
                </properties>
              </test-case>
              <test-case id="1008" name="GetMinimumLevel_ReturnsDefaultForUnregisteredCategory" fullname="IrsikSoftware.LogSmith.Tests.CategoryRegistryTests.GetMinimumLevel_ReturnsDefaultForUnregisteredCategory" methodname="GetMinimumLevel_ReturnsDefaultForUnregisteredCategory" classname="IrsikSoftware.LogSmith.Tests.CategoryRegistryTests" runstate="Runnable" seed="690117240" result="Passed" start-time="2025-10-01 07:19:19Z" end-time="2025-10-01 07:19:19Z" duration="0.000248" asserts="0">
                <properties>
                  <property name="retryIteration" value="0" />
                  <property name="repeatIteration" value="0" />
                </properties>
              </test-case>
              <test-case id="1016" name="HasCategory_ReturnsFalseForNullOrEmpty" fullname="IrsikSoftware.LogSmith.Tests.CategoryRegistryTests.HasCategory_ReturnsFalseForNullOrEmpty" methodname="HasCategory_ReturnsFalseForNullOrEmpty" classname="IrsikSoftware.LogSmith.Tests.CategoryRegistryTests" runstate="Runnable" seed="906582695" result="Passed" start-time="2025-10-01 07:19:19Z" end-time="2025-10-01 07:19:19Z" duration="0.000225" asserts="0">
                <properties>
                  <property name="retryIteration" value="0" />
                  <property name="repeatIteration" value="0" />
                </properties>
              </test-case>
              <test-case id="1010" name="IsEnabled_ReturnsTrueForUnregisteredCategory" fullname="IrsikSoftware.LogSmith.Tests.CategoryRegistryTests.IsEnabled_ReturnsTrueForUnregisteredCategory" methodname="IsEnabled_ReturnsTrueForUnregisteredCategory" classname="IrsikSoftware.LogSmith.Tests.CategoryRegistryTests" runstate="Runnable" seed="824460621" result="Passed" start-time="2025-10-01 07:19:19Z" end-time="2025-10-01 07:19:19Z" duration="0.000216" asserts="0">
                <properties>
                  <property name="retryIteration" value="0" />
                  <property name="repeatIteration" value="0" />
                </properties>
              </test-case>
              <test-case id="1002" name="RegisterCategory_SimpleOverload_RegistersWithDefaultSettings" fullname="IrsikSoftware.LogSmith.Tests.CategoryRegistryTests.RegisterCategory_SimpleOverload_RegistersWithDefaultSettings" methodname="RegisterCategory_SimpleOverload_RegistersWithDefaultSettings" classname="IrsikSoftware.LogSmith.Tests.CategoryRegistryTests" runstate="Runnable" seed="1069928180" result="Passed" start-time="2025-10-01 07:19:19Z" end-time="2025-10-01 07:19:19Z" duration="0.000199" asserts="0">
                <properties>
                  <property name="retryIteration" value="0" />
                  <property name="repeatIteration" value="0" />
                </properties>
              </test-case>
              <test-case id="1017" name="RegisterCategory_ThrowsForNullOrEmpty" fullname="IrsikSoftware.LogSmith.Tests.CategoryRegistryTests.RegisterCategory_ThrowsForNullOrEmpty" methodname="RegisterCategory_ThrowsForNullOrEmpty" classname="IrsikSoftware.LogSmith.Tests.CategoryRegistryTests" runstate="Runnable" seed="892430277" result="Passed" start-time="2025-10-01 07:19:19Z" end-time="2025-10-01 07:19:19Z" duration="0.002324" asserts="0">
                <properties>
                  <property name="retryIteration" value="0" />
                  <property name="repeatIteration" value="0" />
                </properties>
              </test-case>
              <test-case id="1003" name="RegisterCategory_WithMetadata_RegistersAllProperties" fullname="IrsikSoftware.LogSmith.Tests.CategoryRegistryTests.RegisterCategory_WithMetadata_RegistersAllProperties" methodname="RegisterCategory_WithMetadata_RegistersAllProperties" classname="IrsikSoftware.LogSmith.Tests.CategoryRegistryTests" runstate="Runnable" seed="1441996300" result="Passed" start-time="2025-10-01 07:19:19Z" end-time="2025-10-01 07:19:19Z" duration="0.000287" asserts="0">
                <properties>
                  <property name="retryIteration" value="0" />
                  <property name="repeatIteration" value="0" />
                </properties>
              </test-case>
              <test-case id="1005" name="RenameCategory_PreservesMetadata" fullname="IrsikSoftware.LogSmith.Tests.CategoryRegistryTests.RenameCategory_PreservesMetadata" methodname="RenameCategory_PreservesMetadata" classname="IrsikSoftware.LogSmith.Tests.CategoryRegistryTests" runstate="Runnable" seed="2087607193" result="Passed" start-time="2025-10-01 07:19:19Z" end-time="2025-10-01 07:19:19Z" duration="0.000679" asserts="0">
                <properties>
                  <property name="retryIteration" value="0" />
                  <property name="repeatIteration" value="0" />
                </properties>
              </test-case>
              <test-case id="1011" name="SetColor_UpdatesColor" fullname="IrsikSoftware.LogSmith.Tests.CategoryRegistryTests.SetColor_UpdatesColor" methodname="SetColor_UpdatesColor" classname="IrsikSoftware.LogSmith.Tests.CategoryRegistryTests" runstate="Runnable" seed="1170621352" result="Passed" start-time="2025-10-01 07:19:19Z" end-time="2025-10-01 07:19:19Z" duration="0.000325" asserts="0">
                <properties>
                  <property name="retryIteration" value="0" />
                  <property name="repeatIteration" value="0" />
                </properties>
              </test-case>
              <test-case id="1009" name="SetEnabled_UpdatesEnabledState" fullname="IrsikSoftware.LogSmith.Tests.CategoryRegistryTests.SetEnabled_UpdatesEnabledState" methodname="SetEnabled_UpdatesEnabledState" classname="IrsikSoftware.LogSmith.Tests.CategoryRegistryTests" runstate="Runnable" seed="1927424789" result="Passed" start-time="2025-10-01 07:19:19Z" end-time="2025-10-01 07:19:19Z" duration="0.000272" asserts="0">
                <properties>
                  <property name="retryIteration" value="0" />
                  <property name="repeatIteration" value="0" />
                </properties>
              </test-case>
              <test-case id="1007" name="SetMinimumLevel_AutoRegistersNewCategory" fullname="IrsikSoftware.LogSmith.Tests.CategoryRegistryTests.SetMinimumLevel_AutoRegistersNewCategory" methodname="SetMinimumLevel_AutoRegistersNewCategory" classname="IrsikSoftware.LogSmith.Tests.CategoryRegistryTests" runstate="Runnable" seed="1707040406" result="Passed" start-time="2025-10-01 07:19:19Z" end-time="2025-10-01 07:19:19Z" duration="0.000271" asserts="0">
                <properties>
                  <property name="retryIteration" value="0" />
                  <property name="repeatIteration" value="0" />
                </properties>
              </test-case>
              <test-case id="1006" name="SetMinimumLevel_UpdatesExistingCategory" fullname="IrsikSoftware.LogSmith.Tests.CategoryRegistryTests.SetMinimumLevel_UpdatesExistingCategory" methodname="SetMinimumLevel_UpdatesExistingCategory" classname="IrsikSoftware.LogSmith.Tests.CategoryRegistryTests" runstate="Runnable" seed="594641814" result="Passed" start-time="2025-10-01 07:19:19Z" end-time="2025-10-01 07:19:19Z" duration="0.000140" asserts="0">
                <properties>
                  <property name="retryIteration" value="0" />
                  <property name="repeatIteration" value="0" />
                </properties>
              </test-case>
              <test-case id="1018" name="ThreadSafety_ConcurrentAccess_DoesNotThrow" fullname="IrsikSoftware.LogSmith.Tests.CategoryRegistryTests.ThreadSafety_ConcurrentAccess_DoesNotThrow" methodname="ThreadSafety_ConcurrentAccess_DoesNotThrow" classname="IrsikSoftware.LogSmith.Tests.CategoryRegistryTests" runstate="Runnable" seed="1080307966" result="Passed" start-time="2025-10-01 07:19:19Z" end-time="2025-10-01 07:19:19Z" duration="0.077324" asserts="0">
                <properties>
                  <property name="retryIteration" value="0" />
                  <property name="repeatIteration" value="0" />
                </properties>
              </test-case>
              <test-case id="1004" name="UnregisterCategory_RemovesCategory" fullname="IrsikSoftware.LogSmith.Tests.CategoryRegistryTests.UnregisterCategory_RemovesCategory" methodname="UnregisterCategory_RemovesCategory" classname="IrsikSoftware.LogSmith.Tests.CategoryRegistryTests" runstate="Runnable" seed="68287434" result="Passed" start-time="2025-10-01 07:19:19Z" end-time="2025-10-01 07:19:19Z" duration="0.000334" asserts="0">
                <properties>
                  <property name="retryIteration" value="0" />
                  <property name="repeatIteration" value="0" />
                </properties>
              </test-case>
            </test-suite>
            <test-suite type="TestFixture" id="1019" name="LogRouterCategoryIntegrationTests" fullname="IrsikSoftware.LogSmith.Tests.LogRouterCategoryIntegrationTests" classname="IrsikSoftware.LogSmith.Tests.LogRouterCategoryIntegrationTests" runstate="Runnable" testcasecount="9" result="Passed" start-time="2025-10-01 07:19:19Z" end-time="2025-10-01 07:19:19Z" duration="0.007978" total="9" passed="9" failed="0" inconclusive="0" skipped="0" asserts="0">
              <properties />
              <test-case id="1023" name="Route_CategoryFilterTakesPrecedenceOverRegistry" fullname="IrsikSoftware.LogSmith.Tests.LogRouterCategoryIntegrationTests.Route_CategoryFilterTakesPrecedenceOverRegistry" methodname="Route_CategoryFilterTakesPrecedenceOverRegistry" classname="IrsikSoftware.LogSmith.Tests.LogRouterCategoryIntegrationTests" runstate="Runnable" seed="2007892769" result="Passed" start-time="2025-10-01 07:19:19Z" end-time="2025-10-01 07:19:19Z" duration="0.003377" asserts="0">
                <properties>
                  <property name="retryIteration" value="0" />
                  <property name="repeatIteration" value="0" />
                </properties>
              </test-case>
              <test-case id="1020" name="Route_DisabledCategory_FiltersOutMessage" fullname="IrsikSoftware.LogSmith.Tests.LogRouterCategoryIntegrationTests.Route_DisabledCategory_FiltersOutMessage" methodname="Route_DisabledCategory_FiltersOutMessage" classname="IrsikSoftware.LogSmith.Tests.LogRouterCategoryIntegrationTests" runstate="Runnable" seed="462385098" result="Passed" start-time="2025-10-01 07:19:19Z" end-time="2025-10-01 07:19:19Z" duration="0.000261" asserts="0">
                <properties>
                  <property name="retryIteration" value="0" />
                  <property name="repeatIteration" value="0" />
                </properties>
              </test-case>
              <test-case id="1026" name="Route_DynamicallyChangeMinimumLevel_FiltersAccordingly" fullname="IrsikSoftware.LogSmith.Tests.LogRouterCategoryIntegrationTests.Route_DynamicallyChangeMinimumLevel_FiltersAccordingly" methodname="Route_DynamicallyChangeMinimumLevel_FiltersAccordingly" classname="IrsikSoftware.LogSmith.Tests.LogRouterCategoryIntegrationTests" runstate="Runnable" seed="179376748" result="Passed" start-time="2025-10-01 07:19:19Z" end-time="2025-10-01 07:19:19Z" duration="0.000357" asserts="0">
                <properties>
                  <property name="retryIteration" value="0" />
                  <property name="repeatIteration" value="0" />
                </properties>
              </test-case>
              <test-case id="1025" name="Route_DynamicallyDisableCategory_FiltersSubsequentMessages" fullname="IrsikSoftware.LogSmith.Tests.LogRouterCategoryIntegrationTests.Route_DynamicallyDisableCategory_FiltersSubsequentMessages" methodname="Route_DynamicallyDisableCategory_FiltersSubsequentMessages" classname="IrsikSoftware.LogSmith.Tests.LogRouterCategoryIntegrationTests" runstate="Runnable" seed="1342604949" result="Passed" start-time="2025-10-01 07:19:19Z" end-time="2025-10-01 07:19:19Z" duration="0.000274" asserts="0">
                <properties>
                  <property name="retryIteration" value="0" />
                  <property name="repeatIteration" value="0" />
                </properties>
              </test-case>
              <test-case id="1021" name="Route_EnabledCategory_AllowsMessage" fullname="IrsikSoftware.LogSmith.Tests.LogRouterCategoryIntegrationTests.Route_EnabledCategory_AllowsMessage" methodname="Route_EnabledCategory_AllowsMessage" classname="IrsikSoftware.LogSmith.Tests.LogRouterCategoryIntegrationTests" runstate="Runnable" seed="1038200628" result="Passed" start-time="2025-10-01 07:19:19Z" end-time="2025-10-01 07:19:19Z" duration="0.000221" asserts="0">
                <properties>
                  <property name="retryIteration" value="0" />
                  <property name="repeatIteration" value="0" />
                </properties>
              </test-case>
              <test-case id="1027" name="Route_EnabledStateCheckHappensFirmst_BeforeMinimumLevel" fullname="IrsikSoftware.LogSmith.Tests.LogRouterCategoryIntegrationTests.Route_EnabledStateCheckHappensFirmst_BeforeMinimumLevel" methodname="Route_EnabledStateCheckHappensFirmst_BeforeMinimumLevel" classname="IrsikSoftware.LogSmith.Tests.LogRouterCategoryIntegrationTests" runstate="Runnable" seed="1901908875" result="Passed" start-time="2025-10-01 07:19:19Z" end-time="2025-10-01 07:19:19Z" duration="0.000207" asserts="0">
                <properties>
                  <property name="retryIteration" value="0" />
                  <property name="repeatIteration" value="0" />
                </properties>
              </test-case>
              <test-case id="1022" name="Route_RespectsRegistryMinimumLevel" fullname="IrsikSoftware.LogSmith.Tests.LogRouterCategoryIntegrationTests.Route_RespectsRegistryMinimumLevel" methodname="Route_RespectsRegistryMinimumLevel" classname="IrsikSoftware.LogSmith.Tests.LogRouterCategoryIntegrationTests" runstate="Runnable" seed="241646303" result="Passed" start-time="2025-10-01 07:19:19Z" end-time="2025-10-01 07:19:19Z" duration="0.000257" asserts="0">
                <properties>
                  <property name="retryIteration" value="0" />
                  <property name="repeatIteration" value="0" />
                </properties>
              </test-case>
              <test-case id="1024" name="Route_UnregisteredCategory_UsesGlobalMinimum" fullname="IrsikSoftware.LogSmith.Tests.LogRouterCategoryIntegrationTests.Route_UnregisteredCategory_UsesGlobalMinimum" methodname="Route_UnregisteredCategory_UsesGlobalMinimum" classname="IrsikSoftware.LogSmith.Tests.LogRouterCategoryIntegrationTests" runstate="Runnable" seed="201180247" result="Passed" start-time="2025-10-01 07:19:19Z" end-time="2025-10-01 07:19:19Z" duration="0.000306" asserts="0">
                <properties>
                  <property name="retryIteration" value="0" />
                  <property name="repeatIteration" value="0" />
                </properties>
              </test-case>
              <test-case id="1028" name="Route_WithoutCategoryRegistry_WorksNormally" fullname="IrsikSoftware.LogSmith.Tests.LogRouterCategoryIntegrationTests.Route_WithoutCategoryRegistry_WorksNormally" methodname="Route_WithoutCategoryRegistry_WorksNormally" classname="IrsikSoftware.LogSmith.Tests.LogRouterCategoryIntegrationTests" runstate="Runnable" seed="388825599" result="Passed" start-time="2025-10-01 07:19:19Z" end-time="2025-10-01 07:19:19Z" duration="0.000272" asserts="0">
                <properties>
                  <property name="retryIteration" value="0" />
                  <property name="repeatIteration" value="0" />
                </properties>
              </test-case>
            </test-suite>
            <test-suite type="TestFixture" id="1029" name="LogRouterTests" fullname="IrsikSoftware.LogSmith.Tests.LogRouterTests" classname="IrsikSoftware.LogSmith.Tests.LogRouterTests" runstate="Runnable" testcasecount="27" result="Failed" site="Child" start-time="2025-10-01 07:19:19Z" end-time="2025-10-01 07:19:19Z" duration="0.026836" total="27" passed="25" failed="2" inconclusive="0" skipped="0" asserts="0">
              <properties />
              <failure>
                <message><![CDATA[One or more child tests had errors]]></message>
              </failure>
              <test-case id="1045" name="ClearCategoryFilter_NullOrEmpty_DoesNotThrow" fullname="IrsikSoftware.LogSmith.Tests.LogRouterTests.ClearCategoryFilter_NullOrEmpty_DoesNotThrow" methodname="ClearCategoryFilter_NullOrEmpty_DoesNotThrow" classname="IrsikSoftware.LogSmith.Tests.LogRouterTests" runstate="Runnable" seed="208147254" result="Passed" start-time="2025-10-01 07:19:19Z" end-time="2025-10-01 07:19:19Z" duration="0.001266" asserts="0">
                <properties>
                  <property name="retryIteration" value="0" />
                  <property name="repeatIteration" value="0" />
                </properties>
              </test-case>
              <test-case id="1044" name="ClearCategoryFilter_RemovesFilter" fullname="IrsikSoftware.LogSmith.Tests.LogRouterTests.ClearCategoryFilter_RemovesFilter" methodname="ClearCategoryFilter_RemovesFilter" classname="IrsikSoftware.LogSmith.Tests.LogRouterTests" runstate="Runnable" seed="963335244" result="Passed" start-time="2025-10-01 07:19:19Z" end-time="2025-10-01 07:19:19Z" duration="0.000641" asserts="0">
                <properties>
                  <property name="retryIteration" value="0" />
                  <property name="repeatIteration" value="0" />
                </properties>
              </test-case>
              <test-case id="1030" name="RegisterSink_AddsSinkToRouter" fullname="IrsikSoftware.LogSmith.Tests.LogRouterTests.RegisterSink_AddsSinkToRouter" methodname="RegisterSink_AddsSinkToRouter" classname="IrsikSoftware.LogSmith.Tests.LogRouterTests" runstate="Runnable" seed="1978013251" result="Passed" start-time="2025-10-01 07:19:19Z" end-time="2025-10-01 07:19:19Z" duration="0.000175" asserts="0">
                <properties>
                  <property name="retryIteration" value="0" />
                  <property name="repeatIteration" value="0" />
                </properties>
              </test-case>
              <test-case id="1032" name="RegisterSink_SameSinkTwice_OnlyAddsOnce" fullname="IrsikSoftware.LogSmith.Tests.LogRouterTests.RegisterSink_SameSinkTwice_OnlyAddsOnce" methodname="RegisterSink_SameSinkTwice_OnlyAddsOnce" classname="IrsikSoftware.LogSmith.Tests.LogRouterTests" runstate="Runnable" seed="1386898086" result="Passed" start-time="2025-10-01 07:19:19Z" end-time="2025-10-01 07:19:19Z" duration="0.000241" asserts="0">
                <properties>
                  <property name="retryIteration" value="0" />
                  <property name="repeatIteration" value="0" />
                </properties>
              </test-case>
              <test-case id="1031" name="RegisterSink_ThrowsOnNull" fullname="IrsikSoftware.LogSmith.Tests.LogRouterTests.RegisterSink_ThrowsOnNull" methodname="RegisterSink_ThrowsOnNull" classname="IrsikSoftware.LogSmith.Tests.LogRouterTests" runstate="Runnable" seed="695226498" result="Passed" start-time="2025-10-01 07:19:19Z" end-time="2025-10-01 07:19:19Z" duration="0.000192" asserts="0">
                <properties>
                  <property name="retryIteration" value="0" />
                  <property name="repeatIteration" value="0" />
                </properties>
              </test-case>
              <test-case id="1037" name="Route_MultipleSinks_PreservesRegistrationOrder" fullname="IrsikSoftware.LogSmith.Tests.LogRouterTests.Route_MultipleSinks_PreservesRegistrationOrder" methodname="Route_MultipleSinks_PreservesRegistrationOrder" classname="IrsikSoftware.LogSmith.Tests.LogRouterTests" runstate="Runnable" seed="581026028" result="Passed" start-time="2025-10-01 07:19:19Z" end-time="2025-10-01 07:19:19Z" duration="0.000351" asserts="0">
                <properties>
                  <property name="retryIteration" value="0" />
                  <property name="repeatIteration" value="0" />
                </properties>
              </test-case>
              <test-case id="1036" name="Route_MultipleSinks_RoutesToAll" fullname="IrsikSoftware.LogSmith.Tests.LogRouterTests.Route_MultipleSinks_RoutesToAll" methodname="Route_MultipleSinks_RoutesToAll" classname="IrsikSoftware.LogSmith.Tests.LogRouterTests" runstate="Runnable" seed="574425324" result="Passed" start-time="2025-10-01 07:19:19Z" end-time="2025-10-01 07:19:19Z" duration="0.000305" asserts="0">
                <properties>
                  <property name="retryIteration" value="0" />
                  <property name="repeatIteration" value="0" />
                </properties>
              </test-case>
              <test-case id="1053" name="Route_NoSinksRegistered_DoesNotThrow" fullname="IrsikSoftware.LogSmith.Tests.LogRouterTests.Route_NoSinksRegistered_DoesNotThrow" methodname="Route_NoSinksRegistered_DoesNotThrow" classname="IrsikSoftware.LogSmith.Tests.LogRouterTests" runstate="Runnable" seed="1495282903" result="Passed" start-time="2025-10-01 07:19:19Z" end-time="2025-10-01 07:19:19Z" duration="0.000262" asserts="0">
                <properties>
                  <property name="retryIteration" value="0" />
                  <property name="repeatIteration" value="0" />
                </properties>
              </test-case>
              <test-case id="1054" name="Route_NoSubscribers_DoesNotThrow" fullname="IrsikSoftware.LogSmith.Tests.LogRouterTests.Route_NoSubscribers_DoesNotThrow" methodname="Route_NoSubscribers_DoesNotThrow" classname="IrsikSoftware.LogSmith.Tests.LogRouterTests" runstate="Runnable" seed="232684393" result="Passed" start-time="2025-10-01 07:19:19Z" end-time="2025-10-01 07:19:19Z" duration="0.000251" asserts="0">
                <properties>
                  <property name="retryIteration" value="0" />
                  <property name="repeatIteration" value="0" />
                </properties>
              </test-case>
              <test-case id="1038" name="Route_OneSinkFails_OtherSinksStillReceiveMessages" fullname="IrsikSoftware.LogSmith.Tests.LogRouterTests.Route_OneSinkFails_OtherSinksStillReceiveMessages" methodname="Route_OneSinkFails_OtherSinksStillReceiveMessages" classname="IrsikSoftware.LogSmith.Tests.LogRouterTests" runstate="Runnable" seed="1727899984" result="Failed" start-time="2025-10-01 07:19:19Z" end-time="2025-10-01 07:19:19Z" duration="0.003660" asserts="0">
                <properties>
                  <property name="retryIteration" value="0" />
                  <property name="repeatIteration" value="0" />
                </properties>
                <failure>
                  <message><![CDATA[Unhandled log message: '[Error] [LogSmith] Sink 'FailingSink' failed: FailingSink intentionally failed'. Use UnityEngine.TestTools.LogAssert.Expect]]></message>
                  <stack-trace><![CDATA[IrsikSoftware.LogSmith.Core.LogRouter:Route (IrsikSoftware.LogSmith.LogMessage) (at C:/Code/LogSmith/Packages/com.irsiksoftware.logsmith/Runtime/Core/LogRouter.cs:66)
IrsikSoftware.LogSmith.Tests.LogRouterTests/<>c__DisplayClass13_0:<Route_OneSinkFails_OtherSinksStillReceiveMessages>b__0 () (at C:/Code/LogSmith/Packages/com.irsiksoftware.logsmith/Tests/Runtime/LogRouterTests.cs:161)
NUnit.Framework.Constraints.ThrowsConstraint/VoidInvocationDescriptor:Invoke ()
NUnit.Framework.Constraints.ThrowsConstraint/ExceptionInterceptor:Intercept (object)
NUnit.Framework.Constraints.ThrowsNothingConstraint:ApplyTo (object)
NUnit.Framework.Assert:That<object> (object,NUnit.Framework.Constraints.IResolveConstraint,string,object[])
NUnit.Framework.Assert:That (NUnit.Framework.TestDelegate,NUnit.Framework.Constraints.IResolveConstraint,string,object[])
NUnit.Framework.Assert:DoesNotThrow (NUnit.Framework.TestDelegate,string,object[])
NUnit.Framework.Assert:DoesNotThrow (NUnit.Framework.TestDelegate)
IrsikSoftware.LogSmith.Tests.LogRouterTests:Route_OneSinkFails_OtherSinksStillReceiveMessages () (at C:/Code/LogSmith/Packages/com.irsiksoftware.logsmith/Tests/Runtime/LogRouterTests.cs:161)
System.Reflection.MethodBase:Invoke (object,object[])
NUnit.Framework.Internal.Reflect:InvokeMethod (System.Reflection.MethodInfo,object,object[])
NUnit.Framework.Internal.MethodWrapper:Invoke (object,object[])
NUnit.Framework.Internal.Commands.TestMethodCommand:RunNonAsyncTestMethod (NUnit.Framework.Internal.ITestExecutionContext)
NUnit.Framework.Internal.Commands.TestMethodCommand:RunTestMethod (NUnit.Framework.Internal.ITestExecutionContext)
NUnit.Framework.Internal.Commands.TestMethodCommand:Execute (NUnit.Framework.Internal.ITestExecutionContext)
UnityEditor.EditorApplication:Internal_CallUpdateFunctions ()

]]></stack-trace>
                </failure>
                <output><![CDATA[[LogSmith] Sink 'FailingSink' failed: FailingSink intentionally failed
]]></output>
              </test-case>
              <test-case id="1043" name="SetCategoryFilter_DifferentCategories_IndependentFiltering" fullname="IrsikSoftware.LogSmith.Tests.LogRouterTests.SetCategoryFilter_DifferentCategories_IndependentFiltering" methodname="SetCategoryFilter_DifferentCategories_IndependentFiltering" classname="IrsikSoftware.LogSmith.Tests.LogRouterTests" runstate="Runnable" seed="1001648857" result="Passed" start-time="2025-10-01 07:19:19Z" end-time="2025-10-01 07:19:19Z" duration="0.000366" asserts="0">
                <properties>
                  <property name="retryIteration" value="0" />
                  <property name="repeatIteration" value="0" />
                </properties>
              </test-case>
              <test-case id="1041" name="SetCategoryFilter_FiltersSpecificCategory" fullname="IrsikSoftware.LogSmith.Tests.LogRouterTests.SetCategoryFilter_FiltersSpecificCategory" methodname="SetCategoryFilter_FiltersSpecificCategory" classname="IrsikSoftware.LogSmith.Tests.LogRouterTests" runstate="Runnable" seed="1280771482" result="Passed" start-time="2025-10-01 07:19:19Z" end-time="2025-10-01 07:19:19Z" duration="0.000221" asserts="0">
                <properties>
                  <property name="retryIteration" value="0" />
                  <property name="repeatIteration" value="0" />
                </properties>
              </test-case>
              <test-case id="1042" name="SetCategoryFilter_ThrowsOnNullCategory" fullname="IrsikSoftware.LogSmith.Tests.LogRouterTests.SetCategoryFilter_ThrowsOnNullCategory" methodname="SetCategoryFilter_ThrowsOnNullCategory" classname="IrsikSoftware.LogSmith.Tests.LogRouterTests" runstate="Runnable" seed="1219766580" result="Passed" start-time="2025-10-01 07:19:19Z" end-time="2025-10-01 07:19:19Z" duration="0.000259" asserts="0">
                <properties>
                  <property name="retryIteration" value="0" />
                  <property name="repeatIteration" value="0" />
                </properties>
              </test-case>
              <test-case id="1040" name="SetGlobalMinimumLevel_DefaultIsTrace_AllowsAllLevels" fullname="IrsikSoftware.LogSmith.Tests.LogRouterTests.SetGlobalMinimumLevel_DefaultIsTrace_AllowsAllLevels" methodname="SetGlobalMinimumLevel_DefaultIsTrace_AllowsAllLevels" classname="IrsikSoftware.LogSmith.Tests.LogRouterTests" runstate="Runnable" seed="636435360" result="Passed" start-time="2025-10-01 07:19:19Z" end-time="2025-10-01 07:19:19Z" duration="0.000205" asserts="0">
                <properties>
                  <property name="retryIteration" value="0" />
                  <property name="repeatIteration" value="0" />
                </properties>
              </test-case>
              <test-case id="1039" name="SetGlobalMinimumLevel_FiltersLowerLevels" fullname="IrsikSoftware.LogSmith.Tests.LogRouterTests.SetGlobalMinimumLevel_FiltersLowerLevels" methodname="SetGlobalMinimumLevel_FiltersLowerLevels" classname="IrsikSoftware.LogSmith.Tests.LogRouterTests" runstate="Runnable" seed="1158420613" result="Passed" start-time="2025-10-01 07:19:19Z" end-time="2025-10-01 07:19:19Z" duration="0.000265" asserts="0">
                <properties>
                  <property name="retryIteration" value="0" />
                  <property name="repeatIteration" value="0" />
                </properties>
              </test-case>
              <test-case id="1049" name="Subscribe_Dispose_StopsReceivingMessages" fullname="IrsikSoftware.LogSmith.Tests.LogRouterTests.Subscribe_Dispose_StopsReceivingMessages" methodname="Subscribe_Dispose_StopsReceivingMessages" classname="IrsikSoftware.LogSmith.Tests.LogRouterTests" runstate="Runnable" seed="234292730" result="Passed" start-time="2025-10-01 07:19:19Z" end-time="2025-10-01 07:19:19Z" duration="0.000710" asserts="0">
                <properties>
                  <property name="retryIteration" value="0" />
                  <property name="repeatIteration" value="0" />
                </properties>
              </test-case>
              <test-case id="1050" name="Subscribe_DisposeMultipleTimes_DoesNotThrow" fullname="IrsikSoftware.LogSmith.Tests.LogRouterTests.Subscribe_DisposeMultipleTimes_DoesNotThrow" methodname="Subscribe_DisposeMultipleTimes_DoesNotThrow" classname="IrsikSoftware.LogSmith.Tests.LogRouterTests" runstate="Runnable" seed="1580591452" result="Passed" start-time="2025-10-01 07:19:19Z" end-time="2025-10-01 07:19:19Z" duration="0.000224" asserts="0">
                <properties>
                  <property name="retryIteration" value="0" />
                  <property name="repeatIteration" value="0" />
                </properties>
              </test-case>
              <test-case id="1051" name="Subscribe_FailingSubscriber_DoesNotBlockOthers" fullname="IrsikSoftware.LogSmith.Tests.LogRouterTests.Subscribe_FailingSubscriber_DoesNotBlockOthers" methodname="Subscribe_FailingSubscriber_DoesNotBlockOthers" classname="IrsikSoftware.LogSmith.Tests.LogRouterTests" runstate="Runnable" seed="631319592" result="Failed" start-time="2025-10-01 07:19:19Z" end-time="2025-10-01 07:19:19Z" duration="0.001458" asserts="0">
                <properties>
                  <property name="retryIteration" value="0" />
                  <property name="repeatIteration" value="0" />
                </properties>
                <failure>
                  <message><![CDATA[Unhandled log message: '[Error] [LogSmith] Subscriber failed: Subscriber failure'. Use UnityEngine.TestTools.LogAssert.Expect]]></message>
                  <stack-trace><![CDATA[IrsikSoftware.LogSmith.Core.LogRouter:Route (IrsikSoftware.LogSmith.LogMessage) (at C:/Code/LogSmith/Packages/com.irsiksoftware.logsmith/Runtime/Core/LogRouter.cs:79)
IrsikSoftware.LogSmith.Tests.LogRouterTests/<>c__DisplayClass26_0:<Subscribe_FailingSubscriber_DoesNotBlockOthers>b__3 () (at C:/Code/LogSmith/Packages/com.irsiksoftware.logsmith/Tests/Runtime/LogRouterTests.cs:409)
NUnit.Framework.Constraints.ThrowsConstraint/VoidInvocationDescriptor:Invoke ()
NUnit.Framework.Constraints.ThrowsConstraint/ExceptionInterceptor:Intercept (object)
NUnit.Framework.Constraints.ThrowsNothingConstraint:ApplyTo (object)
NUnit.Framework.Assert:That<object> (object,NUnit.Framework.Constraints.IResolveConstraint,string,object[])
NUnit.Framework.Assert:That (NUnit.Framework.TestDelegate,NUnit.Framework.Constraints.IResolveConstraint,string,object[])
NUnit.Framework.Assert:DoesNotThrow (NUnit.Framework.TestDelegate,string,object[])
NUnit.Framework.Assert:DoesNotThrow (NUnit.Framework.TestDelegate)
IrsikSoftware.LogSmith.Tests.LogRouterTests:Subscribe_FailingSubscriber_DoesNotBlockOthers () (at C:/Code/LogSmith/Packages/com.irsiksoftware.logsmith/Tests/Runtime/LogRouterTests.cs:409)
System.Reflection.MethodBase:Invoke (object,object[])
NUnit.Framework.Internal.Reflect:InvokeMethod (System.Reflection.MethodInfo,object,object[])
NUnit.Framework.Internal.MethodWrapper:Invoke (object,object[])
NUnit.Framework.Internal.Commands.TestMethodCommand:RunNonAsyncTestMethod (NUnit.Framework.Internal.ITestExecutionContext)
NUnit.Framework.Internal.Commands.TestMethodCommand:RunTestMethod (NUnit.Framework.Internal.ITestExecutionContext)
NUnit.Framework.Internal.Commands.TestMethodCommand:Execute (NUnit.Framework.Internal.ITestExecutionContext)
UnityEditor.EditorApplication:Internal_CallUpdateFunctions ()

]]></stack-trace>
                </failure>
                <output><![CDATA[[LogSmith] Subscriber failed: Subscriber failure
]]></output>
              </test-case>
              <test-case id="1052" name="Subscribe_FilteredMessage_SubscriberDoesNotReceive" fullname="IrsikSoftware.LogSmith.Tests.LogRouterTests.Subscribe_FilteredMessage_SubscriberDoesNotReceive" methodname="Subscribe_FilteredMessage_SubscriberDoesNotReceive" classname="IrsikSoftware.LogSmith.Tests.LogRouterTests" runstate="Runnable" seed="689275327" result="Passed" start-time="2025-10-01 07:19:19Z" end-time="2025-10-01 07:19:19Z" duration="0.000353" asserts="0">
                <properties>
                  <property name="retryIteration" value="0" />
                  <property name="repeatIteration" value="0" />
                </properties>
              </test-case>
              <test-case id="1048" name="Subscribe_MultipleSubscribers_AllReceiveMessages" fullname="IrsikSoftware.LogSmith.Tests.LogRouterTests.Subscribe_MultipleSubscribers_AllReceiveMessages" methodname="Subscribe_MultipleSubscribers_AllReceiveMessages" classname="IrsikSoftware.LogSmith.Tests.LogRouterTests" runstate="Runnable" seed="140411882" result="Passed" start-time="2025-10-01 07:19:19Z" end-time="2025-10-01 07:19:19Z" duration="0.000520" asserts="0">
                <properties>
                  <property name="retryIteration" value="0" />
                  <property name="repeatIteration" value="0" />
                </properties>
              </test-case>
              <test-case id="1046" name="Subscribe_ReceivesMessages" fullname="IrsikSoftware.LogSmith.Tests.LogRouterTests.Subscribe_ReceivesMessages" methodname="Subscribe_ReceivesMessages" classname="IrsikSoftware.LogSmith.Tests.LogRouterTests" runstate="Runnable" seed="750997412" result="Passed" start-time="2025-10-01 07:19:19Z" end-time="2025-10-01 07:19:19Z" duration="0.000309" asserts="0">
                <properties>
                  <property name="retryIteration" value="0" />
                  <property name="repeatIteration" value="0" />
                </properties>
              </test-case>
              <test-case id="1047" name="Subscribe_ThrowsOnNullHandler" fullname="IrsikSoftware.LogSmith.Tests.LogRouterTests.Subscribe_ThrowsOnNullHandler" methodname="Subscribe_ThrowsOnNullHandler" classname="IrsikSoftware.LogSmith.Tests.LogRouterTests" runstate="Runnable" seed="2068072622" result="Passed" start-time="2025-10-01 07:19:19Z" end-time="2025-10-01 07:19:19Z" duration="0.000187" asserts="0">
                <properties>
                  <property name="retryIteration" value="0" />
                  <property name="repeatIteration" value="0" />
                </properties>
              </test-case>
              <test-case id="1055" name="ThreadSafety_ConcurrentRouting_AllMessagesProcessed" fullname="IrsikSoftware.LogSmith.Tests.LogRouterTests.ThreadSafety_ConcurrentRouting_AllMessagesProcessed" methodname="ThreadSafety_ConcurrentRouting_AllMessagesProcessed" classname="IrsikSoftware.LogSmith.Tests.LogRouterTests" runstate="Runnable" seed="127333750" result="Passed" start-time="2025-10-01 07:19:19Z" end-time="2025-10-01 07:19:19Z" duration="0.002458" asserts="0">
                <properties>
                  <property name="retryIteration" value="0" />
                  <property name="repeatIteration" value="0" />
                </properties>
              </test-case>
              <test-case id="1056" name="ThreadSafety_ConcurrentSinkRegistration_DoesNotThrow" fullname="IrsikSoftware.LogSmith.Tests.LogRouterTests.ThreadSafety_ConcurrentSinkRegistration_DoesNotThrow" methodname="ThreadSafety_ConcurrentSinkRegistration_DoesNotThrow" classname="IrsikSoftware.LogSmith.Tests.LogRouterTests" runstate="Runnable" seed="963049182" result="Passed" start-time="2025-10-01 07:19:19Z" end-time="2025-10-01 07:19:19Z" duration="0.004789" asserts="0">
                <properties>
                  <property name="retryIteration" value="0" />
                  <property name="repeatIteration" value="0" />
                </properties>
                <reason>
                  <message><![CDATA[]]></message>
                </reason>
              </test-case>
              <test-case id="1035" name="UnregisterSink_NonExistentSink_DoesNotThrow" fullname="IrsikSoftware.LogSmith.Tests.LogRouterTests.UnregisterSink_NonExistentSink_DoesNotThrow" methodname="UnregisterSink_NonExistentSink_DoesNotThrow" classname="IrsikSoftware.LogSmith.Tests.LogRouterTests" runstate="Runnable" seed="759651959" result="Passed" start-time="2025-10-01 07:19:19Z" end-time="2025-10-01 07:19:19Z" duration="0.000198" asserts="0">
                <properties>
                  <property name="retryIteration" value="0" />
                  <property name="repeatIteration" value="0" />
                </properties>
              </test-case>
              <test-case id="1033" name="UnregisterSink_RemovesSink" fullname="IrsikSoftware.LogSmith.Tests.LogRouterTests.UnregisterSink_RemovesSink" methodname="UnregisterSink_RemovesSink" classname="IrsikSoftware.LogSmith.Tests.LogRouterTests" runstate="Runnable" seed="286618189" result="Passed" start-time="2025-10-01 07:19:19Z" end-time="2025-10-01 07:19:19Z" duration="0.000180" asserts="0">
                <properties>
                  <property name="retryIteration" value="0" />
                  <property name="repeatIteration" value="0" />
                </properties>
              </test-case>
              <test-case id="1034" name="UnregisterSink_ThrowsOnNull" fullname="IrsikSoftware.LogSmith.Tests.LogRouterTests.UnregisterSink_ThrowsOnNull" methodname="UnregisterSink_ThrowsOnNull" classname="IrsikSoftware.LogSmith.Tests.LogRouterTests" runstate="Runnable" seed="413191952" result="Passed" start-time="2025-10-01 07:19:19Z" end-time="2025-10-01 07:19:19Z" duration="0.000193" asserts="0">
                <properties>
                  <property name="retryIteration" value="0" />
                  <property name="repeatIteration" value="0" />
                </properties>
              </test-case>
            </test-suite>
            <test-suite type="TestFixture" id="1057" name="MessageTemplateEnginePerformanceTests" fullname="IrsikSoftware.LogSmith.Tests.MessageTemplateEnginePerformanceTests" classname="IrsikSoftware.LogSmith.Tests.MessageTemplateEnginePerformanceTests" runstate="Runnable" testcasecount="12" result="Passed" start-time="2025-10-01 07:19:19Z" end-time="2025-10-01 07:19:19Z" duration="0.132582" total="12" passed="12" failed="0" inconclusive="0" skipped="0" asserts="0">
              <properties />
              <test-case id="1068" name="Format_AlternatingFormats_CompletesUnder2Milliseconds" fullname="IrsikSoftware.LogSmith.Tests.MessageTemplateEnginePerformanceTests.Format_AlternatingFormats_CompletesUnder2Milliseconds" methodname="Format_AlternatingFormats_CompletesUnder2Milliseconds" classname="IrsikSoftware.LogSmith.Tests.MessageTemplateEnginePerformanceTests" runstate="Runnable" seed="795083113" result="Passed" start-time="2025-10-01 07:19:19Z" end-time="2025-10-01 07:19:19Z" duration="0.009155" asserts="0">
                <properties>
                  <property name="retryIteration" value="0" />
                  <property name="repeatIteration" value="0" />
                </properties>
              </test-case>
              <test-case id="1059" name="Format_ComplexTemplate_CompletesUnder2Milliseconds" fullname="IrsikSoftware.LogSmith.Tests.MessageTemplateEnginePerformanceTests.Format_ComplexTemplate_CompletesUnder2Milliseconds" methodname="Format_ComplexTemplate_CompletesUnder2Milliseconds" classname="IrsikSoftware.LogSmith.Tests.MessageTemplateEnginePerformanceTests" runstate="Runnable" seed="2086134483" result="Passed" start-time="2025-10-01 07:19:19Z" end-time="2025-10-01 07:19:19Z" duration="0.026342" asserts="0">
                <properties>
                  <property name="retryIteration" value="0" />
                  <property name="repeatIteration" value="0" />
                </properties>
              </test-case>
              <test-case id="1064" name="Format_ConcurrentAccess_MaintainsPerformance" fullname="IrsikSoftware.LogSmith.Tests.MessageTemplateEnginePerformanceTests.Format_ConcurrentAccess_MaintainsPerformance" methodname="Format_ConcurrentAccess_MaintainsPerformance" classname="IrsikSoftware.LogSmith.Tests.MessageTemplateEnginePerformanceTests" runstate="Runnable" seed="831013520" result="Passed" start-time="2025-10-01 07:19:19Z" end-time="2025-10-01 07:19:19Z" duration="0.013623" asserts="0">
                <properties>
                  <property name="retryIteration" value="0" />
                  <property name="repeatIteration" value="0" />
                </properties>
              </test-case>
              <test-case id="1060" name="Format_JsonFormat_CompletesUnder2Milliseconds" fullname="IrsikSoftware.LogSmith.Tests.MessageTemplateEnginePerformanceTests.Format_JsonFormat_CompletesUnder2Milliseconds" methodname="Format_JsonFormat_CompletesUnder2Milliseconds" classname="IrsikSoftware.LogSmith.Tests.MessageTemplateEnginePerformanceTests" runstate="Runnable" seed="1215261136" result="Passed" start-time="2025-10-01 07:19:19Z" end-time="2025-10-01 07:19:19Z" duration="0.009519" asserts="0">
                <properties>
                  <property name="retryIteration" value="0" />
                  <property name="repeatIteration" value="0" />
                </properties>
              </test-case>
              <test-case id="1066" name="Format_JsonWithLargeContext_CompletesUnder3Milliseconds" fullname="IrsikSoftware.LogSmith.Tests.MessageTemplateEnginePerformanceTests.Format_JsonWithLargeContext_CompletesUnder3Milliseconds" methodname="Format_JsonWithLargeContext_CompletesUnder3Milliseconds" classname="IrsikSoftware.LogSmith.Tests.MessageTemplateEnginePerformanceTests" runstate="Runnable" seed="1856340728" result="Passed" start-time="2025-10-01 07:19:19Z" end-time="2025-10-01 07:19:19Z" duration="0.027338" asserts="0">
                <properties>
                  <property name="retryIteration" value="0" />
                  <property name="repeatIteration" value="0" />
                </properties>
              </test-case>
              <test-case id="1065" name="Format_LargeContext_CompletesUnder2Milliseconds" fullname="IrsikSoftware.LogSmith.Tests.MessageTemplateEnginePerformanceTests.Format_LargeContext_CompletesUnder2Milliseconds" methodname="Format_LargeContext_CompletesUnder2Milliseconds" classname="IrsikSoftware.LogSmith.Tests.MessageTemplateEnginePerformanceTests" runstate="Runnable" seed="1212910671" result="Passed" start-time="2025-10-01 07:19:19Z" end-time="2025-10-01 07:19:19Z" duration="0.006684" asserts="0">
                <properties>
                  <property name="retryIteration" value="0" />
                  <property name="repeatIteration" value="0" />
                </properties>
              </test-case>
              <test-case id="1062" name="Format_MalformedTokens_DoesNotDegradePerformance" fullname="IrsikSoftware.LogSmith.Tests.MessageTemplateEnginePerformanceTests.Format_MalformedTokens_DoesNotDegradePerformance" methodname="Format_MalformedTokens_DoesNotDegradePerformance" classname="IrsikSoftware.LogSmith.Tests.MessageTemplateEnginePerformanceTests" runstate="Runnable" seed="1700429215" result="Passed" start-time="2025-10-01 07:19:19Z" end-time="2025-10-01 07:19:19Z" duration="0.006362" asserts="0">
                <properties>
                  <property name="retryIteration" value="0" />
                  <property name="repeatIteration" value="0" />
                </properties>
              </test-case>
              <test-case id="1069" name="Format_NoContext_FasterThanWithContext" fullname="IrsikSoftware.LogSmith.Tests.MessageTemplateEnginePerformanceTests.Format_NoContext_FasterThanWithContext" methodname="Format_NoContext_FasterThanWithContext" classname="IrsikSoftware.LogSmith.Tests.MessageTemplateEnginePerformanceTests" runstate="Runnable" seed="50309192" result="Passed" start-time="2025-10-01 07:19:19Z" end-time="2025-10-01 07:19:19Z" duration="0.015382" asserts="0">
                <properties>
                  <property name="retryIteration" value="0" />
                  <property name="repeatIteration" value="0" />
                </properties>
              </test-case>
              <test-case id="1058" name="Format_SimpleTemplate_CompletesUnder1Millisecond" fullname="IrsikSoftware.LogSmith.Tests.MessageTemplateEnginePerformanceTests.Format_SimpleTemplate_CompletesUnder1Millisecond" methodname="Format_SimpleTemplate_CompletesUnder1Millisecond" classname="IrsikSoftware.LogSmith.Tests.MessageTemplateEnginePerformanceTests" runstate="Runnable" seed="2061362605" result="Passed" start-time="2025-10-01 07:19:19Z" end-time="2025-10-01 07:19:19Z" duration="0.006823" asserts="0">
                <properties>
                  <property name="retryIteration" value="0" />
                  <property name="repeatIteration" value="0" />
                </properties>
              </test-case>
              <test-case id="1061" name="Format_WithContextTokens_CompletesUnder1Millisecond" fullname="IrsikSoftware.LogSmith.Tests.MessageTemplateEnginePerformanceTests.Format_WithContextTokens_CompletesUnder1Millisecond" methodname="Format_WithContextTokens_CompletesUnder1Millisecond" classname="IrsikSoftware.LogSmith.Tests.MessageTemplateEnginePerformanceTests" runstate="Runnable" seed="429740900" result="Passed" start-time="2025-10-01 07:19:19Z" end-time="2025-10-01 07:19:19Z" duration="0.006366" asserts="0">
                <properties>
                  <property name="retryIteration" value="0" />
                  <property name="repeatIteration" value="0" />
                </properties>
              </test-case>
              <test-case id="1067" name="GetCategoryTemplate_RetrieveTemplate_CompletesUnder50Microseconds" fullname="IrsikSoftware.LogSmith.Tests.MessageTemplateEnginePerformanceTests.GetCategoryTemplate_RetrieveTemplate_CompletesUnder50Microseconds" methodname="GetCategoryTemplate_RetrieveTemplate_CompletesUnder50Microseconds" classname="IrsikSoftware.LogSmith.Tests.MessageTemplateEnginePerformanceTests" runstate="Runnable" seed="177371529" result="Passed" start-time="2025-10-01 07:19:19Z" end-time="2025-10-01 07:19:19Z" duration="0.000994" asserts="0">
                <properties>
                  <property name="retryIteration" value="0" />
                  <property name="repeatIteration" value="0" />
                </properties>
              </test-case>
              <test-case id="1063" name="SetCategoryTemplate_UpdateTemplate_CompletesUnder100Microseconds" fullname="IrsikSoftware.LogSmith.Tests.MessageTemplateEnginePerformanceTests.SetCategoryTemplate_UpdateTemplate_CompletesUnder100Microseconds" methodname="SetCategoryTemplate_UpdateTemplate_CompletesUnder100Microseconds" classname="IrsikSoftware.LogSmith.Tests.MessageTemplateEnginePerformanceTests" runstate="Runnable" seed="99769915" result="Passed" start-time="2025-10-01 07:19:19Z" end-time="2025-10-01 07:19:19Z" duration="0.000869" asserts="0">
                <properties>
                  <property name="retryIteration" value="0" />
                  <property name="repeatIteration" value="0" />
                </properties>
              </test-case>
            </test-suite>
            <test-suite type="TestFixture" id="1070" name="MessageTemplateEngineTests" fullname="IrsikSoftware.LogSmith.Tests.MessageTemplateEngineTests" classname="IrsikSoftware.LogSmith.Tests.MessageTemplateEngineTests" runstate="Runnable" testcasecount="22" result="Failed" site="Child" start-time="2025-10-01 07:19:19Z" end-time="2025-10-01 07:19:19Z" duration="0.012025" total="22" passed="21" failed="1" inconclusive="0" skipped="0" asserts="0">
              <properties />
              <failure>
                <message><![CDATA[One or more child tests had errors]]></message>
              </failure>
              <test-case id="1071" name="Format_AllStandardTokens_ReplacedCorrectly" fullname="IrsikSoftware.LogSmith.Tests.MessageTemplateEngineTests.Format_AllStandardTokens_ReplacedCorrectly" methodname="Format_AllStandardTokens_ReplacedCorrectly" classname="IrsikSoftware.LogSmith.Tests.MessageTemplateEngineTests" runstate="Runnable" seed="887904011" result="Passed" start-time="2025-10-01 07:19:19Z" end-time="2025-10-01 07:19:19Z" duration="0.000428" asserts="0">
                <properties>
                  <property name="retryIteration" value="0" />
                  <property name="repeatIteration" value="0" />
                </properties>
              </test-case>
              <test-case id="1081" name="Format_CaseSensitiveTokens_HandledCorrectly" fullname="IrsikSoftware.LogSmith.Tests.MessageTemplateEngineTests.Format_CaseSensitiveTokens_HandledCorrectly" methodname="Format_CaseSensitiveTokens_HandledCorrectly" classname="IrsikSoftware.LogSmith.Tests.MessageTemplateEngineTests" runstate="Runnable" seed="20100140" result="Passed" start-time="2025-10-01 07:19:19Z" end-time="2025-10-01 07:19:19Z" duration="0.000173" asserts="0">
                <properties>
                  <property name="retryIteration" value="0" />
                  <property name="repeatIteration" value="0" />
                </properties>
              </test-case>
              <test-case id="1091" name="Format_ComplexTemplate_AllTokensReplaced" fullname="IrsikSoftware.LogSmith.Tests.MessageTemplateEngineTests.Format_ComplexTemplate_AllTokensReplaced" methodname="Format_ComplexTemplate_AllTokensReplaced" classname="IrsikSoftware.LogSmith.Tests.MessageTemplateEngineTests" runstate="Runnable" seed="1943777059" result="Passed" start-time="2025-10-01 07:19:19Z" end-time="2025-10-01 07:19:19Z" duration="0.000172" asserts="0">
                <properties>
                  <property name="retryIteration" value="0" />
                  <property name="repeatIteration" value="0" />
                </properties>
              </test-case>
              <test-case id="1077" name="Format_ContextKeyAsToken_ResolvesFromDictionary" fullname="IrsikSoftware.LogSmith.Tests.MessageTemplateEngineTests.Format_ContextKeyAsToken_ResolvesFromDictionary" methodname="Format_ContextKeyAsToken_ResolvesFromDictionary" classname="IrsikSoftware.LogSmith.Tests.MessageTemplateEngineTests" runstate="Runnable" seed="2060110389" result="Passed" start-time="2025-10-01 07:19:19Z" end-time="2025-10-01 07:19:19Z" duration="0.000152" asserts="0">
                <properties>
                  <property name="retryIteration" value="0" />
                  <property name="repeatIteration" value="0" />
                </properties>
              </test-case>
              <test-case id="1076" name="Format_ContextToken_FormatsAllKeyValuePairs" fullname="IrsikSoftware.LogSmith.Tests.MessageTemplateEngineTests.Format_ContextToken_FormatsAllKeyValuePairs" methodname="Format_ContextToken_FormatsAllKeyValuePairs" classname="IrsikSoftware.LogSmith.Tests.MessageTemplateEngineTests" runstate="Runnable" seed="768381494" result="Passed" start-time="2025-10-01 07:19:19Z" end-time="2025-10-01 07:19:19Z" duration="0.000715" asserts="0">
                <properties>
                  <property name="retryIteration" value="0" />
                  <property name="repeatIteration" value="0" />
                </properties>
              </test-case>
              <test-case id="1079" name="Format_EmptyTemplate_ReturnsEmptyString" fullname="IrsikSoftware.LogSmith.Tests.MessageTemplateEngineTests.Format_EmptyTemplate_ReturnsEmptyString" methodname="Format_EmptyTemplate_ReturnsEmptyString" classname="IrsikSoftware.LogSmith.Tests.MessageTemplateEngineTests" runstate="Runnable" seed="1632198021" result="Failed" label="Error" start-time="2025-10-01 07:19:19Z" end-time="2025-10-01 07:19:19Z" duration="0.001478" asserts="0">
                <properties>
                  <property name="retryIteration" value="0" />
                  <property name="repeatIteration" value="0" />
                </properties>
                <failure>
                  <message><![CDATA[System.ArgumentNullException : Value cannot be null.
Parameter name: template]]></message>
                  <stack-trace><![CDATA[  at IrsikSoftware.LogSmith.Core.MessageTemplateEngine.SetCategoryTemplate (System.String category, System.String template) [0x00050] in C:\Code\LogSmith\Packages\com.irsiksoftware.logsmith\Runtime\Core\MessageTemplateEngine.cs:41 
  at IrsikSoftware.LogSmith.Tests.MessageTemplateEngineTests.Format_EmptyTemplate_ReturnsEmptyString () [0x00000] in C:\Code\LogSmith\Packages\com.irsiksoftware.logsmith\Tests\Runtime\MessageTemplateEngineTests.cs:168 
  at (wrapper managed-to-native) System.Reflection.RuntimeMethodInfo.InternalInvoke(System.Reflection.RuntimeMethodInfo,object,object[],System.Exception&)
  at System.Reflection.RuntimeMethodInfo.Invoke (System.Object obj, System.Reflection.BindingFlags invokeAttr, System.Reflection.Binder binder, System.Object[] parameters, System.Globalization.CultureInfo culture) [0x0006a] in <59bd7c40c082431db25e1e728ab62789>:0 ]]></stack-trace>
                </failure>
              </test-case>
              <test-case id="1084" name="Format_JsonEscaping_HandlesSpecialCharacters" fullname="IrsikSoftware.LogSmith.Tests.MessageTemplateEngineTests.Format_JsonEscaping_HandlesSpecialCharacters" methodname="Format_JsonEscaping_HandlesSpecialCharacters" classname="IrsikSoftware.LogSmith.Tests.MessageTemplateEngineTests" runstate="Runnable" seed="376011789" result="Passed" start-time="2025-10-01 07:19:19Z" end-time="2025-10-01 07:19:19Z" duration="0.000217" asserts="0">
                <properties>
                  <property name="retryIteration" value="0" />
                  <property name="repeatIteration" value="0" />
                </properties>
              </test-case>
              <test-case id="1082" name="Format_JsonFormat_ProducesValidJson" fullname="IrsikSoftware.LogSmith.Tests.MessageTemplateEngineTests.Format_JsonFormat_ProducesValidJson" methodname="Format_JsonFormat_ProducesValidJson" classname="IrsikSoftware.LogSmith.Tests.MessageTemplateEngineTests" runstate="Runnable" seed="887250158" result="Passed" start-time="2025-10-01 07:19:19Z" end-time="2025-10-01 07:19:19Z" duration="0.000199" asserts="0">
                <properties>
                  <property name="retryIteration" value="0" />
                  <property name="repeatIteration" value="0" />
                </properties>
              </test-case>
              <test-case id="1083" name="Format_JsonWithContext_IncludesContextObject" fullname="IrsikSoftware.LogSmith.Tests.MessageTemplateEngineTests.Format_JsonWithContext_IncludesContextObject" methodname="Format_JsonWithContext_IncludesContextObject" classname="IrsikSoftware.LogSmith.Tests.MessageTemplateEngineTests" runstate="Runnable" seed="1234270128" result="Passed" start-time="2025-10-01 07:19:19Z" end-time="2025-10-01 07:19:19Z" duration="0.000181" asserts="0">
                <properties>
                  <property name="retryIteration" value="0" />
                  <property name="repeatIteration" value="0" />
                </properties>
              </test-case>
              <test-case id="1078" name="Format_MalformedToken_ReturnsTokenAsIs" fullname="IrsikSoftware.LogSmith.Tests.MessageTemplateEngineTests.Format_MalformedToken_ReturnsTokenAsIs" methodname="Format_MalformedToken_ReturnsTokenAsIs" classname="IrsikSoftware.LogSmith.Tests.MessageTemplateEngineTests" runstate="Runnable" seed="1622478607" result="Passed" start-time="2025-10-01 07:19:19Z" end-time="2025-10-01 07:19:19Z" duration="0.000175" asserts="0">
                <properties>
                  <property name="retryIteration" value="0" />
                  <property name="repeatIteration" value="0" />
                </properties>
              </test-case>
              <test-case id="1089" name="Format_MemoryToken_ReturnsNumericValue" fullname="IrsikSoftware.LogSmith.Tests.MessageTemplateEngineTests.Format_MemoryToken_ReturnsNumericValue" methodname="Format_MemoryToken_ReturnsNumericValue" classname="IrsikSoftware.LogSmith.Tests.MessageTemplateEngineTests" runstate="Runnable" seed="2056413886" result="Passed" start-time="2025-10-01 07:19:19Z" end-time="2025-10-01 07:19:19Z" duration="0.000340" asserts="0">
                <properties>
                  <property name="retryIteration" value="0" />
                  <property name="repeatIteration" value="0" />
                </properties>
              </test-case>
              <test-case id="1092" name="Format_MultipleCategories_MaintainsSeparateTemplates" fullname="IrsikSoftware.LogSmith.Tests.MessageTemplateEngineTests.Format_MultipleCategories_MaintainsSeparateTemplates" methodname="Format_MultipleCategories_MaintainsSeparateTemplates" classname="IrsikSoftware.LogSmith.Tests.MessageTemplateEngineTests" runstate="Runnable" seed="1161904850" result="Passed" start-time="2025-10-01 07:19:19Z" end-time="2025-10-01 07:19:19Z" duration="0.000224" asserts="0">
                <properties>
                  <property name="retryIteration" value="0" />
                  <property name="repeatIteration" value="0" />
                </properties>
              </test-case>
              <test-case id="1080" name="Format_NoTemplate_UsesDefault" fullname="IrsikSoftware.LogSmith.Tests.MessageTemplateEngineTests.Format_NoTemplate_UsesDefault" methodname="Format_NoTemplate_UsesDefault" classname="IrsikSoftware.LogSmith.Tests.MessageTemplateEngineTests" runstate="Runnable" seed="1027608925" result="Passed" start-time="2025-10-01 07:19:19Z" end-time="2025-10-01 07:19:19Z" duration="0.000188" asserts="0">
                <properties>
                  <property name="retryIteration" value="0" />
                  <property name="repeatIteration" value="0" />
                </properties>
              </test-case>
              <test-case id="1085" name="Format_OptionalFields_OmittedWhenEmpty" fullname="IrsikSoftware.LogSmith.Tests.MessageTemplateEngineTests.Format_OptionalFields_OmittedWhenEmpty" methodname="Format_OptionalFields_OmittedWhenEmpty" classname="IrsikSoftware.LogSmith.Tests.MessageTemplateEngineTests" runstate="Runnable" seed="148758555" result="Passed" start-time="2025-10-01 07:19:19Z" end-time="2025-10-01 07:19:19Z" duration="0.001574" asserts="0">
                <properties>
                  <property name="retryIteration" value="0" />
                  <property name="repeatIteration" value="0" />
                </properties>
              </test-case>
              <test-case id="1090" name="Format_StackToken_ReturnsStackTrace" fullname="IrsikSoftware.LogSmith.Tests.MessageTemplateEngineTests.Format_StackToken_ReturnsStackTrace" methodname="Format_StackToken_ReturnsStackTrace" classname="IrsikSoftware.LogSmith.Tests.MessageTemplateEngineTests" runstate="Runnable" seed="1777331262" result="Passed" start-time="2025-10-01 07:19:19Z" end-time="2025-10-01 07:19:19Z" duration="0.000161" asserts="0">
                <properties>
                  <property name="retryIteration" value="0" />
                  <property name="repeatIteration" value="0" />
                </properties>
              </test-case>
              <test-case id="1074" name="Format_ThreadToken_CombinesNameAndId" fullname="IrsikSoftware.LogSmith.Tests.MessageTemplateEngineTests.Format_ThreadToken_CombinesNameAndId" methodname="Format_ThreadToken_CombinesNameAndId" classname="IrsikSoftware.LogSmith.Tests.MessageTemplateEngineTests" runstate="Runnable" seed="206385048" result="Passed" start-time="2025-10-01 07:19:19Z" end-time="2025-10-01 07:19:19Z" duration="0.000151" asserts="0">
                <properties>
                  <property name="retryIteration" value="0" />
                  <property name="repeatIteration" value="0" />
                </properties>
              </test-case>
              <test-case id="1075" name="Format_ThreadTokenNoName_ShowsIdOnly" fullname="IrsikSoftware.LogSmith.Tests.MessageTemplateEngineTests.Format_ThreadTokenNoName_ShowsIdOnly" methodname="Format_ThreadTokenNoName_ShowsIdOnly" classname="IrsikSoftware.LogSmith.Tests.MessageTemplateEngineTests" runstate="Runnable" seed="922359233" result="Passed" start-time="2025-10-01 07:19:19Z" end-time="2025-10-01 07:19:19Z" duration="0.000168" asserts="0">
                <properties>
                  <property name="retryIteration" value="0" />
                  <property name="repeatIteration" value="0" />
                </properties>
              </test-case>
              <test-case id="1072" name="Format_TimestampWithCustomFormat_FormatsCorrectly" fullname="IrsikSoftware.LogSmith.Tests.MessageTemplateEngineTests.Format_TimestampWithCustomFormat_FormatsCorrectly" methodname="Format_TimestampWithCustomFormat_FormatsCorrectly" classname="IrsikSoftware.LogSmith.Tests.MessageTemplateEngineTests" runstate="Runnable" seed="340787034" result="Passed" start-time="2025-10-01 07:19:19Z" end-time="2025-10-01 07:19:19Z" duration="0.000158" asserts="0">
                <properties>
                  <property name="retryIteration" value="0" />
                  <property name="repeatIteration" value="0" />
                </properties>
              </test-case>
              <test-case id="1073" name="Format_TimestampWithoutFormat_UsesISO8601" fullname="IrsikSoftware.LogSmith.Tests.MessageTemplateEngineTests.Format_TimestampWithoutFormat_UsesISO8601" methodname="Format_TimestampWithoutFormat_UsesISO8601" classname="IrsikSoftware.LogSmith.Tests.MessageTemplateEngineTests" runstate="Runnable" seed="562991821" result="Passed" start-time="2025-10-01 07:19:19Z" end-time="2025-10-01 07:19:19Z" duration="0.000400" asserts="0">
                <properties>
                  <property name="retryIteration" value="0" />
                  <property name="repeatIteration" value="0" />
                </properties>
              </test-case>
              <test-case id="1088" name="GetCategoryTemplate_ReturnsDefaultForUnsetCategory" fullname="IrsikSoftware.LogSmith.Tests.MessageTemplateEngineTests.GetCategoryTemplate_ReturnsDefaultForUnsetCategory" methodname="GetCategoryTemplate_ReturnsDefaultForUnsetCategory" classname="IrsikSoftware.LogSmith.Tests.MessageTemplateEngineTests" runstate="Runnable" seed="147890948" result="Passed" start-time="2025-10-01 07:19:19Z" end-time="2025-10-01 07:19:19Z" duration="0.000161" asserts="0">
                <properties>
                  <property name="retryIteration" value="0" />
                  <property name="repeatIteration" value="0" />
                </properties>
              </test-case>
              <test-case id="1086" name="SetCategoryTemplate_ThrowsOnNullCategory" fullname="IrsikSoftware.LogSmith.Tests.MessageTemplateEngineTests.SetCategoryTemplate_ThrowsOnNullCategory" methodname="SetCategoryTemplate_ThrowsOnNullCategory" classname="IrsikSoftware.LogSmith.Tests.MessageTemplateEngineTests" runstate="Runnable" seed="681629509" result="Passed" start-time="2025-10-01 07:19:19Z" end-time="2025-10-01 07:19:19Z" duration="0.000203" asserts="0">
                <properties>
                  <property name="retryIteration" value="0" />
                  <property name="repeatIteration" value="0" />
                </properties>
              </test-case>
              <test-case id="1087" name="SetCategoryTemplate_ThrowsOnNullTemplate" fullname="IrsikSoftware.LogSmith.Tests.MessageTemplateEngineTests.SetCategoryTemplate_ThrowsOnNullTemplate" methodname="SetCategoryTemplate_ThrowsOnNullTemplate" classname="IrsikSoftware.LogSmith.Tests.MessageTemplateEngineTests" runstate="Runnable" seed="1274276849" result="Passed" start-time="2025-10-01 07:19:19Z" end-time="2025-10-01 07:19:19Z" duration="0.000195" asserts="0">
                <properties>
                  <property name="retryIteration" value="0" />
                  <property name="repeatIteration" value="0" />
                </properties>
              </test-case>
            </test-suite>
            <test-suite type="TestFixture" id="1093" name="PerCategoryMinLevelMatrixTests" fullname="IrsikSoftware.LogSmith.Tests.PerCategoryMinLevelMatrixTests" classname="IrsikSoftware.LogSmith.Tests.PerCategoryMinLevelMatrixTests" runstate="Runnable" testcasecount="118" result="Passed" start-time="2025-10-01 07:19:19Z" end-time="2025-10-01 07:19:19Z" duration="0.028243" total="118" passed="118" failed="0" inconclusive="0" skipped="0" asserts="0">
              <properties />
              <test-suite type="ParameterizedMethod" id="1167" name="CategoryMinLevel_Matrix_FiltersCorrectly" fullname="IrsikSoftware.LogSmith.Tests.PerCategoryMinLevelMatrixTests.CategoryMinLevel_Matrix_FiltersCorrectly" classname="IrsikSoftware.LogSmith.Tests.PerCategoryMinLevelMatrixTests" runstate="Runnable" testcasecount="36" result="Passed" start-time="2025-10-01 07:19:19Z" end-time="2025-10-01 07:19:19Z" duration="0.007184" total="36" passed="36" failed="0" inconclusive="0" skipped="0" asserts="0">
                <properties />
                <test-case id="1131" name="CategoryMinLevel_Matrix_FiltersCorrectly(Trace,Trace)" fullname="IrsikSoftware.LogSmith.Tests.PerCategoryMinLevelMatrixTests.CategoryMinLevel_Matrix_FiltersCorrectly(Trace,Trace)" methodname="CategoryMinLevel_Matrix_FiltersCorrectly" classname="IrsikSoftware.LogSmith.Tests.PerCategoryMinLevelMatrixTests" runstate="Runnable" seed="309657544" result="Passed" start-time="2025-10-01 07:19:19Z" end-time="2025-10-01 07:19:19Z" duration="0.000674" asserts="0">
                  <properties>
                    <property name="retryIteration" value="0" />
                    <property name="repeatIteration" value="0" />
                  </properties>
                </test-case>
                <test-case id="1132" name="CategoryMinLevel_Matrix_FiltersCorrectly(Trace,Debug)" fullname="IrsikSoftware.LogSmith.Tests.PerCategoryMinLevelMatrixTests.CategoryMinLevel_Matrix_FiltersCorrectly(Trace,Debug)" methodname="CategoryMinLevel_Matrix_FiltersCorrectly" classname="IrsikSoftware.LogSmith.Tests.PerCategoryMinLevelMatrixTests" runstate="Runnable" seed="1522978188" result="Passed" start-time="2025-10-01 07:19:19Z" end-time="2025-10-01 07:19:19Z" duration="0.000084" asserts="0">
                  <properties>
                    <property name="retryIteration" value="0" />
                    <property name="repeatIteration" value="0" />
                  </properties>
                </test-case>
                <test-case id="1133" name="CategoryMinLevel_Matrix_FiltersCorrectly(Trace,Info)" fullname="IrsikSoftware.LogSmith.Tests.PerCategoryMinLevelMatrixTests.CategoryMinLevel_Matrix_FiltersCorrectly(Trace,Info)" methodname="CategoryMinLevel_Matrix_FiltersCorrectly" classname="IrsikSoftware.LogSmith.Tests.PerCategoryMinLevelMatrixTests" runstate="Runnable" seed="424369059" result="Passed" start-time="2025-10-01 07:19:19Z" end-time="2025-10-01 07:19:19Z" duration="0.000074" asserts="0">
                  <properties>
                    <property name="retryIteration" value="0" />
                    <property name="repeatIteration" value="0" />
                  </properties>
                </test-case>
                <test-case id="1134" name="CategoryMinLevel_Matrix_FiltersCorrectly(Trace,Warn)" fullname="IrsikSoftware.LogSmith.Tests.PerCategoryMinLevelMatrixTests.CategoryMinLevel_Matrix_FiltersCorrectly(Trace,Warn)" methodname="CategoryMinLevel_Matrix_FiltersCorrectly" classname="IrsikSoftware.LogSmith.Tests.PerCategoryMinLevelMatrixTests" runstate="Runnable" seed="102894565" result="Passed" start-time="2025-10-01 07:19:19Z" end-time="2025-10-01 07:19:19Z" duration="0.000074" asserts="0">
                  <properties>
                    <property name="retryIteration" value="0" />
                    <property name="repeatIteration" value="0" />
                  </properties>
                </test-case>
                <test-case id="1135" name="CategoryMinLevel_Matrix_FiltersCorrectly(Trace,Error)" fullname="IrsikSoftware.LogSmith.Tests.PerCategoryMinLevelMatrixTests.CategoryMinLevel_Matrix_FiltersCorrectly(Trace,Error)" methodname="CategoryMinLevel_Matrix_FiltersCorrectly" classname="IrsikSoftware.LogSmith.Tests.PerCategoryMinLevelMatrixTests" runstate="Runnable" seed="1740428044" result="Passed" start-time="2025-10-01 07:19:19Z" end-time="2025-10-01 07:19:19Z" duration="0.000074" asserts="0">
                  <properties>
                    <property name="retryIteration" value="0" />
                    <property name="repeatIteration" value="0" />
                  </properties>
                </test-case>
                <test-case id="1136" name="CategoryMinLevel_Matrix_FiltersCorrectly(Trace,Critical)" fullname="IrsikSoftware.LogSmith.Tests.PerCategoryMinLevelMatrixTests.CategoryMinLevel_Matrix_FiltersCorrectly(Trace,Critical)" methodname="CategoryMinLevel_Matrix_FiltersCorrectly" classname="IrsikSoftware.LogSmith.Tests.PerCategoryMinLevelMatrixTests" runstate="Runnable" seed="824981908" result="Passed" start-time="2025-10-01 07:19:19Z" end-time="2025-10-01 07:19:19Z" duration="0.000075" asserts="0">
                  <properties>
                    <property name="retryIteration" value="0" />
                    <property name="repeatIteration" value="0" />
                  </properties>
                </test-case>
                <test-case id="1137" name="CategoryMinLevel_Matrix_FiltersCorrectly(Debug,Trace)" fullname="IrsikSoftware.LogSmith.Tests.PerCategoryMinLevelMatrixTests.CategoryMinLevel_Matrix_FiltersCorrectly(Debug,Trace)" methodname="CategoryMinLevel_Matrix_FiltersCorrectly" classname="IrsikSoftware.LogSmith.Tests.PerCategoryMinLevelMatrixTests" runstate="Runnable" seed="1532793441" result="Passed" start-time="2025-10-01 07:19:19Z" end-time="2025-10-01 07:19:19Z" duration="0.000072" asserts="0">
                  <properties>
                    <property name="retryIteration" value="0" />
                    <property name="repeatIteration" value="0" />
                  </properties>
                </test-case>
                <test-case id="1138" name="CategoryMinLevel_Matrix_FiltersCorrectly(Debug,Debug)" fullname="IrsikSoftware.LogSmith.Tests.PerCategoryMinLevelMatrixTests.CategoryMinLevel_Matrix_FiltersCorrectly(Debug,Debug)" methodname="CategoryMinLevel_Matrix_FiltersCorrectly" classname="IrsikSoftware.LogSmith.Tests.PerCategoryMinLevelMatrixTests" runstate="Runnable" seed="723313141" result="Passed" start-time="2025-10-01 07:19:19Z" end-time="2025-10-01 07:19:19Z" duration="0.000073" asserts="0">
                  <properties>
                    <property name="retryIteration" value="0" />
                    <property name="repeatIteration" value="0" />
                  </properties>
                </test-case>
                <test-case id="1139" name="CategoryMinLevel_Matrix_FiltersCorrectly(Debug,Info)" fullname="IrsikSoftware.LogSmith.Tests.PerCategoryMinLevelMatrixTests.CategoryMinLevel_Matrix_FiltersCorrectly(Debug,Info)" methodname="CategoryMinLevel_Matrix_FiltersCorrectly" classname="IrsikSoftware.LogSmith.Tests.PerCategoryMinLevelMatrixTests" runstate="Runnable" seed="1802507668" result="Passed" start-time="2025-10-01 07:19:19Z" end-time="2025-10-01 07:19:19Z" duration="0.000076" asserts="0">
                  <properties>
                    <property name="retryIteration" value="0" />
                    <property name="repeatIteration" value="0" />
                  </properties>
                </test-case>
                <test-case id="1140" name="CategoryMinLevel_Matrix_FiltersCorrectly(Debug,Warn)" fullname="IrsikSoftware.LogSmith.Tests.PerCategoryMinLevelMatrixTests.CategoryMinLevel_Matrix_FiltersCorrectly(Debug,Warn)" methodname="CategoryMinLevel_Matrix_FiltersCorrectly" classname="IrsikSoftware.LogSmith.Tests.PerCategoryMinLevelMatrixTests" runstate="Runnable" seed="1095332494" result="Passed" start-time="2025-10-01 07:19:19Z" end-time="2025-10-01 07:19:19Z" duration="0.000074" asserts="0">
                  <properties>
                    <property name="retryIteration" value="0" />
                    <property name="repeatIteration" value="0" />
                  </properties>
                </test-case>
                <test-case id="1141" name="CategoryMinLevel_Matrix_FiltersCorrectly(Debug,Error)" fullname="IrsikSoftware.LogSmith.Tests.PerCategoryMinLevelMatrixTests.CategoryMinLevel_Matrix_FiltersCorrectly(Debug,Error)" methodname="CategoryMinLevel_Matrix_FiltersCorrectly" classname="IrsikSoftware.LogSmith.Tests.PerCategoryMinLevelMatrixTests" runstate="Runnable" seed="85952996" result="Passed" start-time="2025-10-01 07:19:19Z" end-time="2025-10-01 07:19:19Z" duration="0.000074" asserts="0">
                  <properties>
                    <property name="retryIteration" value="0" />
                    <property name="repeatIteration" value="0" />
                  </properties>
                </test-case>
                <test-case id="1142" name="CategoryMinLevel_Matrix_FiltersCorrectly(Debug,Critical)" fullname="IrsikSoftware.LogSmith.Tests.PerCategoryMinLevelMatrixTests.CategoryMinLevel_Matrix_FiltersCorrectly(Debug,Critical)" methodname="CategoryMinLevel_Matrix_FiltersCorrectly" classname="IrsikSoftware.LogSmith.Tests.PerCategoryMinLevelMatrixTests" runstate="Runnable" seed="663985212" result="Passed" start-time="2025-10-01 07:19:19Z" end-time="2025-10-01 07:19:19Z" duration="0.000086" asserts="0">
                  <properties>
                    <property name="retryIteration" value="0" />
                    <property name="repeatIteration" value="0" />
                  </properties>
                </test-case>
                <test-case id="1143" name="CategoryMinLevel_Matrix_FiltersCorrectly(Info,Trace)" fullname="IrsikSoftware.LogSmith.Tests.PerCategoryMinLevelMatrixTests.CategoryMinLevel_Matrix_FiltersCorrectly(Info,Trace)" methodname="CategoryMinLevel_Matrix_FiltersCorrectly" classname="IrsikSoftware.LogSmith.Tests.PerCategoryMinLevelMatrixTests" runstate="Runnable" seed="2007409369" result="Passed" start-time="2025-10-01 07:19:19Z" end-time="2025-10-01 07:19:19Z" duration="0.000073" asserts="0">
                  <properties>
                    <property name="retryIteration" value="0" />
                    <property name="repeatIteration" value="0" />
                  </properties>
                </test-case>
                <test-case id="1144" name="CategoryMinLevel_Matrix_FiltersCorrectly(Info,Debug)" fullname="IrsikSoftware.LogSmith.Tests.PerCategoryMinLevelMatrixTests.CategoryMinLevel_Matrix_FiltersCorrectly(Info,Debug)" methodname="CategoryMinLevel_Matrix_FiltersCorrectly" classname="IrsikSoftware.LogSmith.Tests.PerCategoryMinLevelMatrixTests" runstate="Runnable" seed="1682640088" result="Passed" start-time="2025-10-01 07:19:19Z" end-time="2025-10-01 07:19:19Z" duration="0.000074" asserts="0">
                  <properties>
                    <property name="retryIteration" value="0" />
                    <property name="repeatIteration" value="0" />
                  </properties>
                </test-case>
                <test-case id="1145" name="CategoryMinLevel_Matrix_FiltersCorrectly(Info,Info)" fullname="IrsikSoftware.LogSmith.Tests.PerCategoryMinLevelMatrixTests.CategoryMinLevel_Matrix_FiltersCorrectly(Info,Info)" methodname="CategoryMinLevel_Matrix_FiltersCorrectly" classname="IrsikSoftware.LogSmith.Tests.PerCategoryMinLevelMatrixTests" runstate="Runnable" seed="204228101" result="Passed" start-time="2025-10-01 07:19:19Z" end-time="2025-10-01 07:19:19Z" duration="0.000075" asserts="0">
                  <properties>
                    <property name="retryIteration" value="0" />
                    <property name="repeatIteration" value="0" />
                  </properties>
                </test-case>
                <test-case id="1146" name="CategoryMinLevel_Matrix_FiltersCorrectly(Info,Warn)" fullname="IrsikSoftware.LogSmith.Tests.PerCategoryMinLevelMatrixTests.CategoryMinLevel_Matrix_FiltersCorrectly(Info,Warn)" methodname="CategoryMinLevel_Matrix_FiltersCorrectly" classname="IrsikSoftware.LogSmith.Tests.PerCategoryMinLevelMatrixTests" runstate="Runnable" seed="1793545934" result="Passed" start-time="2025-10-01 07:19:19Z" end-time="2025-10-01 07:19:19Z" duration="0.000073" asserts="0">
                  <properties>
                    <property name="retryIteration" value="0" />
                    <property name="repeatIteration" value="0" />
                  </properties>
                </test-case>
                <test-case id="1147" name="CategoryMinLevel_Matrix_FiltersCorrectly(Info,Error)" fullname="IrsikSoftware.LogSmith.Tests.PerCategoryMinLevelMatrixTests.CategoryMinLevel_Matrix_FiltersCorrectly(Info,Error)" methodname="CategoryMinLevel_Matrix_FiltersCorrectly" classname="IrsikSoftware.LogSmith.Tests.PerCategoryMinLevelMatrixTests" runstate="Runnable" seed="511003018" result="Passed" start-time="2025-10-01 07:19:19Z" end-time="2025-10-01 07:19:19Z" duration="0.000075" asserts="0">
                  <properties>
                    <property name="retryIteration" value="0" />
                    <property name="repeatIteration" value="0" />
                  </properties>
                </test-case>
                <test-case id="1148" name="CategoryMinLevel_Matrix_FiltersCorrectly(Info,Critical)" fullname="IrsikSoftware.LogSmith.Tests.PerCategoryMinLevelMatrixTests.CategoryMinLevel_Matrix_FiltersCorrectly(Info,Critical)" methodname="CategoryMinLevel_Matrix_FiltersCorrectly" classname="IrsikSoftware.LogSmith.Tests.PerCategoryMinLevelMatrixTests" runstate="Runnable" seed="1325370780" result="Passed" start-time="2025-10-01 07:19:19Z" end-time="2025-10-01 07:19:19Z" duration="0.000073" asserts="0">
                  <properties>
                    <property name="retryIteration" value="0" />
                    <property name="repeatIteration" value="0" />
                  </properties>
                </test-case>
                <test-case id="1149" name="CategoryMinLevel_Matrix_FiltersCorrectly(Warn,Trace)" fullname="IrsikSoftware.LogSmith.Tests.PerCategoryMinLevelMatrixTests.CategoryMinLevel_Matrix_FiltersCorrectly(Warn,Trace)" methodname="CategoryMinLevel_Matrix_FiltersCorrectly" classname="IrsikSoftware.LogSmith.Tests.PerCategoryMinLevelMatrixTests" runstate="Runnable" seed="9151850" result="Passed" start-time="2025-10-01 07:19:19Z" end-time="2025-10-01 07:19:19Z" duration="0.000077" asserts="0">
                  <properties>
                    <property name="retryIteration" value="0" />
                    <property name="repeatIteration" value="0" />
                  </properties>
                </test-case>
                <test-case id="1150" name="CategoryMinLevel_Matrix_FiltersCorrectly(Warn,Debug)" fullname="IrsikSoftware.LogSmith.Tests.PerCategoryMinLevelMatrixTests.CategoryMinLevel_Matrix_FiltersCorrectly(Warn,Debug)" methodname="CategoryMinLevel_Matrix_FiltersCorrectly" classname="IrsikSoftware.LogSmith.Tests.PerCategoryMinLevelMatrixTests" runstate="Runnable" seed="1828929875" result="Passed" start-time="2025-10-01 07:19:19Z" end-time="2025-10-01 07:19:19Z" duration="0.000075" asserts="0">
                  <properties>
                    <property name="retryIteration" value="0" />
                    <property name="repeatIteration" value="0" />
                  </properties>
                </test-case>
                <test-case id="1151" name="CategoryMinLevel_Matrix_FiltersCorrectly(Warn,Info)" fullname="IrsikSoftware.LogSmith.Tests.PerCategoryMinLevelMatrixTests.CategoryMinLevel_Matrix_FiltersCorrectly(Warn,Info)" methodname="CategoryMinLevel_Matrix_FiltersCorrectly" classname="IrsikSoftware.LogSmith.Tests.PerCategoryMinLevelMatrixTests" runstate="Runnable" seed="1262722345" result="Passed" start-time="2025-10-01 07:19:19Z" end-time="2025-10-01 07:19:19Z" duration="0.000075" asserts="0">
                  <properties>
                    <property name="retryIteration" value="0" />
                    <property name="repeatIteration" value="0" />
                  </properties>
                </test-case>
                <test-case id="1152" name="CategoryMinLevel_Matrix_FiltersCorrectly(Warn,Warn)" fullname="IrsikSoftware.LogSmith.Tests.PerCategoryMinLevelMatrixTests.CategoryMinLevel_Matrix_FiltersCorrectly(Warn,Warn)" methodname="CategoryMinLevel_Matrix_FiltersCorrectly" classname="IrsikSoftware.LogSmith.Tests.PerCategoryMinLevelMatrixTests" runstate="Runnable" seed="558853548" result="Passed" start-time="2025-10-01 07:19:19Z" end-time="2025-10-01 07:19:19Z" duration="0.000075" asserts="0">
                  <properties>
                    <property name="retryIteration" value="0" />
                    <property name="repeatIteration" value="0" />
                  </properties>
                </test-case>
                <test-case id="1153" name="CategoryMinLevel_Matrix_FiltersCorrectly(Warn,Error)" fullname="IrsikSoftware.LogSmith.Tests.PerCategoryMinLevelMatrixTests.CategoryMinLevel_Matrix_FiltersCorrectly(Warn,Error)" methodname="CategoryMinLevel_Matrix_FiltersCorrectly" classname="IrsikSoftware.LogSmith.Tests.PerCategoryMinLevelMatrixTests" runstate="Runnable" seed="1191554611" result="Passed" start-time="2025-10-01 07:19:19Z" end-time="2025-10-01 07:19:19Z" duration="0.000075" asserts="0">
                  <properties>
                    <property name="retryIteration" value="0" />
                    <property name="repeatIteration" value="0" />
                  </properties>
                </test-case>
                <test-case id="1154" name="CategoryMinLevel_Matrix_FiltersCorrectly(Warn,Critical)" fullname="IrsikSoftware.LogSmith.Tests.PerCategoryMinLevelMatrixTests.CategoryMinLevel_Matrix_FiltersCorrectly(Warn,Critical)" methodname="CategoryMinLevel_Matrix_FiltersCorrectly" classname="IrsikSoftware.LogSmith.Tests.PerCategoryMinLevelMatrixTests" runstate="Runnable" seed="129613914" result="Passed" start-time="2025-10-01 07:19:19Z" end-time="2025-10-01 07:19:19Z" duration="0.000077" asserts="0">
                  <properties>
                    <property name="retryIteration" value="0" />
                    <property name="repeatIteration" value="0" />
                  </properties>
                </test-case>
                <test-case id="1155" name="CategoryMinLevel_Matrix_FiltersCorrectly(Error,Trace)" fullname="IrsikSoftware.LogSmith.Tests.PerCategoryMinLevelMatrixTests.CategoryMinLevel_Matrix_FiltersCorrectly(Error,Trace)" methodname="CategoryMinLevel_Matrix_FiltersCorrectly" classname="IrsikSoftware.LogSmith.Tests.PerCategoryMinLevelMatrixTests" runstate="Runnable" seed="2066445907" result="Passed" start-time="2025-10-01 07:19:19Z" end-time="2025-10-01 07:19:19Z" duration="0.000076" asserts="0">
                  <properties>
                    <property name="retryIteration" value="0" />
                    <property name="repeatIteration" value="0" />
                  </properties>
                </test-case>
                <test-case id="1156" name="CategoryMinLevel_Matrix_FiltersCorrectly(Error,Debug)" fullname="IrsikSoftware.LogSmith.Tests.PerCategoryMinLevelMatrixTests.CategoryMinLevel_Matrix_FiltersCorrectly(Error,Debug)" methodname="CategoryMinLevel_Matrix_FiltersCorrectly" classname="IrsikSoftware.LogSmith.Tests.PerCategoryMinLevelMatrixTests" runstate="Runnable" seed="370488738" result="Passed" start-time="2025-10-01 07:19:19Z" end-time="2025-10-01 07:19:19Z" duration="0.000074" asserts="0">
                  <properties>
                    <property name="retryIteration" value="0" />
                    <property name="repeatIteration" value="0" />
                  </properties>
                </test-case>
                <test-case id="1157" name="CategoryMinLevel_Matrix_FiltersCorrectly(Error,Info)" fullname="IrsikSoftware.LogSmith.Tests.PerCategoryMinLevelMatrixTests.CategoryMinLevel_Matrix_FiltersCorrectly(Error,Info)" methodname="CategoryMinLevel_Matrix_FiltersCorrectly" classname="IrsikSoftware.LogSmith.Tests.PerCategoryMinLevelMatrixTests" runstate="Runnable" seed="834646560" result="Passed" start-time="2025-10-01 07:19:19Z" end-time="2025-10-01 07:19:19Z" duration="0.000073" asserts="0">
                  <properties>
                    <property name="retryIteration" value="0" />
                    <property name="repeatIteration" value="0" />
                  </properties>
                </test-case>
                <test-case id="1158" name="CategoryMinLevel_Matrix_FiltersCorrectly(Error,Warn)" fullname="IrsikSoftware.LogSmith.Tests.PerCategoryMinLevelMatrixTests.CategoryMinLevel_Matrix_FiltersCorrectly(Error,Warn)" methodname="CategoryMinLevel_Matrix_FiltersCorrectly" classname="IrsikSoftware.LogSmith.Tests.PerCategoryMinLevelMatrixTests" runstate="Runnable" seed="1242392774" result="Passed" start-time="2025-10-01 07:19:19Z" end-time="2025-10-01 07:19:19Z" duration="0.000077" asserts="0">
                  <properties>
                    <property name="retryIteration" value="0" />
                    <property name="repeatIteration" value="0" />
                  </properties>
                </test-case>
                <test-case id="1159" name="CategoryMinLevel_Matrix_FiltersCorrectly(Error,Error)" fullname="IrsikSoftware.LogSmith.Tests.PerCategoryMinLevelMatrixTests.CategoryMinLevel_Matrix_FiltersCorrectly(Error,Error)" methodname="CategoryMinLevel_Matrix_FiltersCorrectly" classname="IrsikSoftware.LogSmith.Tests.PerCategoryMinLevelMatrixTests" runstate="Runnable" seed="614413861" result="Passed" start-time="2025-10-01 07:19:19Z" end-time="2025-10-01 07:19:19Z" duration="0.000075" asserts="0">
                  <properties>
                    <property name="retryIteration" value="0" />
                    <property name="repeatIteration" value="0" />
                  </properties>
                </test-case>
                <test-case id="1160" name="CategoryMinLevel_Matrix_FiltersCorrectly(Error,Critical)" fullname="IrsikSoftware.LogSmith.Tests.PerCategoryMinLevelMatrixTests.CategoryMinLevel_Matrix_FiltersCorrectly(Error,Critical)" methodname="CategoryMinLevel_Matrix_FiltersCorrectly" classname="IrsikSoftware.LogSmith.Tests.PerCategoryMinLevelMatrixTests" runstate="Runnable" seed="713948588" result="Passed" start-time="2025-10-01 07:19:19Z" end-time="2025-10-01 07:19:19Z" duration="0.000075" asserts="0">
                  <properties>
                    <property name="retryIteration" value="0" />
                    <property name="repeatIteration" value="0" />
                  </properties>
                </test-case>
                <test-case id="1161" name="CategoryMinLevel_Matrix_FiltersCorrectly(Critical,Trace)" fullname="IrsikSoftware.LogSmith.Tests.PerCategoryMinLevelMatrixTests.CategoryMinLevel_Matrix_FiltersCorrectly(Critical,Trace)" methodname="CategoryMinLevel_Matrix_FiltersCorrectly" classname="IrsikSoftware.LogSmith.Tests.PerCategoryMinLevelMatrixTests" runstate="Runnable" seed="439858548" result="Passed" start-time="2025-10-01 07:19:19Z" end-time="2025-10-01 07:19:19Z" duration="0.000089" asserts="0">
                  <properties>
                    <property name="retryIteration" value="0" />
                    <property name="repeatIteration" value="0" />
                  </properties>
                </test-case>
                <test-case id="1162" name="CategoryMinLevel_Matrix_FiltersCorrectly(Critical,Debug)" fullname="IrsikSoftware.LogSmith.Tests.PerCategoryMinLevelMatrixTests.CategoryMinLevel_Matrix_FiltersCorrectly(Critical,Debug)" methodname="CategoryMinLevel_Matrix_FiltersCorrectly" classname="IrsikSoftware.LogSmith.Tests.PerCategoryMinLevelMatrixTests" runstate="Runnable" seed="1626256885" result="Passed" start-time="2025-10-01 07:19:19Z" end-time="2025-10-01 07:19:19Z" duration="0.000074" asserts="0">
                  <properties>
                    <property name="retryIteration" value="0" />
                    <property name="repeatIteration" value="0" />
                  </properties>
                </test-case>
                <test-case id="1163" name="CategoryMinLevel_Matrix_FiltersCorrectly(Critical,Info)" fullname="IrsikSoftware.LogSmith.Tests.PerCategoryMinLevelMatrixTests.CategoryMinLevel_Matrix_FiltersCorrectly(Critical,Info)" methodname="CategoryMinLevel_Matrix_FiltersCorrectly" classname="IrsikSoftware.LogSmith.Tests.PerCategoryMinLevelMatrixTests" runstate="Runnable" seed="1489779270" result="Passed" start-time="2025-10-01 07:19:19Z" end-time="2025-10-01 07:19:19Z" duration="0.000074" asserts="0">
                  <properties>
                    <property name="retryIteration" value="0" />
                    <property name="repeatIteration" value="0" />
                  </properties>
                </test-case>
                <test-case id="1164" name="CategoryMinLevel_Matrix_FiltersCorrectly(Critical,Warn)" fullname="IrsikSoftware.LogSmith.Tests.PerCategoryMinLevelMatrixTests.CategoryMinLevel_Matrix_FiltersCorrectly(Critical,Warn)" methodname="CategoryMinLevel_Matrix_FiltersCorrectly" classname="IrsikSoftware.LogSmith.Tests.PerCategoryMinLevelMatrixTests" runstate="Runnable" seed="1056612122" result="Passed" start-time="2025-10-01 07:19:19Z" end-time="2025-10-01 07:19:19Z" duration="0.000073" asserts="0">
                  <properties>
                    <property name="retryIteration" value="0" />
                    <property name="repeatIteration" value="0" />
                  </properties>
                </test-case>
                <test-case id="1165" name="CategoryMinLevel_Matrix_FiltersCorrectly(Critical,Error)" fullname="IrsikSoftware.LogSmith.Tests.PerCategoryMinLevelMatrixTests.CategoryMinLevel_Matrix_FiltersCorrectly(Critical,Error)" methodname="CategoryMinLevel_Matrix_FiltersCorrectly" classname="IrsikSoftware.LogSmith.Tests.PerCategoryMinLevelMatrixTests" runstate="Runnable" seed="70206170" result="Passed" start-time="2025-10-01 07:19:19Z" end-time="2025-10-01 07:19:19Z" duration="0.000074" asserts="0">
                  <properties>
                    <property name="retryIteration" value="0" />
                    <property name="repeatIteration" value="0" />
                  </properties>
                </test-case>
                <test-case id="1166" name="CategoryMinLevel_Matrix_FiltersCorrectly(Critical,Critical)" fullname="IrsikSoftware.LogSmith.Tests.PerCategoryMinLevelMatrixTests.CategoryMinLevel_Matrix_FiltersCorrectly(Critical,Critical)" methodname="CategoryMinLevel_Matrix_FiltersCorrectly" classname="IrsikSoftware.LogSmith.Tests.PerCategoryMinLevelMatrixTests" runstate="Runnable" seed="1768110975" result="Passed" start-time="2025-10-01 07:19:19Z" end-time="2025-10-01 07:19:19Z" duration="0.000074" asserts="0">
                  <properties>
                    <property name="retryIteration" value="0" />
                    <property name="repeatIteration" value="0" />
                  </properties>
                </test-case>
              </test-suite>
              <test-case id="1215" name="ClearCategoryFilter_FallsBackToRegistryMinimum" fullname="IrsikSoftware.LogSmith.Tests.PerCategoryMinLevelMatrixTests.ClearCategoryFilter_FallsBackToRegistryMinimum" methodname="ClearCategoryFilter_FallsBackToRegistryMinimum" classname="IrsikSoftware.LogSmith.Tests.PerCategoryMinLevelMatrixTests" runstate="Runnable" seed="1829092071" result="Passed" start-time="2025-10-01 07:19:19Z" end-time="2025-10-01 07:19:19Z" duration="0.000378" asserts="0">
                <properties>
                  <property name="retryIteration" value="0" />
                  <property name="repeatIteration" value="0" />
                </properties>
              </test-case>
              <test-suite type="ParameterizedMethod" id="1211" name="DisabledCategory_Matrix_BlocksAllLevels" fullname="IrsikSoftware.LogSmith.Tests.PerCategoryMinLevelMatrixTests.DisabledCategory_Matrix_BlocksAllLevels" classname="IrsikSoftware.LogSmith.Tests.PerCategoryMinLevelMatrixTests" runstate="Runnable" testcasecount="6" result="Passed" start-time="2025-10-01 07:19:19Z" end-time="2025-10-01 07:19:19Z" duration="0.001714" total="6" passed="6" failed="0" inconclusive="0" skipped="0" asserts="0">
                <properties />
                <test-case id="1205" name="DisabledCategory_Matrix_BlocksAllLevels(Trace)" fullname="IrsikSoftware.LogSmith.Tests.PerCategoryMinLevelMatrixTests.DisabledCategory_Matrix_BlocksAllLevels(Trace)" methodname="DisabledCategory_Matrix_BlocksAllLevels" classname="IrsikSoftware.LogSmith.Tests.PerCategoryMinLevelMatrixTests" runstate="Runnable" seed="2030003280" result="Passed" start-time="2025-10-01 07:19:19Z" end-time="2025-10-01 07:19:19Z" duration="0.000342" asserts="0">
                  <properties>
                    <property name="retryIteration" value="0" />
                    <property name="repeatIteration" value="0" />
                  </properties>
                </test-case>
                <test-case id="1206" name="DisabledCategory_Matrix_BlocksAllLevels(Debug)" fullname="IrsikSoftware.LogSmith.Tests.PerCategoryMinLevelMatrixTests.DisabledCategory_Matrix_BlocksAllLevels(Debug)" methodname="DisabledCategory_Matrix_BlocksAllLevels" classname="IrsikSoftware.LogSmith.Tests.PerCategoryMinLevelMatrixTests" runstate="Runnable" seed="1703979114" result="Passed" start-time="2025-10-01 07:19:19Z" end-time="2025-10-01 07:19:19Z" duration="0.000081" asserts="0">
                  <properties>
                    <property name="retryIteration" value="0" />
                    <property name="repeatIteration" value="0" />
                  </properties>
                </test-case>
                <test-case id="1207" name="DisabledCategory_Matrix_BlocksAllLevels(Info)" fullname="IrsikSoftware.LogSmith.Tests.PerCategoryMinLevelMatrixTests.DisabledCategory_Matrix_BlocksAllLevels(Info)" methodname="DisabledCategory_Matrix_BlocksAllLevels" classname="IrsikSoftware.LogSmith.Tests.PerCategoryMinLevelMatrixTests" runstate="Runnable" seed="1841735530" result="Passed" start-time="2025-10-01 07:19:19Z" end-time="2025-10-01 07:19:19Z" duration="0.000076" asserts="0">
                  <properties>
                    <property name="retryIteration" value="0" />
                    <property name="repeatIteration" value="0" />
                  </properties>
                </test-case>
                <test-case id="1208" name="DisabledCategory_Matrix_BlocksAllLevels(Warn)" fullname="IrsikSoftware.LogSmith.Tests.PerCategoryMinLevelMatrixTests.DisabledCategory_Matrix_BlocksAllLevels(Warn)" methodname="DisabledCategory_Matrix_BlocksAllLevels" classname="IrsikSoftware.LogSmith.Tests.PerCategoryMinLevelMatrixTests" runstate="Runnable" seed="177283802" result="Passed" start-time="2025-10-01 07:19:19Z" end-time="2025-10-01 07:19:19Z" duration="0.000074" asserts="0">
                  <properties>
                    <property name="retryIteration" value="0" />
                    <property name="repeatIteration" value="0" />
                  </properties>
                </test-case>
                <test-case id="1209" name="DisabledCategory_Matrix_BlocksAllLevels(Error)" fullname="IrsikSoftware.LogSmith.Tests.PerCategoryMinLevelMatrixTests.DisabledCategory_Matrix_BlocksAllLevels(Error)" methodname="DisabledCategory_Matrix_BlocksAllLevels" classname="IrsikSoftware.LogSmith.Tests.PerCategoryMinLevelMatrixTests" runstate="Runnable" seed="1592765621" result="Passed" start-time="2025-10-01 07:19:19Z" end-time="2025-10-01 07:19:19Z" duration="0.000072" asserts="0">
                  <properties>
                    <property name="retryIteration" value="0" />
                    <property name="repeatIteration" value="0" />
                  </properties>
                </test-case>
                <test-case id="1210" name="DisabledCategory_Matrix_BlocksAllLevels(Critical)" fullname="IrsikSoftware.LogSmith.Tests.PerCategoryMinLevelMatrixTests.DisabledCategory_Matrix_BlocksAllLevels(Critical)" methodname="DisabledCategory_Matrix_BlocksAllLevels" classname="IrsikSoftware.LogSmith.Tests.PerCategoryMinLevelMatrixTests" runstate="Runnable" seed="214242524" result="Passed" start-time="2025-10-01 07:19:19Z" end-time="2025-10-01 07:19:19Z" duration="0.000074" asserts="0">
                  <properties>
                    <property name="retryIteration" value="0" />
                    <property name="repeatIteration" value="0" />
                  </properties>
                </test-case>
              </test-suite>
              <test-case id="1214" name="FullPrecedenceChain_GlobalMinimumWhenNoRegistryOrFilter" fullname="IrsikSoftware.LogSmith.Tests.PerCategoryMinLevelMatrixTests.FullPrecedenceChain_GlobalMinimumWhenNoRegistryOrFilter" methodname="FullPrecedenceChain_GlobalMinimumWhenNoRegistryOrFilter" classname="IrsikSoftware.LogSmith.Tests.PerCategoryMinLevelMatrixTests" runstate="Runnable" seed="2032389893" result="Passed" start-time="2025-10-01 07:19:19Z" end-time="2025-10-01 07:19:19Z" duration="0.000335" asserts="0">
                <properties>
                  <property name="retryIteration" value="0" />
                  <property name="repeatIteration" value="0" />
                </properties>
              </test-case>
              <test-case id="1213" name="FullPrecedenceChain_RegistryMinimumWhenNoRouterFilter" fullname="IrsikSoftware.LogSmith.Tests.PerCategoryMinLevelMatrixTests.FullPrecedenceChain_RegistryMinimumWhenNoRouterFilter" methodname="FullPrecedenceChain_RegistryMinimumWhenNoRouterFilter" classname="IrsikSoftware.LogSmith.Tests.PerCategoryMinLevelMatrixTests" runstate="Runnable" seed="1977268791" result="Passed" start-time="2025-10-01 07:19:19Z" end-time="2025-10-01 07:19:19Z" duration="0.000358" asserts="0">
                <properties>
                  <property name="retryIteration" value="0" />
                  <property name="repeatIteration" value="0" />
                </properties>
              </test-case>
              <test-case id="1212" name="FullPrecedenceChain_RouterFilterOverridesRegistry" fullname="IrsikSoftware.LogSmith.Tests.PerCategoryMinLevelMatrixTests.FullPrecedenceChain_RouterFilterOverridesRegistry" methodname="FullPrecedenceChain_RouterFilterOverridesRegistry" classname="IrsikSoftware.LogSmith.Tests.PerCategoryMinLevelMatrixTests" runstate="Runnable" seed="1925329910" result="Passed" start-time="2025-10-01 07:19:19Z" end-time="2025-10-01 07:19:19Z" duration="0.000341" asserts="0">
                <properties>
                  <property name="retryIteration" value="0" />
                  <property name="repeatIteration" value="0" />
                </properties>
              </test-case>
              <test-suite type="ParameterizedMethod" id="1130" name="GlobalMinLevel_Matrix_FiltersCorrectly" fullname="IrsikSoftware.LogSmith.Tests.PerCategoryMinLevelMatrixTests.GlobalMinLevel_Matrix_FiltersCorrectly" classname="IrsikSoftware.LogSmith.Tests.PerCategoryMinLevelMatrixTests" runstate="Runnable" testcasecount="36" result="Passed" start-time="2025-10-01 07:19:19Z" end-time="2025-10-01 07:19:19Z" duration="0.006856" total="36" passed="36" failed="0" inconclusive="0" skipped="0" asserts="0">
                <properties />
                <test-case id="1094" name="GlobalMinLevel_Matrix_FiltersCorrectly(Trace,Trace)" fullname="IrsikSoftware.LogSmith.Tests.PerCategoryMinLevelMatrixTests.GlobalMinLevel_Matrix_FiltersCorrectly(Trace,Trace)" methodname="GlobalMinLevel_Matrix_FiltersCorrectly" classname="IrsikSoftware.LogSmith.Tests.PerCategoryMinLevelMatrixTests" runstate="Runnable" seed="1572376810" result="Passed" start-time="2025-10-01 07:19:19Z" end-time="2025-10-01 07:19:19Z" duration="0.000297" asserts="0">
                  <properties>
                    <property name="retryIteration" value="0" />
                    <property name="repeatIteration" value="0" />
                  </properties>
                </test-case>
                <test-case id="1095" name="GlobalMinLevel_Matrix_FiltersCorrectly(Trace,Debug)" fullname="IrsikSoftware.LogSmith.Tests.PerCategoryMinLevelMatrixTests.GlobalMinLevel_Matrix_FiltersCorrectly(Trace,Debug)" methodname="GlobalMinLevel_Matrix_FiltersCorrectly" classname="IrsikSoftware.LogSmith.Tests.PerCategoryMinLevelMatrixTests" runstate="Runnable" seed="1821285466" result="Passed" start-time="2025-10-01 07:19:19Z" end-time="2025-10-01 07:19:19Z" duration="0.000084" asserts="0">
                  <properties>
                    <property name="retryIteration" value="0" />
                    <property name="repeatIteration" value="0" />
                  </properties>
                </test-case>
                <test-case id="1096" name="GlobalMinLevel_Matrix_FiltersCorrectly(Trace,Info)" fullname="IrsikSoftware.LogSmith.Tests.PerCategoryMinLevelMatrixTests.GlobalMinLevel_Matrix_FiltersCorrectly(Trace,Info)" methodname="GlobalMinLevel_Matrix_FiltersCorrectly" classname="IrsikSoftware.LogSmith.Tests.PerCategoryMinLevelMatrixTests" runstate="Runnable" seed="112663316" result="Passed" start-time="2025-10-01 07:19:19Z" end-time="2025-10-01 07:19:19Z" duration="0.000075" asserts="0">
                  <properties>
                    <property name="retryIteration" value="0" />
                    <property name="repeatIteration" value="0" />
                  </properties>
                </test-case>
                <test-case id="1097" name="GlobalMinLevel_Matrix_FiltersCorrectly(Trace,Warn)" fullname="IrsikSoftware.LogSmith.Tests.PerCategoryMinLevelMatrixTests.GlobalMinLevel_Matrix_FiltersCorrectly(Trace,Warn)" methodname="GlobalMinLevel_Matrix_FiltersCorrectly" classname="IrsikSoftware.LogSmith.Tests.PerCategoryMinLevelMatrixTests" runstate="Runnable" seed="765710034" result="Passed" start-time="2025-10-01 07:19:19Z" end-time="2025-10-01 07:19:19Z" duration="0.000224" asserts="0">
                  <properties>
                    <property name="retryIteration" value="0" />
                    <property name="repeatIteration" value="0" />
                  </properties>
                </test-case>
                <test-case id="1098" name="GlobalMinLevel_Matrix_FiltersCorrectly(Trace,Error)" fullname="IrsikSoftware.LogSmith.Tests.PerCategoryMinLevelMatrixTests.GlobalMinLevel_Matrix_FiltersCorrectly(Trace,Error)" methodname="GlobalMinLevel_Matrix_FiltersCorrectly" classname="IrsikSoftware.LogSmith.Tests.PerCategoryMinLevelMatrixTests" runstate="Runnable" seed="199213759" result="Passed" start-time="2025-10-01 07:19:19Z" end-time="2025-10-01 07:19:19Z" duration="0.000073" asserts="0">
                  <properties>
                    <property name="retryIteration" value="0" />
                    <property name="repeatIteration" value="0" />
                  </properties>
                </test-case>
                <test-case id="1099" name="GlobalMinLevel_Matrix_FiltersCorrectly(Trace,Critical)" fullname="IrsikSoftware.LogSmith.Tests.PerCategoryMinLevelMatrixTests.GlobalMinLevel_Matrix_FiltersCorrectly(Trace,Critical)" methodname="GlobalMinLevel_Matrix_FiltersCorrectly" classname="IrsikSoftware.LogSmith.Tests.PerCategoryMinLevelMatrixTests" runstate="Runnable" seed="476734926" result="Passed" start-time="2025-10-01 07:19:19Z" end-time="2025-10-01 07:19:19Z" duration="0.000074" asserts="0">
                  <properties>
                    <property name="retryIteration" value="0" />
                    <property name="repeatIteration" value="0" />
                  </properties>
                </test-case>
                <test-case id="1100" name="GlobalMinLevel_Matrix_FiltersCorrectly(Debug,Trace)" fullname="IrsikSoftware.LogSmith.Tests.PerCategoryMinLevelMatrixTests.GlobalMinLevel_Matrix_FiltersCorrectly(Debug,Trace)" methodname="GlobalMinLevel_Matrix_FiltersCorrectly" classname="IrsikSoftware.LogSmith.Tests.PerCategoryMinLevelMatrixTests" runstate="Runnable" seed="1374465907" result="Passed" start-time="2025-10-01 07:19:19Z" end-time="2025-10-01 07:19:19Z" duration="0.000073" asserts="0">
                  <properties>
                    <property name="retryIteration" value="0" />
                    <property name="repeatIteration" value="0" />
                  </properties>
                </test-case>
                <test-case id="1101" name="GlobalMinLevel_Matrix_FiltersCorrectly(Debug,Debug)" fullname="IrsikSoftware.LogSmith.Tests.PerCategoryMinLevelMatrixTests.GlobalMinLevel_Matrix_FiltersCorrectly(Debug,Debug)" methodname="GlobalMinLevel_Matrix_FiltersCorrectly" classname="IrsikSoftware.LogSmith.Tests.PerCategoryMinLevelMatrixTests" runstate="Runnable" seed="1114797729" result="Passed" start-time="2025-10-01 07:19:19Z" end-time="2025-10-01 07:19:19Z" duration="0.000075" asserts="0">
                  <properties>
                    <property name="retryIteration" value="0" />
                    <property name="repeatIteration" value="0" />
                  </properties>
                </test-case>
                <test-case id="1102" name="GlobalMinLevel_Matrix_FiltersCorrectly(Debug,Info)" fullname="IrsikSoftware.LogSmith.Tests.PerCategoryMinLevelMatrixTests.GlobalMinLevel_Matrix_FiltersCorrectly(Debug,Info)" methodname="GlobalMinLevel_Matrix_FiltersCorrectly" classname="IrsikSoftware.LogSmith.Tests.PerCategoryMinLevelMatrixTests" runstate="Runnable" seed="183692094" result="Passed" start-time="2025-10-01 07:19:19Z" end-time="2025-10-01 07:19:19Z" duration="0.000074" asserts="0">
                  <properties>
                    <property name="retryIteration" value="0" />
                    <property name="repeatIteration" value="0" />
                  </properties>
                </test-case>
                <test-case id="1103" name="GlobalMinLevel_Matrix_FiltersCorrectly(Debug,Warn)" fullname="IrsikSoftware.LogSmith.Tests.PerCategoryMinLevelMatrixTests.GlobalMinLevel_Matrix_FiltersCorrectly(Debug,Warn)" methodname="GlobalMinLevel_Matrix_FiltersCorrectly" classname="IrsikSoftware.LogSmith.Tests.PerCategoryMinLevelMatrixTests" runstate="Runnable" seed="908578493" result="Passed" start-time="2025-10-01 07:19:19Z" end-time="2025-10-01 07:19:19Z" duration="0.000074" asserts="0">
                  <properties>
                    <property name="retryIteration" value="0" />
                    <property name="repeatIteration" value="0" />
                  </properties>
                </test-case>
                <test-case id="1104" name="GlobalMinLevel_Matrix_FiltersCorrectly(Debug,Error)" fullname="IrsikSoftware.LogSmith.Tests.PerCategoryMinLevelMatrixTests.GlobalMinLevel_Matrix_FiltersCorrectly(Debug,Error)" methodname="GlobalMinLevel_Matrix_FiltersCorrectly" classname="IrsikSoftware.LogSmith.Tests.PerCategoryMinLevelMatrixTests" runstate="Runnable" seed="1666031214" result="Passed" start-time="2025-10-01 07:19:19Z" end-time="2025-10-01 07:19:19Z" duration="0.000072" asserts="0">
                  <properties>
                    <property name="retryIteration" value="0" />
                    <property name="repeatIteration" value="0" />
                  </properties>
                </test-case>
                <test-case id="1105" name="GlobalMinLevel_Matrix_FiltersCorrectly(Debug,Critical)" fullname="IrsikSoftware.LogSmith.Tests.PerCategoryMinLevelMatrixTests.GlobalMinLevel_Matrix_FiltersCorrectly(Debug,Critical)" methodname="GlobalMinLevel_Matrix_FiltersCorrectly" classname="IrsikSoftware.LogSmith.Tests.PerCategoryMinLevelMatrixTests" runstate="Runnable" seed="1322731687" result="Passed" start-time="2025-10-01 07:19:19Z" end-time="2025-10-01 07:19:19Z" duration="0.000078" asserts="0">
                  <properties>
                    <property name="retryIteration" value="0" />
                    <property name="repeatIteration" value="0" />
                  </properties>
                </test-case>
                <test-case id="1106" name="GlobalMinLevel_Matrix_FiltersCorrectly(Info,Trace)" fullname="IrsikSoftware.LogSmith.Tests.PerCategoryMinLevelMatrixTests.GlobalMinLevel_Matrix_FiltersCorrectly(Info,Trace)" methodname="GlobalMinLevel_Matrix_FiltersCorrectly" classname="IrsikSoftware.LogSmith.Tests.PerCategoryMinLevelMatrixTests" runstate="Runnable" seed="498270087" result="Passed" start-time="2025-10-01 07:19:19Z" end-time="2025-10-01 07:19:19Z" duration="0.000074" asserts="0">
                  <properties>
                    <property name="retryIteration" value="0" />
                    <property name="repeatIteration" value="0" />
                  </properties>
                </test-case>
                <test-case id="1107" name="GlobalMinLevel_Matrix_FiltersCorrectly(Info,Debug)" fullname="IrsikSoftware.LogSmith.Tests.PerCategoryMinLevelMatrixTests.GlobalMinLevel_Matrix_FiltersCorrectly(Info,Debug)" methodname="GlobalMinLevel_Matrix_FiltersCorrectly" classname="IrsikSoftware.LogSmith.Tests.PerCategoryMinLevelMatrixTests" runstate="Runnable" seed="1603543949" result="Passed" start-time="2025-10-01 07:19:19Z" end-time="2025-10-01 07:19:19Z" duration="0.000072" asserts="0">
                  <properties>
                    <property name="retryIteration" value="0" />
                    <property name="repeatIteration" value="0" />
                  </properties>
                </test-case>
                <test-case id="1108" name="GlobalMinLevel_Matrix_FiltersCorrectly(Info,Info)" fullname="IrsikSoftware.LogSmith.Tests.PerCategoryMinLevelMatrixTests.GlobalMinLevel_Matrix_FiltersCorrectly(Info,Info)" methodname="GlobalMinLevel_Matrix_FiltersCorrectly" classname="IrsikSoftware.LogSmith.Tests.PerCategoryMinLevelMatrixTests" runstate="Runnable" seed="1747110208" result="Passed" start-time="2025-10-01 07:19:19Z" end-time="2025-10-01 07:19:19Z" duration="0.000075" asserts="0">
                  <properties>
                    <property name="retryIteration" value="0" />
                    <property name="repeatIteration" value="0" />
                  </properties>
                </test-case>
                <test-case id="1109" name="GlobalMinLevel_Matrix_FiltersCorrectly(Info,Warn)" fullname="IrsikSoftware.LogSmith.Tests.PerCategoryMinLevelMatrixTests.GlobalMinLevel_Matrix_FiltersCorrectly(Info,Warn)" methodname="GlobalMinLevel_Matrix_FiltersCorrectly" classname="IrsikSoftware.LogSmith.Tests.PerCategoryMinLevelMatrixTests" runstate="Runnable" seed="1646545932" result="Passed" start-time="2025-10-01 07:19:19Z" end-time="2025-10-01 07:19:19Z" duration="0.000088" asserts="0">
                  <properties>
                    <property name="retryIteration" value="0" />
                    <property name="repeatIteration" value="0" />
                  </properties>
                </test-case>
                <test-case id="1110" name="GlobalMinLevel_Matrix_FiltersCorrectly(Info,Error)" fullname="IrsikSoftware.LogSmith.Tests.PerCategoryMinLevelMatrixTests.GlobalMinLevel_Matrix_FiltersCorrectly(Info,Error)" methodname="GlobalMinLevel_Matrix_FiltersCorrectly" classname="IrsikSoftware.LogSmith.Tests.PerCategoryMinLevelMatrixTests" runstate="Runnable" seed="1361291841" result="Passed" start-time="2025-10-01 07:19:19Z" end-time="2025-10-01 07:19:19Z" duration="0.000073" asserts="0">
                  <properties>
                    <property name="retryIteration" value="0" />
                    <property name="repeatIteration" value="0" />
                  </properties>
                </test-case>
                <test-case id="1111" name="GlobalMinLevel_Matrix_FiltersCorrectly(Info,Critical)" fullname="IrsikSoftware.LogSmith.Tests.PerCategoryMinLevelMatrixTests.GlobalMinLevel_Matrix_FiltersCorrectly(Info,Critical)" methodname="GlobalMinLevel_Matrix_FiltersCorrectly" classname="IrsikSoftware.LogSmith.Tests.PerCategoryMinLevelMatrixTests" runstate="Runnable" seed="823578465" result="Passed" start-time="2025-10-01 07:19:19Z" end-time="2025-10-01 07:19:19Z" duration="0.000076" asserts="0">
                  <properties>
                    <property name="retryIteration" value="0" />
                    <property name="repeatIteration" value="0" />
                  </properties>
                </test-case>
                <test-case id="1112" name="GlobalMinLevel_Matrix_FiltersCorrectly(Warn,Trace)" fullname="IrsikSoftware.LogSmith.Tests.PerCategoryMinLevelMatrixTests.GlobalMinLevel_Matrix_FiltersCorrectly(Warn,Trace)" methodname="GlobalMinLevel_Matrix_FiltersCorrectly" classname="IrsikSoftware.LogSmith.Tests.PerCategoryMinLevelMatrixTests" runstate="Runnable" seed="725366247" result="Passed" start-time="2025-10-01 07:19:19Z" end-time="2025-10-01 07:19:19Z" duration="0.000074" asserts="0">
                  <properties>
                    <property name="retryIteration" value="0" />
                    <property name="repeatIteration" value="0" />
                  </properties>
                </test-case>
                <test-case id="1113" name="GlobalMinLevel_Matrix_FiltersCorrectly(Warn,Debug)" fullname="IrsikSoftware.LogSmith.Tests.PerCategoryMinLevelMatrixTests.GlobalMinLevel_Matrix_FiltersCorrectly(Warn,Debug)" methodname="GlobalMinLevel_Matrix_FiltersCorrectly" classname="IrsikSoftware.LogSmith.Tests.PerCategoryMinLevelMatrixTests" runstate="Runnable" seed="1697954292" result="Passed" start-time="2025-10-01 07:19:19Z" end-time="2025-10-01 07:19:19Z" duration="0.000074" asserts="0">
                  <properties>
                    <property name="retryIteration" value="0" />
                    <property name="repeatIteration" value="0" />
                  </properties>
                </test-case>
                <test-case id="1114" name="GlobalMinLevel_Matrix_FiltersCorrectly(Warn,Info)" fullname="IrsikSoftware.LogSmith.Tests.PerCategoryMinLevelMatrixTests.GlobalMinLevel_Matrix_FiltersCorrectly(Warn,Info)" methodname="GlobalMinLevel_Matrix_FiltersCorrectly" classname="IrsikSoftware.LogSmith.Tests.PerCategoryMinLevelMatrixTests" runstate="Runnable" seed="669880729" result="Passed" start-time="2025-10-01 07:19:19Z" end-time="2025-10-01 07:19:19Z" duration="0.000075" asserts="0">
                  <properties>
                    <property name="retryIteration" value="0" />
                    <property name="repeatIteration" value="0" />
                  </properties>
                </test-case>
                <test-case id="1115" name="GlobalMinLevel_Matrix_FiltersCorrectly(Warn,Warn)" fullname="IrsikSoftware.LogSmith.Tests.PerCategoryMinLevelMatrixTests.GlobalMinLevel_Matrix_FiltersCorrectly(Warn,Warn)" methodname="GlobalMinLevel_Matrix_FiltersCorrectly" classname="IrsikSoftware.LogSmith.Tests.PerCategoryMinLevelMatrixTests" runstate="Runnable" seed="441308602" result="Passed" start-time="2025-10-01 07:19:19Z" end-time="2025-10-01 07:19:19Z" duration="0.000076" asserts="0">
                  <properties>
                    <property name="retryIteration" value="0" />
                    <property name="repeatIteration" value="0" />
                  </properties>
                </test-case>
                <test-case id="1116" name="GlobalMinLevel_Matrix_FiltersCorrectly(Warn,Error)" fullname="IrsikSoftware.LogSmith.Tests.PerCategoryMinLevelMatrixTests.GlobalMinLevel_Matrix_FiltersCorrectly(Warn,Error)" methodname="GlobalMinLevel_Matrix_FiltersCorrectly" classname="IrsikSoftware.LogSmith.Tests.PerCategoryMinLevelMatrixTests" runstate="Runnable" seed="979550898" result="Passed" start-time="2025-10-01 07:19:19Z" end-time="2025-10-01 07:19:19Z" duration="0.000075" asserts="0">
                  <properties>
                    <property name="retryIteration" value="0" />
                    <property name="repeatIteration" value="0" />
                  </properties>
                </test-case>
                <test-case id="1117" name="GlobalMinLevel_Matrix_FiltersCorrectly(Warn,Critical)" fullname="IrsikSoftware.LogSmith.Tests.PerCategoryMinLevelMatrixTests.GlobalMinLevel_Matrix_FiltersCorrectly(Warn,Critical)" methodname="GlobalMinLevel_Matrix_FiltersCorrectly" classname="IrsikSoftware.LogSmith.Tests.PerCategoryMinLevelMatrixTests" runstate="Runnable" seed="130123375" result="Passed" start-time="2025-10-01 07:19:19Z" end-time="2025-10-01 07:19:19Z" duration="0.000074" asserts="0">
                  <properties>
                    <property name="retryIteration" value="0" />
                    <property name="repeatIteration" value="0" />
                  </properties>
                </test-case>
                <test-case id="1118" name="GlobalMinLevel_Matrix_FiltersCorrectly(Error,Trace)" fullname="IrsikSoftware.LogSmith.Tests.PerCategoryMinLevelMatrixTests.GlobalMinLevel_Matrix_FiltersCorrectly(Error,Trace)" methodname="GlobalMinLevel_Matrix_FiltersCorrectly" classname="IrsikSoftware.LogSmith.Tests.PerCategoryMinLevelMatrixTests" runstate="Runnable" seed="1447744947" result="Passed" start-time="2025-10-01 07:19:19Z" end-time="2025-10-01 07:19:19Z" duration="0.000075" asserts="0">
                  <properties>
                    <property name="retryIteration" value="0" />
                    <property name="repeatIteration" value="0" />
                  </properties>
                </test-case>
                <test-case id="1119" name="GlobalMinLevel_Matrix_FiltersCorrectly(Error,Debug)" fullname="IrsikSoftware.LogSmith.Tests.PerCategoryMinLevelMatrixTests.GlobalMinLevel_Matrix_FiltersCorrectly(Error,Debug)" methodname="GlobalMinLevel_Matrix_FiltersCorrectly" classname="IrsikSoftware.LogSmith.Tests.PerCategoryMinLevelMatrixTests" runstate="Runnable" seed="348004722" result="Passed" start-time="2025-10-01 07:19:19Z" end-time="2025-10-01 07:19:19Z" duration="0.000076" asserts="0">
                  <properties>
                    <property name="retryIteration" value="0" />
                    <property name="repeatIteration" value="0" />
                  </properties>
                </test-case>
                <test-case id="1120" name="GlobalMinLevel_Matrix_FiltersCorrectly(Error,Info)" fullname="IrsikSoftware.LogSmith.Tests.PerCategoryMinLevelMatrixTests.GlobalMinLevel_Matrix_FiltersCorrectly(Error,Info)" methodname="GlobalMinLevel_Matrix_FiltersCorrectly" classname="IrsikSoftware.LogSmith.Tests.PerCategoryMinLevelMatrixTests" runstate="Runnable" seed="1747818939" result="Passed" start-time="2025-10-01 07:19:19Z" end-time="2025-10-01 07:19:19Z" duration="0.000075" asserts="0">
                  <properties>
                    <property name="retryIteration" value="0" />
                    <property name="repeatIteration" value="0" />
                  </properties>
                </test-case>
                <test-case id="1121" name="GlobalMinLevel_Matrix_FiltersCorrectly(Error,Warn)" fullname="IrsikSoftware.LogSmith.Tests.PerCategoryMinLevelMatrixTests.GlobalMinLevel_Matrix_FiltersCorrectly(Error,Warn)" methodname="GlobalMinLevel_Matrix_FiltersCorrectly" classname="IrsikSoftware.LogSmith.Tests.PerCategoryMinLevelMatrixTests" runstate="Runnable" seed="721680229" result="Passed" start-time="2025-10-01 07:19:19Z" end-time="2025-10-01 07:19:19Z" duration="0.000074" asserts="0">
                  <properties>
                    <property name="retryIteration" value="0" />
                    <property name="repeatIteration" value="0" />
                  </properties>
                </test-case>
                <test-case id="1122" name="GlobalMinLevel_Matrix_FiltersCorrectly(Error,Error)" fullname="IrsikSoftware.LogSmith.Tests.PerCategoryMinLevelMatrixTests.GlobalMinLevel_Matrix_FiltersCorrectly(Error,Error)" methodname="GlobalMinLevel_Matrix_FiltersCorrectly" classname="IrsikSoftware.LogSmith.Tests.PerCategoryMinLevelMatrixTests" runstate="Runnable" seed="1095160172" result="Passed" start-time="2025-10-01 07:19:19Z" end-time="2025-10-01 07:19:19Z" duration="0.000079" asserts="0">
                  <properties>
                    <property name="retryIteration" value="0" />
                    <property name="repeatIteration" value="0" />
                  </properties>
                </test-case>
                <test-case id="1123" name="GlobalMinLevel_Matrix_FiltersCorrectly(Error,Critical)" fullname="IrsikSoftware.LogSmith.Tests.PerCategoryMinLevelMatrixTests.GlobalMinLevel_Matrix_FiltersCorrectly(Error,Critical)" methodname="GlobalMinLevel_Matrix_FiltersCorrectly" classname="IrsikSoftware.LogSmith.Tests.PerCategoryMinLevelMatrixTests" runstate="Runnable" seed="816495947" result="Passed" start-time="2025-10-01 07:19:19Z" end-time="2025-10-01 07:19:19Z" duration="0.000074" asserts="0">
                  <properties>
                    <property name="retryIteration" value="0" />
                    <property name="repeatIteration" value="0" />
                  </properties>
                </test-case>
                <test-case id="1124" name="GlobalMinLevel_Matrix_FiltersCorrectly(Critical,Trace)" fullname="IrsikSoftware.LogSmith.Tests.PerCategoryMinLevelMatrixTests.GlobalMinLevel_Matrix_FiltersCorrectly(Critical,Trace)" methodname="GlobalMinLevel_Matrix_FiltersCorrectly" classname="IrsikSoftware.LogSmith.Tests.PerCategoryMinLevelMatrixTests" runstate="Runnable" seed="1513677748" result="Passed" start-time="2025-10-01 07:19:19Z" end-time="2025-10-01 07:19:19Z" duration="0.000075" asserts="0">
                  <properties>
                    <property name="retryIteration" value="0" />
                    <property name="repeatIteration" value="0" />
                  </properties>
                </test-case>
                <test-case id="1125" name="GlobalMinLevel_Matrix_FiltersCorrectly(Critical,Debug)" fullname="IrsikSoftware.LogSmith.Tests.PerCategoryMinLevelMatrixTests.GlobalMinLevel_Matrix_FiltersCorrectly(Critical,Debug)" methodname="GlobalMinLevel_Matrix_FiltersCorrectly" classname="IrsikSoftware.LogSmith.Tests.PerCategoryMinLevelMatrixTests" runstate="Runnable" seed="375124585" result="Passed" start-time="2025-10-01 07:19:19Z" end-time="2025-10-01 07:19:19Z" duration="0.000076" asserts="0">
                  <properties>
                    <property name="retryIteration" value="0" />
                    <property name="repeatIteration" value="0" />
                  </properties>
                </test-case>
                <test-case id="1126" name="GlobalMinLevel_Matrix_FiltersCorrectly(Critical,Info)" fullname="IrsikSoftware.LogSmith.Tests.PerCategoryMinLevelMatrixTests.GlobalMinLevel_Matrix_FiltersCorrectly(Critical,Info)" methodname="GlobalMinLevel_Matrix_FiltersCorrectly" classname="IrsikSoftware.LogSmith.Tests.PerCategoryMinLevelMatrixTests" runstate="Runnable" seed="581292500" result="Passed" start-time="2025-10-01 07:19:19Z" end-time="2025-10-01 07:19:19Z" duration="0.000075" asserts="0">
                  <properties>
                    <property name="retryIteration" value="0" />
                    <property name="repeatIteration" value="0" />
                  </properties>
                </test-case>
                <test-case id="1127" name="GlobalMinLevel_Matrix_FiltersCorrectly(Critical,Warn)" fullname="IrsikSoftware.LogSmith.Tests.PerCategoryMinLevelMatrixTests.GlobalMinLevel_Matrix_FiltersCorrectly(Critical,Warn)" methodname="GlobalMinLevel_Matrix_FiltersCorrectly" classname="IrsikSoftware.LogSmith.Tests.PerCategoryMinLevelMatrixTests" runstate="Runnable" seed="411430473" result="Passed" start-time="2025-10-01 07:19:19Z" end-time="2025-10-01 07:19:19Z" duration="0.000076" asserts="0">
                  <properties>
                    <property name="retryIteration" value="0" />
                    <property name="repeatIteration" value="0" />
                  </properties>
                </test-case>
                <test-case id="1128" name="GlobalMinLevel_Matrix_FiltersCorrectly(Critical,Error)" fullname="IrsikSoftware.LogSmith.Tests.PerCategoryMinLevelMatrixTests.GlobalMinLevel_Matrix_FiltersCorrectly(Critical,Error)" methodname="GlobalMinLevel_Matrix_FiltersCorrectly" classname="IrsikSoftware.LogSmith.Tests.PerCategoryMinLevelMatrixTests" runstate="Runnable" seed="726826770" result="Passed" start-time="2025-10-01 07:19:19Z" end-time="2025-10-01 07:19:19Z" duration="0.000086" asserts="0">
                  <properties>
                    <property name="retryIteration" value="0" />
                    <property name="repeatIteration" value="0" />
                  </properties>
                </test-case>
                <test-case id="1129" name="GlobalMinLevel_Matrix_FiltersCorrectly(Critical,Critical)" fullname="IrsikSoftware.LogSmith.Tests.PerCategoryMinLevelMatrixTests.GlobalMinLevel_Matrix_FiltersCorrectly(Critical,Critical)" methodname="GlobalMinLevel_Matrix_FiltersCorrectly" classname="IrsikSoftware.LogSmith.Tests.PerCategoryMinLevelMatrixTests" runstate="Runnable" seed="1707081977" result="Passed" start-time="2025-10-01 07:19:19Z" end-time="2025-10-01 07:19:19Z" duration="0.000079" asserts="0">
                  <properties>
                    <property name="retryIteration" value="0" />
                    <property name="repeatIteration" value="0" />
                  </properties>
                </test-case>
              </test-suite>
              <test-suite type="ParameterizedMethod" id="1204" name="RouterCategoryFilter_Matrix_FiltersCorrectly" fullname="IrsikSoftware.LogSmith.Tests.PerCategoryMinLevelMatrixTests.RouterCategoryFilter_Matrix_FiltersCorrectly" classname="IrsikSoftware.LogSmith.Tests.PerCategoryMinLevelMatrixTests" runstate="Runnable" testcasecount="36" result="Passed" start-time="2025-10-01 07:19:19Z" end-time="2025-10-01 07:19:19Z" duration="0.007128" total="36" passed="36" failed="0" inconclusive="0" skipped="0" asserts="0">
                <properties />
                <test-case id="1168" name="RouterCategoryFilter_Matrix_FiltersCorrectly(Trace,Trace)" fullname="IrsikSoftware.LogSmith.Tests.PerCategoryMinLevelMatrixTests.RouterCategoryFilter_Matrix_FiltersCorrectly(Trace,Trace)" methodname="RouterCategoryFilter_Matrix_FiltersCorrectly" classname="IrsikSoftware.LogSmith.Tests.PerCategoryMinLevelMatrixTests" runstate="Runnable" seed="1958370145" result="Passed" start-time="2025-10-01 07:19:19Z" end-time="2025-10-01 07:19:19Z" duration="0.000439" asserts="0">
                  <properties>
                    <property name="retryIteration" value="0" />
                    <property name="repeatIteration" value="0" />
                  </properties>
                </test-case>
                <test-case id="1169" name="RouterCategoryFilter_Matrix_FiltersCorrectly(Trace,Debug)" fullname="IrsikSoftware.LogSmith.Tests.PerCategoryMinLevelMatrixTests.RouterCategoryFilter_Matrix_FiltersCorrectly(Trace,Debug)" methodname="RouterCategoryFilter_Matrix_FiltersCorrectly" classname="IrsikSoftware.LogSmith.Tests.PerCategoryMinLevelMatrixTests" runstate="Runnable" seed="1920598980" result="Passed" start-time="2025-10-01 07:19:19Z" end-time="2025-10-01 07:19:19Z" duration="0.000086" asserts="0">
                  <properties>
                    <property name="retryIteration" value="0" />
                    <property name="repeatIteration" value="0" />
                  </properties>
                </test-case>
                <test-case id="1170" name="RouterCategoryFilter_Matrix_FiltersCorrectly(Trace,Info)" fullname="IrsikSoftware.LogSmith.Tests.PerCategoryMinLevelMatrixTests.RouterCategoryFilter_Matrix_FiltersCorrectly(Trace,Info)" methodname="RouterCategoryFilter_Matrix_FiltersCorrectly" classname="IrsikSoftware.LogSmith.Tests.PerCategoryMinLevelMatrixTests" runstate="Runnable" seed="200977288" result="Passed" start-time="2025-10-01 07:19:19Z" end-time="2025-10-01 07:19:19Z" duration="0.000077" asserts="0">
                  <properties>
                    <property name="retryIteration" value="0" />
                    <property name="repeatIteration" value="0" />
                  </properties>
                </test-case>
                <test-case id="1171" name="RouterCategoryFilter_Matrix_FiltersCorrectly(Trace,Warn)" fullname="IrsikSoftware.LogSmith.Tests.PerCategoryMinLevelMatrixTests.RouterCategoryFilter_Matrix_FiltersCorrectly(Trace,Warn)" methodname="RouterCategoryFilter_Matrix_FiltersCorrectly" classname="IrsikSoftware.LogSmith.Tests.PerCategoryMinLevelMatrixTests" runstate="Runnable" seed="2110153811" result="Passed" start-time="2025-10-01 07:19:19Z" end-time="2025-10-01 07:19:19Z" duration="0.000101" asserts="0">
                  <properties>
                    <property name="retryIteration" value="0" />
                    <property name="repeatIteration" value="0" />
                  </properties>
                </test-case>
                <test-case id="1172" name="RouterCategoryFilter_Matrix_FiltersCorrectly(Trace,Error)" fullname="IrsikSoftware.LogSmith.Tests.PerCategoryMinLevelMatrixTests.RouterCategoryFilter_Matrix_FiltersCorrectly(Trace,Error)" methodname="RouterCategoryFilter_Matrix_FiltersCorrectly" classname="IrsikSoftware.LogSmith.Tests.PerCategoryMinLevelMatrixTests" runstate="Runnable" seed="1180171248" result="Passed" start-time="2025-10-01 07:19:19Z" end-time="2025-10-01 07:19:19Z" duration="0.000081" asserts="0">
                  <properties>
                    <property name="retryIteration" value="0" />
                    <property name="repeatIteration" value="0" />
                  </properties>
                </test-case>
                <test-case id="1173" name="RouterCategoryFilter_Matrix_FiltersCorrectly(Trace,Critical)" fullname="IrsikSoftware.LogSmith.Tests.PerCategoryMinLevelMatrixTests.RouterCategoryFilter_Matrix_FiltersCorrectly(Trace,Critical)" methodname="RouterCategoryFilter_Matrix_FiltersCorrectly" classname="IrsikSoftware.LogSmith.Tests.PerCategoryMinLevelMatrixTests" runstate="Runnable" seed="924402915" result="Passed" start-time="2025-10-01 07:19:19Z" end-time="2025-10-01 07:19:19Z" duration="0.000079" asserts="0">
                  <properties>
                    <property name="retryIteration" value="0" />
                    <property name="repeatIteration" value="0" />
                  </properties>
                </test-case>
                <test-case id="1174" name="RouterCategoryFilter_Matrix_FiltersCorrectly(Debug,Trace)" fullname="IrsikSoftware.LogSmith.Tests.PerCategoryMinLevelMatrixTests.RouterCategoryFilter_Matrix_FiltersCorrectly(Debug,Trace)" methodname="RouterCategoryFilter_Matrix_FiltersCorrectly" classname="IrsikSoftware.LogSmith.Tests.PerCategoryMinLevelMatrixTests" runstate="Runnable" seed="1093812179" result="Passed" start-time="2025-10-01 07:19:19Z" end-time="2025-10-01 07:19:19Z" duration="0.000075" asserts="0">
                  <properties>
                    <property name="retryIteration" value="0" />
                    <property name="repeatIteration" value="0" />
                  </properties>
                </test-case>
                <test-case id="1175" name="RouterCategoryFilter_Matrix_FiltersCorrectly(Debug,Debug)" fullname="IrsikSoftware.LogSmith.Tests.PerCategoryMinLevelMatrixTests.RouterCategoryFilter_Matrix_FiltersCorrectly(Debug,Debug)" methodname="RouterCategoryFilter_Matrix_FiltersCorrectly" classname="IrsikSoftware.LogSmith.Tests.PerCategoryMinLevelMatrixTests" runstate="Runnable" seed="1035369422" result="Passed" start-time="2025-10-01 07:19:19Z" end-time="2025-10-01 07:19:19Z" duration="0.000076" asserts="0">
                  <properties>
                    <property name="retryIteration" value="0" />
                    <property name="repeatIteration" value="0" />
                  </properties>
                </test-case>
                <test-case id="1176" name="RouterCategoryFilter_Matrix_FiltersCorrectly(Debug,Info)" fullname="IrsikSoftware.LogSmith.Tests.PerCategoryMinLevelMatrixTests.RouterCategoryFilter_Matrix_FiltersCorrectly(Debug,Info)" methodname="RouterCategoryFilter_Matrix_FiltersCorrectly" classname="IrsikSoftware.LogSmith.Tests.PerCategoryMinLevelMatrixTests" runstate="Runnable" seed="765649349" result="Passed" start-time="2025-10-01 07:19:19Z" end-time="2025-10-01 07:19:19Z" duration="0.000079" asserts="0">
                  <properties>
                    <property name="retryIteration" value="0" />
                    <property name="repeatIteration" value="0" />
                  </properties>
                </test-case>
                <test-case id="1177" name="RouterCategoryFilter_Matrix_FiltersCorrectly(Debug,Warn)" fullname="IrsikSoftware.LogSmith.Tests.PerCategoryMinLevelMatrixTests.RouterCategoryFilter_Matrix_FiltersCorrectly(Debug,Warn)" methodname="RouterCategoryFilter_Matrix_FiltersCorrectly" classname="IrsikSoftware.LogSmith.Tests.PerCategoryMinLevelMatrixTests" runstate="Runnable" seed="1515466634" result="Passed" start-time="2025-10-01 07:19:19Z" end-time="2025-10-01 07:19:19Z" duration="0.000076" asserts="0">
                  <properties>
                    <property name="retryIteration" value="0" />
                    <property name="repeatIteration" value="0" />
                  </properties>
                </test-case>
                <test-case id="1178" name="RouterCategoryFilter_Matrix_FiltersCorrectly(Debug,Error)" fullname="IrsikSoftware.LogSmith.Tests.PerCategoryMinLevelMatrixTests.RouterCategoryFilter_Matrix_FiltersCorrectly(Debug,Error)" methodname="RouterCategoryFilter_Matrix_FiltersCorrectly" classname="IrsikSoftware.LogSmith.Tests.PerCategoryMinLevelMatrixTests" runstate="Runnable" seed="1802095728" result="Passed" start-time="2025-10-01 07:19:19Z" end-time="2025-10-01 07:19:19Z" duration="0.000079" asserts="0">
                  <properties>
                    <property name="retryIteration" value="0" />
                    <property name="repeatIteration" value="0" />
                  </properties>
                </test-case>
                <test-case id="1179" name="RouterCategoryFilter_Matrix_FiltersCorrectly(Debug,Critical)" fullname="IrsikSoftware.LogSmith.Tests.PerCategoryMinLevelMatrixTests.RouterCategoryFilter_Matrix_FiltersCorrectly(Debug,Critical)" methodname="RouterCategoryFilter_Matrix_FiltersCorrectly" classname="IrsikSoftware.LogSmith.Tests.PerCategoryMinLevelMatrixTests" runstate="Runnable" seed="2135935249" result="Passed" start-time="2025-10-01 07:19:19Z" end-time="2025-10-01 07:19:19Z" duration="0.000077" asserts="0">
                  <properties>
                    <property name="retryIteration" value="0" />
                    <property name="repeatIteration" value="0" />
                  </properties>
                </test-case>
                <test-case id="1180" name="RouterCategoryFilter_Matrix_FiltersCorrectly(Info,Trace)" fullname="IrsikSoftware.LogSmith.Tests.PerCategoryMinLevelMatrixTests.RouterCategoryFilter_Matrix_FiltersCorrectly(Info,Trace)" methodname="RouterCategoryFilter_Matrix_FiltersCorrectly" classname="IrsikSoftware.LogSmith.Tests.PerCategoryMinLevelMatrixTests" runstate="Runnable" seed="187038554" result="Passed" start-time="2025-10-01 07:19:19Z" end-time="2025-10-01 07:19:19Z" duration="0.000075" asserts="0">
                  <properties>
                    <property name="retryIteration" value="0" />
                    <property name="repeatIteration" value="0" />
                  </properties>
                </test-case>
                <test-case id="1181" name="RouterCategoryFilter_Matrix_FiltersCorrectly(Info,Debug)" fullname="IrsikSoftware.LogSmith.Tests.PerCategoryMinLevelMatrixTests.RouterCategoryFilter_Matrix_FiltersCorrectly(Info,Debug)" methodname="RouterCategoryFilter_Matrix_FiltersCorrectly" classname="IrsikSoftware.LogSmith.Tests.PerCategoryMinLevelMatrixTests" runstate="Runnable" seed="1450063889" result="Passed" start-time="2025-10-01 07:19:19Z" end-time="2025-10-01 07:19:19Z" duration="0.000075" asserts="0">
                  <properties>
                    <property name="retryIteration" value="0" />
                    <property name="repeatIteration" value="0" />
                  </properties>
                </test-case>
                <test-case id="1182" name="RouterCategoryFilter_Matrix_FiltersCorrectly(Info,Info)" fullname="IrsikSoftware.LogSmith.Tests.PerCategoryMinLevelMatrixTests.RouterCategoryFilter_Matrix_FiltersCorrectly(Info,Info)" methodname="RouterCategoryFilter_Matrix_FiltersCorrectly" classname="IrsikSoftware.LogSmith.Tests.PerCategoryMinLevelMatrixTests" runstate="Runnable" seed="1891422338" result="Passed" start-time="2025-10-01 07:19:19Z" end-time="2025-10-01 07:19:19Z" duration="0.000077" asserts="0">
                  <properties>
                    <property name="retryIteration" value="0" />
                    <property name="repeatIteration" value="0" />
                  </properties>
                </test-case>
                <test-case id="1183" name="RouterCategoryFilter_Matrix_FiltersCorrectly(Info,Warn)" fullname="IrsikSoftware.LogSmith.Tests.PerCategoryMinLevelMatrixTests.RouterCategoryFilter_Matrix_FiltersCorrectly(Info,Warn)" methodname="RouterCategoryFilter_Matrix_FiltersCorrectly" classname="IrsikSoftware.LogSmith.Tests.PerCategoryMinLevelMatrixTests" runstate="Runnable" seed="1613309833" result="Passed" start-time="2025-10-01 07:19:19Z" end-time="2025-10-01 07:19:19Z" duration="0.000076" asserts="0">
                  <properties>
                    <property name="retryIteration" value="0" />
                    <property name="repeatIteration" value="0" />
                  </properties>
                </test-case>
                <test-case id="1184" name="RouterCategoryFilter_Matrix_FiltersCorrectly(Info,Error)" fullname="IrsikSoftware.LogSmith.Tests.PerCategoryMinLevelMatrixTests.RouterCategoryFilter_Matrix_FiltersCorrectly(Info,Error)" methodname="RouterCategoryFilter_Matrix_FiltersCorrectly" classname="IrsikSoftware.LogSmith.Tests.PerCategoryMinLevelMatrixTests" runstate="Runnable" seed="563397607" result="Passed" start-time="2025-10-01 07:19:19Z" end-time="2025-10-01 07:19:19Z" duration="0.000079" asserts="0">
                  <properties>
                    <property name="retryIteration" value="0" />
                    <property name="repeatIteration" value="0" />
                  </properties>
                </test-case>
                <test-case id="1185" name="RouterCategoryFilter_Matrix_FiltersCorrectly(Info,Critical)" fullname="IrsikSoftware.LogSmith.Tests.PerCategoryMinLevelMatrixTests.RouterCategoryFilter_Matrix_FiltersCorrectly(Info,Critical)" methodname="RouterCategoryFilter_Matrix_FiltersCorrectly" classname="IrsikSoftware.LogSmith.Tests.PerCategoryMinLevelMatrixTests" runstate="Runnable" seed="223449814" result="Passed" start-time="2025-10-01 07:19:19Z" end-time="2025-10-01 07:19:19Z" duration="0.000077" asserts="0">
                  <properties>
                    <property name="retryIteration" value="0" />
                    <property name="repeatIteration" value="0" />
                  </properties>
                </test-case>
                <test-case id="1186" name="RouterCategoryFilter_Matrix_FiltersCorrectly(Warn,Trace)" fullname="IrsikSoftware.LogSmith.Tests.PerCategoryMinLevelMatrixTests.RouterCategoryFilter_Matrix_FiltersCorrectly(Warn,Trace)" methodname="RouterCategoryFilter_Matrix_FiltersCorrectly" classname="IrsikSoftware.LogSmith.Tests.PerCategoryMinLevelMatrixTests" runstate="Runnable" seed="1707527122" result="Passed" start-time="2025-10-01 07:19:19Z" end-time="2025-10-01 07:19:19Z" duration="0.000079" asserts="0">
                  <properties>
                    <property name="retryIteration" value="0" />
                    <property name="repeatIteration" value="0" />
                  </properties>
                </test-case>
                <test-case id="1187" name="RouterCategoryFilter_Matrix_FiltersCorrectly(Warn,Debug)" fullname="IrsikSoftware.LogSmith.Tests.PerCategoryMinLevelMatrixTests.RouterCategoryFilter_Matrix_FiltersCorrectly(Warn,Debug)" methodname="RouterCategoryFilter_Matrix_FiltersCorrectly" classname="IrsikSoftware.LogSmith.Tests.PerCategoryMinLevelMatrixTests" runstate="Runnable" seed="752970829" result="Passed" start-time="2025-10-01 07:19:19Z" end-time="2025-10-01 07:19:19Z" duration="0.000076" asserts="0">
                  <properties>
                    <property name="retryIteration" value="0" />
                    <property name="repeatIteration" value="0" />
                  </properties>
                </test-case>
                <test-case id="1188" name="RouterCategoryFilter_Matrix_FiltersCorrectly(Warn,Info)" fullname="IrsikSoftware.LogSmith.Tests.PerCategoryMinLevelMatrixTests.RouterCategoryFilter_Matrix_FiltersCorrectly(Warn,Info)" methodname="RouterCategoryFilter_Matrix_FiltersCorrectly" classname="IrsikSoftware.LogSmith.Tests.PerCategoryMinLevelMatrixTests" runstate="Runnable" seed="1666455648" result="Passed" start-time="2025-10-01 07:19:19Z" end-time="2025-10-01 07:19:19Z" duration="0.000077" asserts="0">
                  <properties>
                    <property name="retryIteration" value="0" />
                    <property name="repeatIteration" value="0" />
                  </properties>
                </test-case>
                <test-case id="1189" name="RouterCategoryFilter_Matrix_FiltersCorrectly(Warn,Warn)" fullname="IrsikSoftware.LogSmith.Tests.PerCategoryMinLevelMatrixTests.RouterCategoryFilter_Matrix_FiltersCorrectly(Warn,Warn)" methodname="RouterCategoryFilter_Matrix_FiltersCorrectly" classname="IrsikSoftware.LogSmith.Tests.PerCategoryMinLevelMatrixTests" runstate="Runnable" seed="1853966517" result="Passed" start-time="2025-10-01 07:19:19Z" end-time="2025-10-01 07:19:19Z" duration="0.000079" asserts="0">
                  <properties>
                    <property name="retryIteration" value="0" />
                    <property name="repeatIteration" value="0" />
                  </properties>
                </test-case>
                <test-case id="1190" name="RouterCategoryFilter_Matrix_FiltersCorrectly(Warn,Error)" fullname="IrsikSoftware.LogSmith.Tests.PerCategoryMinLevelMatrixTests.RouterCategoryFilter_Matrix_FiltersCorrectly(Warn,Error)" methodname="RouterCategoryFilter_Matrix_FiltersCorrectly" classname="IrsikSoftware.LogSmith.Tests.PerCategoryMinLevelMatrixTests" runstate="Runnable" seed="232205408" result="Passed" start-time="2025-10-01 07:19:19Z" end-time="2025-10-01 07:19:19Z" duration="0.000091" asserts="0">
                  <properties>
                    <property name="retryIteration" value="0" />
                    <property name="repeatIteration" value="0" />
                  </properties>
                </test-case>
                <test-case id="1191" name="RouterCategoryFilter_Matrix_FiltersCorrectly(Warn,Critical)" fullname="IrsikSoftware.LogSmith.Tests.PerCategoryMinLevelMatrixTests.RouterCategoryFilter_Matrix_FiltersCorrectly(Warn,Critical)" methodname="RouterCategoryFilter_Matrix_FiltersCorrectly" classname="IrsikSoftware.LogSmith.Tests.PerCategoryMinLevelMatrixTests" runstate="Runnable" seed="2047057208" result="Passed" start-time="2025-10-01 07:19:19Z" end-time="2025-10-01 07:19:19Z" duration="0.000078" asserts="0">
                  <properties>
                    <property name="retryIteration" value="0" />
                    <property name="repeatIteration" value="0" />
                  </properties>
                </test-case>
                <test-case id="1192" name="RouterCategoryFilter_Matrix_FiltersCorrectly(Error,Trace)" fullname="IrsikSoftware.LogSmith.Tests.PerCategoryMinLevelMatrixTests.RouterCategoryFilter_Matrix_FiltersCorrectly(Error,Trace)" methodname="RouterCategoryFilter_Matrix_FiltersCorrectly" classname="IrsikSoftware.LogSmith.Tests.PerCategoryMinLevelMatrixTests" runstate="Runnable" seed="424449995" result="Passed" start-time="2025-10-01 07:19:19Z" end-time="2025-10-01 07:19:19Z" duration="0.000075" asserts="0">
                  <properties>
                    <property name="retryIteration" value="0" />
                    <property name="repeatIteration" value="0" />
                  </properties>
                </test-case>
                <test-case id="1193" name="RouterCategoryFilter_Matrix_FiltersCorrectly(Error,Debug)" fullname="IrsikSoftware.LogSmith.Tests.PerCategoryMinLevelMatrixTests.RouterCategoryFilter_Matrix_FiltersCorrectly(Error,Debug)" methodname="RouterCategoryFilter_Matrix_FiltersCorrectly" classname="IrsikSoftware.LogSmith.Tests.PerCategoryMinLevelMatrixTests" runstate="Runnable" seed="973220008" result="Passed" start-time="2025-10-01 07:19:19Z" end-time="2025-10-01 07:19:19Z" duration="0.000078" asserts="0">
                  <properties>
                    <property name="retryIteration" value="0" />
                    <property name="repeatIteration" value="0" />
                  </properties>
                </test-case>
                <test-case id="1194" name="RouterCategoryFilter_Matrix_FiltersCorrectly(Error,Info)" fullname="IrsikSoftware.LogSmith.Tests.PerCategoryMinLevelMatrixTests.RouterCategoryFilter_Matrix_FiltersCorrectly(Error,Info)" methodname="RouterCategoryFilter_Matrix_FiltersCorrectly" classname="IrsikSoftware.LogSmith.Tests.PerCategoryMinLevelMatrixTests" runstate="Runnable" seed="945935037" result="Passed" start-time="2025-10-01 07:19:19Z" end-time="2025-10-01 07:19:19Z" duration="0.000076" asserts="0">
                  <properties>
                    <property name="retryIteration" value="0" />
                    <property name="repeatIteration" value="0" />
                  </properties>
                </test-case>
                <test-case id="1195" name="RouterCategoryFilter_Matrix_FiltersCorrectly(Error,Warn)" fullname="IrsikSoftware.LogSmith.Tests.PerCategoryMinLevelMatrixTests.RouterCategoryFilter_Matrix_FiltersCorrectly(Error,Warn)" methodname="RouterCategoryFilter_Matrix_FiltersCorrectly" classname="IrsikSoftware.LogSmith.Tests.PerCategoryMinLevelMatrixTests" runstate="Runnable" seed="1260299762" result="Passed" start-time="2025-10-01 07:19:19Z" end-time="2025-10-01 07:19:19Z" duration="0.000080" asserts="0">
                  <properties>
                    <property name="retryIteration" value="0" />
                    <property name="repeatIteration" value="0" />
                  </properties>
                </test-case>
                <test-case id="1196" name="RouterCategoryFilter_Matrix_FiltersCorrectly(Error,Error)" fullname="IrsikSoftware.LogSmith.Tests.PerCategoryMinLevelMatrixTests.RouterCategoryFilter_Matrix_FiltersCorrectly(Error,Error)" methodname="RouterCategoryFilter_Matrix_FiltersCorrectly" classname="IrsikSoftware.LogSmith.Tests.PerCategoryMinLevelMatrixTests" runstate="Runnable" seed="2130367630" result="Passed" start-time="2025-10-01 07:19:19Z" end-time="2025-10-01 07:19:19Z" duration="0.000076" asserts="0">
                  <properties>
                    <property name="retryIteration" value="0" />
                    <property name="repeatIteration" value="0" />
                  </properties>
                </test-case>
                <test-case id="1197" name="RouterCategoryFilter_Matrix_FiltersCorrectly(Error,Critical)" fullname="IrsikSoftware.LogSmith.Tests.PerCategoryMinLevelMatrixTests.RouterCategoryFilter_Matrix_FiltersCorrectly(Error,Critical)" methodname="RouterCategoryFilter_Matrix_FiltersCorrectly" classname="IrsikSoftware.LogSmith.Tests.PerCategoryMinLevelMatrixTests" runstate="Runnable" seed="1887639483" result="Passed" start-time="2025-10-01 07:19:19Z" end-time="2025-10-01 07:19:19Z" duration="0.000081" asserts="0">
                  <properties>
                    <property name="retryIteration" value="0" />
                    <property name="repeatIteration" value="0" />
                  </properties>
                </test-case>
                <test-case id="1198" name="RouterCategoryFilter_Matrix_FiltersCorrectly(Critical,Trace)" fullname="IrsikSoftware.LogSmith.Tests.PerCategoryMinLevelMatrixTests.RouterCategoryFilter_Matrix_FiltersCorrectly(Critical,Trace)" methodname="RouterCategoryFilter_Matrix_FiltersCorrectly" classname="IrsikSoftware.LogSmith.Tests.PerCategoryMinLevelMatrixTests" runstate="Runnable" seed="387416569" result="Passed" start-time="2025-10-01 07:19:19Z" end-time="2025-10-01 07:19:19Z" duration="0.000078" asserts="0">
                  <properties>
                    <property name="retryIteration" value="0" />
                    <property name="repeatIteration" value="0" />
                  </properties>
                </test-case>
                <test-case id="1199" name="RouterCategoryFilter_Matrix_FiltersCorrectly(Critical,Debug)" fullname="IrsikSoftware.LogSmith.Tests.PerCategoryMinLevelMatrixTests.RouterCategoryFilter_Matrix_FiltersCorrectly(Critical,Debug)" methodname="RouterCategoryFilter_Matrix_FiltersCorrectly" classname="IrsikSoftware.LogSmith.Tests.PerCategoryMinLevelMatrixTests" runstate="Runnable" seed="340797919" result="Passed" start-time="2025-10-01 07:19:19Z" end-time="2025-10-01 07:19:19Z" duration="0.000075" asserts="0">
                  <properties>
                    <property name="retryIteration" value="0" />
                    <property name="repeatIteration" value="0" />
                  </properties>
                </test-case>
                <test-case id="1200" name="RouterCategoryFilter_Matrix_FiltersCorrectly(Critical,Info)" fullname="IrsikSoftware.LogSmith.Tests.PerCategoryMinLevelMatrixTests.RouterCategoryFilter_Matrix_FiltersCorrectly(Critical,Info)" methodname="RouterCategoryFilter_Matrix_FiltersCorrectly" classname="IrsikSoftware.LogSmith.Tests.PerCategoryMinLevelMatrixTests" runstate="Runnable" seed="220870187" result="Passed" start-time="2025-10-01 07:19:19Z" end-time="2025-10-01 07:19:19Z" duration="0.000084" asserts="0">
                  <properties>
                    <property name="retryIteration" value="0" />
                    <property name="repeatIteration" value="0" />
                  </properties>
                </test-case>
                <test-case id="1201" name="RouterCategoryFilter_Matrix_FiltersCorrectly(Critical,Warn)" fullname="IrsikSoftware.LogSmith.Tests.PerCategoryMinLevelMatrixTests.RouterCategoryFilter_Matrix_FiltersCorrectly(Critical,Warn)" methodname="RouterCategoryFilter_Matrix_FiltersCorrectly" classname="IrsikSoftware.LogSmith.Tests.PerCategoryMinLevelMatrixTests" runstate="Runnable" seed="1720190658" result="Passed" start-time="2025-10-01 07:19:19Z" end-time="2025-10-01 07:19:19Z" duration="0.000077" asserts="0">
                  <properties>
                    <property name="retryIteration" value="0" />
                    <property name="repeatIteration" value="0" />
                  </properties>
                </test-case>
                <test-case id="1202" name="RouterCategoryFilter_Matrix_FiltersCorrectly(Critical,Error)" fullname="IrsikSoftware.LogSmith.Tests.PerCategoryMinLevelMatrixTests.RouterCategoryFilter_Matrix_FiltersCorrectly(Critical,Error)" methodname="RouterCategoryFilter_Matrix_FiltersCorrectly" classname="IrsikSoftware.LogSmith.Tests.PerCategoryMinLevelMatrixTests" runstate="Runnable" seed="540811045" result="Passed" start-time="2025-10-01 07:19:19Z" end-time="2025-10-01 07:19:19Z" duration="0.000077" asserts="0">
                  <properties>
                    <property name="retryIteration" value="0" />
                    <property name="repeatIteration" value="0" />
                  </properties>
                </test-case>
                <test-case id="1203" name="RouterCategoryFilter_Matrix_FiltersCorrectly(Critical,Critical)" fullname="IrsikSoftware.LogSmith.Tests.PerCategoryMinLevelMatrixTests.RouterCategoryFilter_Matrix_FiltersCorrectly(Critical,Critical)" methodname="RouterCategoryFilter_Matrix_FiltersCorrectly" classname="IrsikSoftware.LogSmith.Tests.PerCategoryMinLevelMatrixTests" runstate="Runnable" seed="1045149582" result="Passed" start-time="2025-10-01 07:19:19Z" end-time="2025-10-01 07:19:19Z" duration="0.000080" asserts="0">
                  <properties>
                    <property name="retryIteration" value="0" />
                    <property name="repeatIteration" value="0" />
                  </properties>
                </test-case>
              </test-suite>
            </test-suite>
            <test-suite type="TestSuite" id="1286" name="Runtime" fullname="IrsikSoftware.LogSmith.Tests.Runtime" runstate="Runnable" testcasecount="49" result="Passed" start-time="2025-10-01 07:19:19Z" end-time="2025-10-01 07:19:19Z" duration="0.307425" total="49" passed="49" failed="0" inconclusive="0" skipped="0" asserts="0">
              <properties />
              <test-suite type="TestFixture" id="1230" name="BasicLoggingTests" fullname="IrsikSoftware.LogSmith.Tests.Runtime.BasicLoggingTests" classname="IrsikSoftware.LogSmith.Tests.Runtime.BasicLoggingTests" runstate="Runnable" testcasecount="19" result="Passed" start-time="2025-10-01 07:19:19Z" end-time="2025-10-01 07:19:19Z" duration="0.050327" total="19" passed="19" failed="0" inconclusive="0" skipped="0" asserts="0">
                <properties />
                <test-case id="1237" name="CategoryRegistry_CanRegisterAndUnregisterCategories" fullname="IrsikSoftware.LogSmith.Tests.Runtime.BasicLoggingTests.CategoryRegistry_CanRegisterAndUnregisterCategories" methodname="CategoryRegistry_CanRegisterAndUnregisterCategories" classname="IrsikSoftware.LogSmith.Tests.Runtime.BasicLoggingTests" runstate="Runnable" seed="334992565" result="Passed" start-time="2025-10-01 07:19:19Z" end-time="2025-10-01 07:19:19Z" duration="0.000310" asserts="0">
                  <properties>
                    <property name="retryIteration" value="0" />
                    <property name="repeatIteration" value="0" />
                  </properties>
                </test-case>
                <test-case id="1238" name="CategoryRegistry_CanRenameCategory" fullname="IrsikSoftware.LogSmith.Tests.Runtime.BasicLoggingTests.CategoryRegistry_CanRenameCategory" methodname="CategoryRegistry_CanRenameCategory" classname="IrsikSoftware.LogSmith.Tests.Runtime.BasicLoggingTests" runstate="Runnable" seed="1229222697" result="Passed" start-time="2025-10-01 07:19:19Z" end-time="2025-10-01 07:19:19Z" duration="0.000140" asserts="0">
                  <properties>
                    <property name="retryIteration" value="0" />
                    <property name="repeatIteration" value="0" />
                  </properties>
                </test-case>
                <test-case id="1239" name="CategoryRegistry_CanSetAndGetMinimumLevel" fullname="IrsikSoftware.LogSmith.Tests.Runtime.BasicLoggingTests.CategoryRegistry_CanSetAndGetMinimumLevel" methodname="CategoryRegistry_CanSetAndGetMinimumLevel" classname="IrsikSoftware.LogSmith.Tests.Runtime.BasicLoggingTests" runstate="Runnable" seed="2014032651" result="Passed" start-time="2025-10-01 07:19:19Z" end-time="2025-10-01 07:19:19Z" duration="0.000120" asserts="0">
                  <properties>
                    <property name="retryIteration" value="0" />
                    <property name="repeatIteration" value="0" />
                  </properties>
                </test-case>
                <test-case id="1240" name="CategoryRegistry_ReturnsAllCategories" fullname="IrsikSoftware.LogSmith.Tests.Runtime.BasicLoggingTests.CategoryRegistry_ReturnsAllCategories" methodname="CategoryRegistry_ReturnsAllCategories" classname="IrsikSoftware.LogSmith.Tests.Runtime.BasicLoggingTests" runstate="Runnable" seed="849929999" result="Passed" start-time="2025-10-01 07:19:19Z" end-time="2025-10-01 07:19:19Z" duration="0.000448" asserts="0">
                  <properties>
                    <property name="retryIteration" value="0" />
                    <property name="repeatIteration" value="0" />
                  </properties>
                </test-case>
                <test-case id="1242" name="FileSink_CanBeDisposed" fullname="IrsikSoftware.LogSmith.Tests.Runtime.BasicLoggingTests.FileSink_CanBeDisposed" methodname="FileSink_CanBeDisposed" classname="IrsikSoftware.LogSmith.Tests.Runtime.BasicLoggingTests" runstate="Runnable" seed="2019432893" result="Passed" start-time="2025-10-01 07:19:19Z" end-time="2025-10-01 07:19:19Z" duration="0.001888" asserts="0">
                  <properties>
                    <property name="retryIteration" value="0" />
                    <property name="repeatIteration" value="0" />
                  </properties>
                </test-case>
                <test-case id="1241" name="FileSink_CanWriteToFile" fullname="IrsikSoftware.LogSmith.Tests.Runtime.BasicLoggingTests.FileSink_CanWriteToFile" methodname="FileSink_CanWriteToFile" classname="IrsikSoftware.LogSmith.Tests.Runtime.BasicLoggingTests" runstate="Runnable" seed="1114439317" result="Passed" start-time="2025-10-01 07:19:19Z" end-time="2025-10-01 07:19:19Z" duration="0.014745" asserts="0">
                  <properties>
                    <property name="retryIteration" value="0" />
                    <property name="repeatIteration" value="0" />
                  </properties>
                </test-case>
                <test-case id="1244" name="LogConfigProvider_CanSubscribeToConfigChanges" fullname="IrsikSoftware.LogSmith.Tests.Runtime.BasicLoggingTests.LogConfigProvider_CanSubscribeToConfigChanges" methodname="LogConfigProvider_CanSubscribeToConfigChanges" classname="IrsikSoftware.LogSmith.Tests.Runtime.BasicLoggingTests" runstate="Runnable" seed="215113699" result="Passed" start-time="2025-10-01 07:19:19Z" end-time="2025-10-01 07:19:19Z" duration="0.001557" asserts="0">
                  <properties>
                    <property name="retryIteration" value="0" />
                    <property name="repeatIteration" value="0" />
                  </properties>
                </test-case>
                <test-case id="1245" name="LogConfigProvider_NotifiesSubscribersOnReload" fullname="IrsikSoftware.LogSmith.Tests.Runtime.BasicLoggingTests.LogConfigProvider_NotifiesSubscribersOnReload" methodname="LogConfigProvider_NotifiesSubscribersOnReload" classname="IrsikSoftware.LogSmith.Tests.Runtime.BasicLoggingTests" runstate="Runnable" seed="1949281069" result="Passed" start-time="2025-10-01 07:19:19Z" end-time="2025-10-01 07:19:19Z" duration="0.000447" asserts="0">
                  <properties>
                    <property name="retryIteration" value="0" />
                    <property name="repeatIteration" value="0" />
                  </properties>
                </test-case>
                <test-case id="1243" name="LogConfigProvider_ReturnsDefaultConfig" fullname="IrsikSoftware.LogSmith.Tests.Runtime.BasicLoggingTests.LogConfigProvider_ReturnsDefaultConfig" methodname="LogConfigProvider_ReturnsDefaultConfig" classname="IrsikSoftware.LogSmith.Tests.Runtime.BasicLoggingTests" runstate="Runnable" seed="1204848059" result="Passed" start-time="2025-10-01 07:19:19Z" end-time="2025-10-01 07:19:19Z" duration="0.000221" asserts="0">
                  <properties>
                    <property name="retryIteration" value="0" />
                    <property name="repeatIteration" value="0" />
                  </properties>
                </test-case>
                <test-case id="1233" name="Logger_CanCreateCategoryLogger" fullname="IrsikSoftware.LogSmith.Tests.Runtime.BasicLoggingTests.Logger_CanCreateCategoryLogger" methodname="Logger_CanCreateCategoryLogger" classname="IrsikSoftware.LogSmith.Tests.Runtime.BasicLoggingTests" runstate="Runnable" seed="1771249498" result="Passed" start-time="2025-10-01 07:19:19Z" end-time="2025-10-01 07:19:19Z" duration="0.004279" asserts="0">
                  <properties>
                    <property name="retryIteration" value="0" />
                    <property name="repeatIteration" value="0" />
                  </properties>
                  <output><![CDATA[[LogSmith] UnityLoggingBootstrap initialized - Console: True, File: False, Rotation: True, Format: Text
]]></output>
                </test-case>
                <test-case id="1232" name="Logger_CanLog_AllLevels" fullname="IrsikSoftware.LogSmith.Tests.Runtime.BasicLoggingTests.Logger_CanLog_AllLevels" methodname="Logger_CanLog_AllLevels" classname="IrsikSoftware.LogSmith.Tests.Runtime.BasicLoggingTests" runstate="Runnable" seed="755586603" result="Passed" start-time="2025-10-01 07:19:19Z" end-time="2025-10-01 07:19:19Z" duration="0.020187" asserts="0">
                  <properties>
                    <property name="retryIteration" value="0" />
                    <property name="repeatIteration" value="0" />
                  </properties>
                  <output><![CDATA[2025/10/01 07:19:19.392 | DEBUG | [Default] Debug message
2025/10/01 07:19:19.395 | INFO | [Default] Info message
2025/10/01 07:19:19.397 | WARNING | [Default] Warning message
2025/10/01 07:19:19.400 | ERROR | [Default] Error message
2025/10/01 07:19:19.402 | FATAL | [Default] Critical message
]]></output>
                </test-case>
                <test-case id="1234" name="Logger_WithCategory_CreatesNewLogger" fullname="IrsikSoftware.LogSmith.Tests.Runtime.BasicLoggingTests.Logger_WithCategory_CreatesNewLogger" methodname="Logger_WithCategory_CreatesNewLogger" classname="IrsikSoftware.LogSmith.Tests.Runtime.BasicLoggingTests" runstate="Runnable" seed="552725212" result="Passed" start-time="2025-10-01 07:19:19Z" end-time="2025-10-01 07:19:19Z" duration="0.000459" asserts="0">
                  <properties>
                    <property name="retryIteration" value="0" />
                    <property name="repeatIteration" value="0" />
                  </properties>
                </test-case>
                <test-case id="1231" name="LogSmith_Initializes_Successfully" fullname="IrsikSoftware.LogSmith.Tests.Runtime.BasicLoggingTests.LogSmith_Initializes_Successfully" methodname="LogSmith_Initializes_Successfully" classname="IrsikSoftware.LogSmith.Tests.Runtime.BasicLoggingTests" runstate="Runnable" seed="1052525582" result="Passed" start-time="2025-10-01 07:19:19Z" end-time="2025-10-01 07:19:19Z" duration="0.000104" asserts="0">
                  <properties>
                    <property name="retryIteration" value="0" />
                    <property name="repeatIteration" value="0" />
                  </properties>
                </test-case>
                <test-case id="1248" name="MessageTemplateEngine_CanSetCategoryTemplate" fullname="IrsikSoftware.LogSmith.Tests.Runtime.BasicLoggingTests.MessageTemplateEngine_CanSetCategoryTemplate" methodname="MessageTemplateEngine_CanSetCategoryTemplate" classname="IrsikSoftware.LogSmith.Tests.Runtime.BasicLoggingTests" runstate="Runnable" seed="828058719" result="Passed" start-time="2025-10-01 07:19:19Z" end-time="2025-10-01 07:19:19Z" duration="0.000117" asserts="0">
                  <properties>
                    <property name="retryIteration" value="0" />
                    <property name="repeatIteration" value="0" />
                  </properties>
                </test-case>
                <test-case id="1249" name="MessageTemplateEngine_EscapesJsonSpecialCharacters" fullname="IrsikSoftware.LogSmith.Tests.Runtime.BasicLoggingTests.MessageTemplateEngine_EscapesJsonSpecialCharacters" methodname="MessageTemplateEngine_EscapesJsonSpecialCharacters" classname="IrsikSoftware.LogSmith.Tests.Runtime.BasicLoggingTests" runstate="Runnable" seed="417997016" result="Passed" start-time="2025-10-01 07:19:19Z" end-time="2025-10-01 07:19:19Z" duration="0.000198" asserts="0">
                  <properties>
                    <property name="retryIteration" value="0" />
                    <property name="repeatIteration" value="0" />
                  </properties>
                </test-case>
                <test-case id="1247" name="MessageTemplateEngine_FormatsJsonCorrectly" fullname="IrsikSoftware.LogSmith.Tests.Runtime.BasicLoggingTests.MessageTemplateEngine_FormatsJsonCorrectly" methodname="MessageTemplateEngine_FormatsJsonCorrectly" classname="IrsikSoftware.LogSmith.Tests.Runtime.BasicLoggingTests" runstate="Runnable" seed="1441187712" result="Passed" start-time="2025-10-01 07:19:19Z" end-time="2025-10-01 07:19:19Z" duration="0.000222" asserts="0">
                  <properties>
                    <property name="retryIteration" value="0" />
                    <property name="repeatIteration" value="0" />
                  </properties>
                </test-case>
                <test-case id="1246" name="MessageTemplateEngine_FormatsTextCorrectly" fullname="IrsikSoftware.LogSmith.Tests.Runtime.BasicLoggingTests.MessageTemplateEngine_FormatsTextCorrectly" methodname="MessageTemplateEngine_FormatsTextCorrectly" classname="IrsikSoftware.LogSmith.Tests.Runtime.BasicLoggingTests" runstate="Runnable" seed="1592332467" result="Passed" start-time="2025-10-01 07:19:19Z" end-time="2025-10-01 07:19:19Z" duration="0.000255" asserts="0">
                  <properties>
                    <property name="retryIteration" value="0" />
                    <property name="repeatIteration" value="0" />
                  </properties>
                </test-case>
                <test-case id="1235" name="Router_CanRegisterAndUnregisterSinks" fullname="IrsikSoftware.LogSmith.Tests.Runtime.BasicLoggingTests.Router_CanRegisterAndUnregisterSinks" methodname="Router_CanRegisterAndUnregisterSinks" classname="IrsikSoftware.LogSmith.Tests.Runtime.BasicLoggingTests" runstate="Runnable" seed="1545993232" result="Passed" start-time="2025-10-01 07:19:19Z" end-time="2025-10-01 07:19:19Z" duration="0.000262" asserts="0">
                  <properties>
                    <property name="retryIteration" value="0" />
                    <property name="repeatIteration" value="0" />
                  </properties>
                </test-case>
                <test-case id="1236" name="Router_CanSubscribeToLogEvents" fullname="IrsikSoftware.LogSmith.Tests.Runtime.BasicLoggingTests.Router_CanSubscribeToLogEvents" methodname="Router_CanSubscribeToLogEvents" classname="IrsikSoftware.LogSmith.Tests.Runtime.BasicLoggingTests" runstate="Runnable" seed="176817285" result="Passed" start-time="2025-10-01 07:19:19Z" end-time="2025-10-01 07:19:19Z" duration="0.001040" asserts="0">
                  <properties>
                    <property name="retryIteration" value="0" />
                    <property name="repeatIteration" value="0" />
                  </properties>
                </test-case>
              </test-suite>
              <test-suite type="TestFixture" id="1250" name="ScriptableObjectConfigProviderTests" fullname="IrsikSoftware.LogSmith.Tests.Runtime.ScriptableObjectConfigProviderTests" classname="IrsikSoftware.LogSmith.Tests.Runtime.ScriptableObjectConfigProviderTests" runstate="Runnable" testcasecount="10" result="Passed" start-time="2025-10-01 07:19:19Z" end-time="2025-10-01 07:19:19Z" duration="0.007523" total="10" passed="10" failed="0" inconclusive="0" skipped="0" asserts="0">
                <properties />
                <test-case id="1258" name="Constructor_ThrowsOnNullSettings" fullname="IrsikSoftware.LogSmith.Tests.Runtime.ScriptableObjectConfigProviderTests.Constructor_ThrowsOnNullSettings" methodname="Constructor_ThrowsOnNullSettings" classname="IrsikSoftware.LogSmith.Tests.Runtime.ScriptableObjectConfigProviderTests" runstate="Runnable" seed="1661123247" result="Passed" start-time="2025-10-01 07:19:19Z" end-time="2025-10-01 07:19:19Z" duration="0.001852" asserts="0">
                  <properties>
                    <property name="retryIteration" value="0" />
                    <property name="repeatIteration" value="0" />
                  </properties>
                </test-case>
                <test-case id="1253" name="GetConfig_ConvertsCategoryMinLevelOverrides" fullname="IrsikSoftware.LogSmith.Tests.Runtime.ScriptableObjectConfigProviderTests.GetConfig_ConvertsCategoryMinLevelOverrides" methodname="GetConfig_ConvertsCategoryMinLevelOverrides" classname="IrsikSoftware.LogSmith.Tests.Runtime.ScriptableObjectConfigProviderTests" runstate="Runnable" seed="830528667" result="Passed" start-time="2025-10-01 07:19:19Z" end-time="2025-10-01 07:19:19Z" duration="0.000636" asserts="0">
                  <properties>
                    <property name="retryIteration" value="0" />
                    <property name="repeatIteration" value="0" />
                  </properties>
                </test-case>
                <test-case id="1252" name="GetConfig_ConvertsScriptableObjectSettings" fullname="IrsikSoftware.LogSmith.Tests.Runtime.ScriptableObjectConfigProviderTests.GetConfig_ConvertsScriptableObjectSettings" methodname="GetConfig_ConvertsScriptableObjectSettings" classname="IrsikSoftware.LogSmith.Tests.Runtime.ScriptableObjectConfigProviderTests" runstate="Runnable" seed="1320705047" result="Passed" start-time="2025-10-01 07:19:19Z" end-time="2025-10-01 07:19:19Z" duration="0.000347" asserts="0">
                  <properties>
                    <property name="retryIteration" value="0" />
                    <property name="repeatIteration" value="0" />
                  </properties>
                </test-case>
                <test-case id="1254" name="GetConfig_IgnoresEmptyCategoryNames" fullname="IrsikSoftware.LogSmith.Tests.Runtime.ScriptableObjectConfigProviderTests.GetConfig_IgnoresEmptyCategoryNames" methodname="GetConfig_IgnoresEmptyCategoryNames" classname="IrsikSoftware.LogSmith.Tests.Runtime.ScriptableObjectConfigProviderTests" runstate="Runnable" seed="1037069896" result="Passed" start-time="2025-10-01 07:19:19Z" end-time="2025-10-01 07:19:19Z" duration="0.000362" asserts="0">
                  <properties>
                    <property name="retryIteration" value="0" />
                    <property name="repeatIteration" value="0" />
                  </properties>
                </test-case>
                <test-case id="1251" name="GetConfig_ReturnsConfigWithDefaultSettings" fullname="IrsikSoftware.LogSmith.Tests.Runtime.ScriptableObjectConfigProviderTests.GetConfig_ReturnsConfigWithDefaultSettings" methodname="GetConfig_ReturnsConfigWithDefaultSettings" classname="IrsikSoftware.LogSmith.Tests.Runtime.ScriptableObjectConfigProviderTests" runstate="Runnable" seed="1420953539" result="Passed" start-time="2025-10-01 07:19:19Z" end-time="2025-10-01 07:19:19Z" duration="0.000394" asserts="0">
                  <properties>
                    <property name="retryIteration" value="0" />
                    <property name="repeatIteration" value="0" />
                  </properties>
                </test-case>
                <test-case id="1260" name="SettingsChanged_DoesNotTriggerWhenLiveReloadDisabled" fullname="IrsikSoftware.LogSmith.Tests.Runtime.ScriptableObjectConfigProviderTests.SettingsChanged_DoesNotTriggerWhenLiveReloadDisabled" methodname="SettingsChanged_DoesNotTriggerWhenLiveReloadDisabled" classname="IrsikSoftware.LogSmith.Tests.Runtime.ScriptableObjectConfigProviderTests" runstate="Runnable" seed="943374486" result="Passed" start-time="2025-10-01 07:19:19Z" end-time="2025-10-01 07:19:19Z" duration="0.000298" asserts="0">
                  <properties>
                    <property name="retryIteration" value="0" />
                    <property name="repeatIteration" value="0" />
                  </properties>
                </test-case>
                <test-case id="1259" name="SettingsChanged_TriggersReloadWhenLiveReloadEnabled" fullname="IrsikSoftware.LogSmith.Tests.Runtime.ScriptableObjectConfigProviderTests.SettingsChanged_TriggersReloadWhenLiveReloadEnabled" methodname="SettingsChanged_TriggersReloadWhenLiveReloadEnabled" classname="IrsikSoftware.LogSmith.Tests.Runtime.ScriptableObjectConfigProviderTests" runstate="Runnable" seed="1180062657" result="Passed" start-time="2025-10-01 07:19:19Z" end-time="2025-10-01 07:19:19Z" duration="0.000330" asserts="0">
                  <properties>
                    <property name="retryIteration" value="0" />
                    <property name="repeatIteration" value="0" />
                  </properties>
                </test-case>
                <test-case id="1257" name="Subscribe_Dispose_StopsNotifications" fullname="IrsikSoftware.LogSmith.Tests.Runtime.ScriptableObjectConfigProviderTests.Subscribe_Dispose_StopsNotifications" methodname="Subscribe_Dispose_StopsNotifications" classname="IrsikSoftware.LogSmith.Tests.Runtime.ScriptableObjectConfigProviderTests" runstate="Runnable" seed="256147548" result="Passed" start-time="2025-10-01 07:19:19Z" end-time="2025-10-01 07:19:19Z" duration="0.000275" asserts="0">
                  <properties>
                    <property name="retryIteration" value="0" />
                    <property name="repeatIteration" value="0" />
                  </properties>
                </test-case>
                <test-case id="1255" name="Subscribe_NotifiesImmediatelyWithCurrentConfig" fullname="IrsikSoftware.LogSmith.Tests.Runtime.ScriptableObjectConfigProviderTests.Subscribe_NotifiesImmediatelyWithCurrentConfig" methodname="Subscribe_NotifiesImmediatelyWithCurrentConfig" classname="IrsikSoftware.LogSmith.Tests.Runtime.ScriptableObjectConfigProviderTests" runstate="Runnable" seed="652690238" result="Passed" start-time="2025-10-01 07:19:19Z" end-time="2025-10-01 07:19:19Z" duration="0.000280" asserts="0">
                  <properties>
                    <property name="retryIteration" value="0" />
                    <property name="repeatIteration" value="0" />
                  </properties>
                </test-case>
                <test-case id="1256" name="Subscribe_NotifiesOnReload" fullname="IrsikSoftware.LogSmith.Tests.Runtime.ScriptableObjectConfigProviderTests.Subscribe_NotifiesOnReload" methodname="Subscribe_NotifiesOnReload" classname="IrsikSoftware.LogSmith.Tests.Runtime.ScriptableObjectConfigProviderTests" runstate="Runnable" seed="885090278" result="Passed" start-time="2025-10-01 07:19:19Z" end-time="2025-10-01 07:19:19Z" duration="0.000313" asserts="0">
                  <properties>
                    <property name="retryIteration" value="0" />
                    <property name="repeatIteration" value="0" />
                  </properties>
                </test-case>
              </test-suite>
              <test-suite type="TestFixture" id="1261" name="UnityLoggingBootstrapTests" fullname="IrsikSoftware.LogSmith.Tests.Runtime.UnityLoggingBootstrapTests" classname="IrsikSoftware.LogSmith.Tests.Runtime.UnityLoggingBootstrapTests" runstate="Runnable" testcasecount="20" result="Passed" start-time="2025-10-01 07:19:19Z" end-time="2025-10-01 07:19:19Z" duration="0.248000" total="20" passed="20" failed="0" inconclusive="0" skipped="0" asserts="0">
                <properties />
                <test-case id="1279" name="Bootstrap_AppliesPerCategoryMinLevels_FromSettings" fullname="IrsikSoftware.LogSmith.Tests.Runtime.UnityLoggingBootstrapTests.Bootstrap_AppliesPerCategoryMinLevels_FromSettings" methodname="Bootstrap_AppliesPerCategoryMinLevels_FromSettings" classname="IrsikSoftware.LogSmith.Tests.Runtime.UnityLoggingBootstrapTests" runstate="Runnable" seed="1582873063" result="Passed" start-time="2025-10-01 07:19:19Z" end-time="2025-10-01 07:19:19Z" duration="0.009403" asserts="0">
                  <properties>
                    <property name="retryIteration" value="0" />
                    <property name="repeatIteration" value="0" />
                  </properties>
                  <output><![CDATA[[LogSmith] UnityLoggingBootstrap initialized - Console: True, File: False, Rotation: True, Format: Text
[LogSmith] UnityLoggingBootstrap disposed
]]></output>
                </test-case>
                <test-case id="1272" name="Bootstrap_DefaultFormat_IsText" fullname="IrsikSoftware.LogSmith.Tests.Runtime.UnityLoggingBootstrapTests.Bootstrap_DefaultFormat_IsText" methodname="Bootstrap_DefaultFormat_IsText" classname="IrsikSoftware.LogSmith.Tests.Runtime.UnityLoggingBootstrapTests" runstate="Runnable" seed="1786820374" result="Passed" start-time="2025-10-01 07:19:19Z" end-time="2025-10-01 07:19:19Z" duration="0.015359" asserts="0">
                  <properties>
                    <property name="retryIteration" value="0" />
                    <property name="repeatIteration" value="0" />
                  </properties>
                  <output><![CDATA[[LogSmith] UnityLoggingBootstrap initialized - Console: False, File: True, Rotation: True, Format: Text
[LogSmith] UnityLoggingBootstrap disposed
]]></output>
                </test-case>
                <test-case id="1264" name="Bootstrap_DisablesConsoleSink_WhenConfigured" fullname="IrsikSoftware.LogSmith.Tests.Runtime.UnityLoggingBootstrapTests.Bootstrap_DisablesConsoleSink_WhenConfigured" methodname="Bootstrap_DisablesConsoleSink_WhenConfigured" classname="IrsikSoftware.LogSmith.Tests.Runtime.UnityLoggingBootstrapTests" runstate="Runnable" seed="345703956" result="Passed" start-time="2025-10-01 07:19:19Z" end-time="2025-10-01 07:19:19Z" duration="0.002115" asserts="0">
                  <properties>
                    <property name="retryIteration" value="0" />
                    <property name="repeatIteration" value="0" />
                  </properties>
                  <output><![CDATA[[LogSmith] UnityLoggingBootstrap initialized - Console: False, File: False, Rotation: True, Format: Text
[LogSmith] UnityLoggingBootstrap disposed
]]></output>
                </test-case>
                <test-case id="1274" name="Bootstrap_Dispose_UnregistersSinks" fullname="IrsikSoftware.LogSmith.Tests.Runtime.UnityLoggingBootstrapTests.Bootstrap_Dispose_UnregistersSinks" methodname="Bootstrap_Dispose_UnregistersSinks" classname="IrsikSoftware.LogSmith.Tests.Runtime.UnityLoggingBootstrapTests" runstate="Runnable" seed="120473529" result="Passed" start-time="2025-10-01 07:19:19Z" end-time="2025-10-01 07:19:19Z" duration="0.003514" asserts="0">
                  <properties>
                    <property name="retryIteration" value="0" />
                    <property name="repeatIteration" value="0" />
                  </properties>
                  <output><![CDATA[[LogSmith] UnityLoggingBootstrap initialized - Console: True, File: True, Rotation: True, Format: Text
[LogSmith] UnityLoggingBootstrap disposed
]]></output>
                </test-case>
                <test-case id="1275" name="Bootstrap_DoubleDispose_DoesNotThrow" fullname="IrsikSoftware.LogSmith.Tests.Runtime.UnityLoggingBootstrapTests.Bootstrap_DoubleDispose_DoesNotThrow" methodname="Bootstrap_DoubleDispose_DoesNotThrow" classname="IrsikSoftware.LogSmith.Tests.Runtime.UnityLoggingBootstrapTests" runstate="Runnable" seed="690948869" result="Passed" start-time="2025-10-01 07:19:19Z" end-time="2025-10-01 07:19:19Z" duration="0.001904" asserts="0">
                  <properties>
                    <property name="retryIteration" value="0" />
                    <property name="repeatIteration" value="0" />
                  </properties>
                  <output><![CDATA[[LogSmith] UnityLoggingBootstrap initialized - Console: True, File: False, Rotation: True, Format: Text
[LogSmith] UnityLoggingBootstrap disposed
]]></output>
                </test-case>
                <test-case id="1263" name="Bootstrap_EnablesConsoleSink_WhenConfigured" fullname="IrsikSoftware.LogSmith.Tests.Runtime.UnityLoggingBootstrapTests.Bootstrap_EnablesConsoleSink_WhenConfigured" methodname="Bootstrap_EnablesConsoleSink_WhenConfigured" classname="IrsikSoftware.LogSmith.Tests.Runtime.UnityLoggingBootstrapTests" runstate="Runnable" seed="1978602749" result="Passed" start-time="2025-10-01 07:19:19Z" end-time="2025-10-01 07:19:19Z" duration="0.001724" asserts="0">
                  <properties>
                    <property name="retryIteration" value="0" />
                    <property name="repeatIteration" value="0" />
                  </properties>
                  <output><![CDATA[[LogSmith] UnityLoggingBootstrap initialized - Console: True, File: False, Rotation: True, Format: Text
[LogSmith] UnityLoggingBootstrap disposed
]]></output>
                </test-case>
                <test-case id="1265" name="Bootstrap_EnablesFileSink_WhenConfigured" fullname="IrsikSoftware.LogSmith.Tests.Runtime.UnityLoggingBootstrapTests.Bootstrap_EnablesFileSink_WhenConfigured" methodname="Bootstrap_EnablesFileSink_WhenConfigured" classname="IrsikSoftware.LogSmith.Tests.Runtime.UnityLoggingBootstrapTests" runstate="Runnable" seed="692347742" result="Passed" start-time="2025-10-01 07:19:19Z" end-time="2025-10-01 07:19:19Z" duration="0.002203" asserts="0">
                  <properties>
                    <property name="retryIteration" value="0" />
                    <property name="repeatIteration" value="0" />
                  </properties>
                  <output><![CDATA[[LogSmith] UnityLoggingBootstrap initialized - Console: True, File: True, Rotation: True, Format: Text
[LogSmith] UnityLoggingBootstrap disposed
]]></output>
                </test-case>
                <test-case id="1273" name="Bootstrap_Flush_FlushesAllSinks" fullname="IrsikSoftware.LogSmith.Tests.Runtime.UnityLoggingBootstrapTests.Bootstrap_Flush_FlushesAllSinks" methodname="Bootstrap_Flush_FlushesAllSinks" classname="IrsikSoftware.LogSmith.Tests.Runtime.UnityLoggingBootstrapTests" runstate="Runnable" seed="593751816" result="Passed" start-time="2025-10-01 07:19:19Z" end-time="2025-10-01 07:19:19Z" duration="0.015090" asserts="0">
                  <properties>
                    <property name="retryIteration" value="0" />
                    <property name="repeatIteration" value="0" />
                  </properties>
                  <output><![CDATA[[LogSmith] UnityLoggingBootstrap initialized - Console: True, File: True, Rotation: True, Format: Text
[LogSmith] UnityLoggingBootstrap disposed
]]></output>
                </test-case>
                <test-case id="1281" name="Bootstrap_IgnoresEmptyOrNullCategoryNames_InOverrides" fullname="IrsikSoftware.LogSmith.Tests.Runtime.UnityLoggingBootstrapTests.Bootstrap_IgnoresEmptyOrNullCategoryNames_InOverrides" methodname="Bootstrap_IgnoresEmptyOrNullCategoryNames_InOverrides" classname="IrsikSoftware.LogSmith.Tests.Runtime.UnityLoggingBootstrapTests" runstate="Runnable" seed="1723361244" result="Passed" start-time="2025-10-01 07:19:19Z" end-time="2025-10-01 07:19:19Z" duration="0.003791" asserts="0">
                  <properties>
                    <property name="retryIteration" value="0" />
                    <property name="repeatIteration" value="0" />
                  </properties>
                  <output><![CDATA[[LogSmith] UnityLoggingBootstrap initialized - Console: True, File: False, Rotation: True, Format: Text
[LogSmith] UnityLoggingBootstrap disposed
]]></output>
                </test-case>
                <test-case id="1262" name="Bootstrap_InitializesWithDefaultSettings" fullname="IrsikSoftware.LogSmith.Tests.Runtime.UnityLoggingBootstrapTests.Bootstrap_InitializesWithDefaultSettings" methodname="Bootstrap_InitializesWithDefaultSettings" classname="IrsikSoftware.LogSmith.Tests.Runtime.UnityLoggingBootstrapTests" runstate="Runnable" seed="444393825" result="Passed" start-time="2025-10-01 07:19:19Z" end-time="2025-10-01 07:19:19Z" duration="0.001857" asserts="0">
                  <properties>
                    <property name="retryIteration" value="0" />
                    <property name="repeatIteration" value="0" />
                  </properties>
                  <output><![CDATA[[LogSmith] UnityLoggingBootstrap initialized - Console: True, File: False, Rotation: True, Format: Text
[LogSmith] UnityLoggingBootstrap disposed
]]></output>
                </test-case>
                <test-case id="1266" name="Bootstrap_RegistersSinks_WithRouter" fullname="IrsikSoftware.LogSmith.Tests.Runtime.UnityLoggingBootstrapTests.Bootstrap_RegistersSinks_WithRouter" methodname="Bootstrap_RegistersSinks_WithRouter" classname="IrsikSoftware.LogSmith.Tests.Runtime.UnityLoggingBootstrapTests" runstate="Runnable" seed="1966680078" result="Passed" start-time="2025-10-01 07:19:19Z" end-time="2025-10-01 07:19:19Z" duration="0.003386" asserts="0">
                  <properties>
                    <property name="retryIteration" value="0" />
                    <property name="repeatIteration" value="0" />
                  </properties>
                  <output><![CDATA[[LogSmith] UnityLoggingBootstrap initialized - Console: True, File: True, Rotation: True, Format: Text
[LogSmith] UnityLoggingBootstrap disposed
]]></output>
                </test-case>
                <test-case id="1270" name="Bootstrap_ReloadSettings_UpdatesMinimumLevel" fullname="IrsikSoftware.LogSmith.Tests.Runtime.UnityLoggingBootstrapTests.Bootstrap_ReloadSettings_UpdatesMinimumLevel" methodname="Bootstrap_ReloadSettings_UpdatesMinimumLevel" classname="IrsikSoftware.LogSmith.Tests.Runtime.UnityLoggingBootstrapTests" runstate="Runnable" seed="1119634337" result="Passed" start-time="2025-10-01 07:19:19Z" end-time="2025-10-01 07:19:19Z" duration="0.004074" asserts="0">
                  <properties>
                    <property name="retryIteration" value="0" />
                    <property name="repeatIteration" value="0" />
                  </properties>
                  <output><![CDATA[[LogSmith] UnityLoggingBootstrap initialized - Console: True, File: False, Rotation: True, Format: Text
[LogSmith] Reloading logging settings...
[LogSmith] Settings reloaded - MinLevel: Error, Format: Text
[LogSmith] UnityLoggingBootstrap disposed
]]></output>
                </test-case>
                <test-case id="1280" name="Bootstrap_ReloadSettings_UpdatesPerCategoryMinLevels" fullname="IrsikSoftware.LogSmith.Tests.Runtime.UnityLoggingBootstrapTests.Bootstrap_ReloadSettings_UpdatesPerCategoryMinLevels" methodname="Bootstrap_ReloadSettings_UpdatesPerCategoryMinLevels" classname="IrsikSoftware.LogSmith.Tests.Runtime.UnityLoggingBootstrapTests" runstate="Runnable" seed="1261662180" result="Passed" start-time="2025-10-01 07:19:19Z" end-time="2025-10-01 07:19:19Z" duration="0.004958" asserts="0">
                  <properties>
                    <property name="retryIteration" value="0" />
                    <property name="repeatIteration" value="0" />
                  </properties>
                  <output><![CDATA[[LogSmith] UnityLoggingBootstrap initialized - Console: True, File: False, Rotation: True, Format: Text
[LogSmith] Reloading logging settings...
[LogSmith] Settings reloaded - MinLevel: Trace, Format: Text
[LogSmith] UnityLoggingBootstrap disposed
]]></output>
                </test-case>
                <test-case id="1267" name="Bootstrap_SetsGlobalMinimumLevel" fullname="IrsikSoftware.LogSmith.Tests.Runtime.UnityLoggingBootstrapTests.Bootstrap_SetsGlobalMinimumLevel" methodname="Bootstrap_SetsGlobalMinimumLevel" classname="IrsikSoftware.LogSmith.Tests.Runtime.UnityLoggingBootstrapTests" runstate="Runnable" seed="1223111218" result="Passed" start-time="2025-10-01 07:19:19Z" end-time="2025-10-01 07:19:19Z" duration="0.002823" asserts="0">
                  <properties>
                    <property name="retryIteration" value="0" />
                    <property name="repeatIteration" value="0" />
                  </properties>
                  <output><![CDATA[[LogSmith] UnityLoggingBootstrap initialized - Console: True, File: False, Rotation: True, Format: Text
[LogSmith] UnityLoggingBootstrap disposed
]]></output>
                </test-case>
                <test-case id="1271" name="Bootstrap_SwitchFormat_ChangesFileSinkFormat" fullname="IrsikSoftware.LogSmith.Tests.Runtime.UnityLoggingBootstrapTests.Bootstrap_SwitchFormat_ChangesFileSinkFormat" methodname="Bootstrap_SwitchFormat_ChangesFileSinkFormat" classname="IrsikSoftware.LogSmith.Tests.Runtime.UnityLoggingBootstrapTests" runstate="Runnable" seed="2001645025" result="Passed" start-time="2025-10-01 07:19:19Z" end-time="2025-10-01 07:19:19Z" duration="0.015808" asserts="0">
                  <properties>
                    <property name="retryIteration" value="0" />
                    <property name="repeatIteration" value="0" />
                  </properties>
                  <output><![CDATA[[LogSmith] UnityLoggingBootstrap initialized - Console: False, File: True, Rotation: True, Format: Text
[LogSmith] File sink format switched to: Json
[LogSmith] UnityLoggingBootstrap disposed
]]></output>
                </test-case>
                <test-case id="1276" name="Bootstrap_WithRelativePath_UsesApplicationDataPath" fullname="IrsikSoftware.LogSmith.Tests.Runtime.UnityLoggingBootstrapTests.Bootstrap_WithRelativePath_UsesApplicationDataPath" methodname="Bootstrap_WithRelativePath_UsesApplicationDataPath" classname="IrsikSoftware.LogSmith.Tests.Runtime.UnityLoggingBootstrapTests" runstate="Runnable" seed="1137719045" result="Passed" start-time="2025-10-01 07:19:19Z" end-time="2025-10-01 07:19:19Z" duration="0.003694" asserts="0">
                  <properties>
                    <property name="retryIteration" value="0" />
                    <property name="repeatIteration" value="0" />
                  </properties>
                  <output><![CDATA[[LogSmith] UnityLoggingBootstrap initialized - Console: True, File: True, Rotation: True, Format: Text
[LogSmith] UnityLoggingBootstrap disposed
]]></output>
                </test-case>
                <test-case id="1269" name="FileSink_RespectsRetentionCount" fullname="IrsikSoftware.LogSmith.Tests.Runtime.UnityLoggingBootstrapTests.FileSink_RespectsRetentionCount" methodname="FileSink_RespectsRetentionCount" classname="IrsikSoftware.LogSmith.Tests.Runtime.UnityLoggingBootstrapTests" runstate="Runnable" seed="1302816925" result="Passed" start-time="2025-10-01 07:19:19Z" end-time="2025-10-01 07:19:19Z" duration="0.010716" asserts="0">
                  <properties>
                    <property name="retryIteration" value="0" />
                    <property name="repeatIteration" value="0" />
                  </properties>
                </test-case>
                <test-case id="1268" name="FileSink_RotatesLog_WhenSizeExceeds" fullname="IrsikSoftware.LogSmith.Tests.Runtime.UnityLoggingBootstrapTests.FileSink_RotatesLog_WhenSizeExceeds" methodname="FileSink_RotatesLog_WhenSizeExceeds" classname="IrsikSoftware.LogSmith.Tests.Runtime.UnityLoggingBootstrapTests" runstate="Runnable" seed="2045578935" result="Passed" start-time="2025-10-01 07:19:19Z" end-time="2025-10-01 07:19:19Z" duration="0.136671" asserts="0">
                  <properties>
                    <property name="retryIteration" value="0" />
                    <property name="repeatIteration" value="0" />
                  </properties>
                  <output><![CDATA[[LogSmith] UnityLoggingBootstrap initialized - Console: False, File: True, Rotation: True, Format: Text
[LogSmith] UnityLoggingBootstrap disposed
]]></output>
                </test-case>
                <test-case id="1277" name="LogSmith_ReloadSettings_CallsBootstrapReload" fullname="IrsikSoftware.LogSmith.Tests.Runtime.UnityLoggingBootstrapTests.LogSmith_ReloadSettings_CallsBootstrapReload" methodname="LogSmith_ReloadSettings_CallsBootstrapReload" classname="IrsikSoftware.LogSmith.Tests.Runtime.UnityLoggingBootstrapTests" runstate="Runnable" seed="2106748428" result="Passed" start-time="2025-10-01 07:19:19Z" end-time="2025-10-01 07:19:19Z" duration="0.002726" asserts="0">
                  <properties>
                    <property name="retryIteration" value="0" />
                    <property name="repeatIteration" value="0" />
                  </properties>
                  <output><![CDATA[[LogSmith] Reloading logging settings...
[LogSmith] Settings reloaded - MinLevel: Debug, Format: Text
]]></output>
                </test-case>
                <test-case id="1278" name="LogSmith_SwitchFormat_CallsBootstrapSwitchFormat" fullname="IrsikSoftware.LogSmith.Tests.Runtime.UnityLoggingBootstrapTests.LogSmith_SwitchFormat_CallsBootstrapSwitchFormat" methodname="LogSmith_SwitchFormat_CallsBootstrapSwitchFormat" classname="IrsikSoftware.LogSmith.Tests.Runtime.UnityLoggingBootstrapTests" runstate="Runnable" seed="1277089974" result="Passed" start-time="2025-10-01 07:19:19Z" end-time="2025-10-01 07:19:19Z" duration="0.002044" asserts="0">
                  <properties>
                    <property name="retryIteration" value="0" />
                    <property name="repeatIteration" value="0" />
                  </properties>
                  <output><![CDATA[[LogSmith] Cannot switch format: File sink is not enabled
[LogSmith] Cannot switch format: File sink is not enabled
]]></output>
                </test-case>
              </test-suite>
            </test-suite>
            <test-suite type="TestFixture" id="1228" name="TestPlaceholder" fullname="IrsikSoftware.LogSmith.Tests.TestPlaceholder" classname="IrsikSoftware.LogSmith.Tests.TestPlaceholder" runstate="Runnable" testcasecount="1" result="Passed" start-time="2025-10-01 07:19:19Z" end-time="2025-10-01 07:19:19Z" duration="0.001335" total="1" passed="1" failed="0" inconclusive="0" skipped="0" asserts="0">
              <properties />
              <test-case id="1229" name="PlaceholderTest_ShouldPass" fullname="IrsikSoftware.LogSmith.Tests.TestPlaceholder.PlaceholderTest_ShouldPass" methodname="PlaceholderTest_ShouldPass" classname="IrsikSoftware.LogSmith.Tests.TestPlaceholder" runstate="Runnable" seed="2040360939" result="Passed" start-time="2025-10-01 07:19:19Z" end-time="2025-10-01 07:19:19Z" duration="0.000223" asserts="0">
                <properties>
                  <property name="retryIteration" value="0" />
                  <property name="repeatIteration" value="0" />
                </properties>
                <reason>
                  <message><![CDATA[Placeholder test]]></message>
                </reason>
              </test-case>
            </test-suite>
            <test-suite type="TestFixture" id="1216" name="VContainerIntegrationTests" fullname="IrsikSoftware.LogSmith.Tests.VContainerIntegrationTests" classname="IrsikSoftware.LogSmith.Tests.VContainerIntegrationTests" runstate="Runnable" testcasecount="11" result="Passed" start-time="2025-10-01 07:19:19Z" end-time="2025-10-01 07:19:19Z" duration="0.048278" total="11" passed="11" failed="0" inconclusive="0" skipped="0" asserts="0">
              <properties />
              <test-case id="1219" name="ContainerBuilderExtensions_AddLogSmithLogging_RegistersServices" fullname="IrsikSoftware.LogSmith.Tests.VContainerIntegrationTests.ContainerBuilderExtensions_AddLogSmithLogging_RegistersServices" methodname="ContainerBuilderExtensions_AddLogSmithLogging_RegistersServices" classname="IrsikSoftware.LogSmith.Tests.VContainerIntegrationTests" runstate="Runnable" seed="130707253" result="Passed" start-time="2025-10-01 07:19:19Z" end-time="2025-10-01 07:19:19Z" duration="0.017331" asserts="0">
                <properties>
                  <property name="retryIteration" value="0" />
                  <property name="repeatIteration" value="0" />
                </properties>
                <output><![CDATA[[LogSmith] UnityLoggingBootstrap initialized - Console: True, File: False, Rotation: True, Format: Text
]]></output>
              </test-case>
              <test-case id="1220" name="ContainerBuilderExtensions_AddLogSmithLogging_WithNullSettings_UsesDefaults" fullname="IrsikSoftware.LogSmith.Tests.VContainerIntegrationTests.ContainerBuilderExtensions_AddLogSmithLogging_WithNullSettings_UsesDefaults" methodname="ContainerBuilderExtensions_AddLogSmithLogging_WithNullSettings_UsesDefaults" classname="IrsikSoftware.LogSmith.Tests.VContainerIntegrationTests" runstate="Runnable" seed="1677904102" result="Passed" start-time="2025-10-01 07:19:19Z" end-time="2025-10-01 07:19:19Z" duration="0.001067" asserts="0">
                <properties>
                  <property name="retryIteration" value="0" />
                  <property name="repeatIteration" value="0" />
                </properties>
                <output><![CDATA[[LogSmith] UnityLoggingBootstrap initialized - Console: True, File: False, Rotation: True, Format: Text
]]></output>
              </test-case>
              <test-case id="1217" name="ExtensionMethod_RegistersAllServices" fullname="IrsikSoftware.LogSmith.Tests.VContainerIntegrationTests.ExtensionMethod_RegistersAllServices" methodname="ExtensionMethod_RegistersAllServices" classname="IrsikSoftware.LogSmith.Tests.VContainerIntegrationTests" runstate="Runnable" seed="1050990347" result="Passed" start-time="2025-10-01 07:19:19Z" end-time="2025-10-01 07:19:19Z" duration="0.001204" asserts="0">
                <properties>
                  <property name="retryIteration" value="0" />
                  <property name="repeatIteration" value="0" />
                </properties>
                <output><![CDATA[[LogSmith] UnityLoggingBootstrap initialized - Console: True, File: False, Rotation: True, Format: Text
]]></output>
              </test-case>
              <test-case id="1218" name="ExtensionMethod_WithConsoleSinkEnabled_RegistersConsoleSink" fullname="IrsikSoftware.LogSmith.Tests.VContainerIntegrationTests.ExtensionMethod_WithConsoleSinkEnabled_RegistersConsoleSink" methodname="ExtensionMethod_WithConsoleSinkEnabled_RegistersConsoleSink" classname="IrsikSoftware.LogSmith.Tests.VContainerIntegrationTests" runstate="Runnable" seed="2090922750" result="Passed" start-time="2025-10-01 07:19:19Z" end-time="2025-10-01 07:19:19Z" duration="0.001069" asserts="0">
                <properties>
                  <property name="retryIteration" value="0" />
                  <property name="repeatIteration" value="0" />
                </properties>
                <output><![CDATA[[LogSmith] UnityLoggingBootstrap initialized - Console: True, File: False, Rotation: True, Format: Text
]]></output>
              </test-case>
              <test-case id="1222" name="LoggingLifetimeScope_CanLogMessages" fullname="IrsikSoftware.LogSmith.Tests.VContainerIntegrationTests.LoggingLifetimeScope_CanLogMessages" methodname="LoggingLifetimeScope_CanLogMessages" classname="IrsikSoftware.LogSmith.Tests.VContainerIntegrationTests" runstate="Runnable" seed="974356352" result="Passed" start-time="2025-10-01 07:19:19Z" end-time="2025-10-01 07:19:19Z" duration="0.015269" asserts="0">
                <properties>
                  <property name="retryIteration" value="0" />
                  <property name="repeatIteration" value="0" />
                </properties>
              </test-case>
              <test-case id="1221" name="LoggingLifetimeScope_ConfiguresContainer" fullname="IrsikSoftware.LogSmith.Tests.VContainerIntegrationTests.LoggingLifetimeScope_ConfiguresContainer" methodname="LoggingLifetimeScope_ConfiguresContainer" classname="IrsikSoftware.LogSmith.Tests.VContainerIntegrationTests" runstate="Runnable" seed="918515315" result="Passed" start-time="2025-10-01 07:19:19Z" end-time="2025-10-01 07:19:19Z" duration="0.000653" asserts="0">
                <properties>
                  <property name="retryIteration" value="0" />
                  <property name="repeatIteration" value="0" />
                </properties>
              </test-case>
              <test-case id="1225" name="LogSmith_CreateLogger_WorksInBothModes" fullname="IrsikSoftware.LogSmith.Tests.VContainerIntegrationTests.LogSmith_CreateLogger_WorksInBothModes" methodname="LogSmith_CreateLogger_WorksInBothModes" classname="IrsikSoftware.LogSmith.Tests.VContainerIntegrationTests" runstate="Runnable" seed="479235950" result="Passed" start-time="2025-10-01 07:19:19Z" end-time="2025-10-01 07:19:19Z" duration="0.001452" asserts="0">
                <properties>
                  <property name="retryIteration" value="0" />
                  <property name="repeatIteration" value="0" />
                </properties>
                <output><![CDATA[[LogSmith] UnityLoggingBootstrap initialized - Console: True, File: False, Rotation: True, Format: Text
]]></output>
              </test-case>
              <test-case id="1226" name="LogSmith_Resolve_WorksOnlyWithVContainer" fullname="IrsikSoftware.LogSmith.Tests.VContainerIntegrationTests.LogSmith_Resolve_WorksOnlyWithVContainer" methodname="LogSmith_Resolve_WorksOnlyWithVContainer" classname="IrsikSoftware.LogSmith.Tests.VContainerIntegrationTests" runstate="Runnable" seed="808898077" result="Passed" start-time="2025-10-01 07:19:19Z" end-time="2025-10-01 07:19:19Z" duration="0.001411" asserts="0">
                <properties>
                  <property name="retryIteration" value="0" />
                  <property name="repeatIteration" value="0" />
                </properties>
                <output><![CDATA[[LogSmith] UnityLoggingBootstrap initialized - Console: True, File: False, Rotation: True, Format: Text
]]></output>
              </test-case>
              <test-case id="1224" name="LogSmith_WithoutVContainerScope_UsesStaticFallback" fullname="IrsikSoftware.LogSmith.Tests.VContainerIntegrationTests.LogSmith_WithoutVContainerScope_UsesStaticFallback" methodname="LogSmith_WithoutVContainerScope_UsesStaticFallback" classname="IrsikSoftware.LogSmith.Tests.VContainerIntegrationTests" runstate="Runnable" seed="358638297" result="Passed" start-time="2025-10-01 07:19:19Z" end-time="2025-10-01 07:19:19Z" duration="0.000861" asserts="0">
                <properties>
                  <property name="retryIteration" value="0" />
                  <property name="repeatIteration" value="0" />
                </properties>
                <output><![CDATA[[LogSmith] UnityLoggingBootstrap initialized - Console: True, File: False, Rotation: True, Format: Text
]]></output>
              </test-case>
              <test-case id="1223" name="LogSmith_WithVContainerScope_UsesVContainer" fullname="IrsikSoftware.LogSmith.Tests.VContainerIntegrationTests.LogSmith_WithVContainerScope_UsesVContainer" methodname="LogSmith_WithVContainerScope_UsesVContainer" classname="IrsikSoftware.LogSmith.Tests.VContainerIntegrationTests" runstate="Runnable" seed="602979753" result="Passed" start-time="2025-10-01 07:19:19Z" end-time="2025-10-01 07:19:19Z" duration="0.000627" asserts="0">
                <properties>
                  <property name="retryIteration" value="0" />
                  <property name="repeatIteration" value="0" />
                </properties>
              </test-case>
              <test-case id="1227" name="ResolvedLogger_ProducesSameOutputAcrossModes" fullname="IrsikSoftware.LogSmith.Tests.VContainerIntegrationTests.ResolvedLogger_ProducesSameOutputAcrossModes" methodname="ResolvedLogger_ProducesSameOutputAcrossModes" classname="IrsikSoftware.LogSmith.Tests.VContainerIntegrationTests" runstate="Runnable" seed="81998998" result="Passed" start-time="2025-10-01 07:19:19Z" end-time="2025-10-01 07:19:19Z" duration="0.005046" asserts="0">
                <properties>
                  <property name="retryIteration" value="0" />
                  <property name="repeatIteration" value="0" />
                </properties>
                <output><![CDATA[[LogSmith] UnityLoggingBootstrap initialized - Console: True, File: False, Rotation: True, Format: Text
Saving results to: C:/Users/Ender/AppData/LocalLow/DefaultCompany/LogSmith\TestResults.xml
]]></output>
              </test-case>
            </test-suite>
          </test-suite>
        </test-suite>
      </test-suite>
    </test-suite>
  </test-suite>
</test-run>